<?xml version="1.0" encoding="utf-8"?>
<CoverageSession xmlns:xsd="http://www.w3.org/2001/XMLSchema" xmlns:xsi="http://www.w3.org/2001/XMLSchema-instance" Version="0.0.0.0">
  <Summary numSequencePoints="42" visitedSequencePoints="26" numBranchPoints="0" visitedBranchPoints="0" sequenceCoverage="61.90" branchCoverage="0.0" maxCyclomaticComplexity="10" minCyclomaticComplexity="1" maxCrapScore="54.23" minCrapScore="1" visitedClasses="2" numClasses="2" visitedMethods="4" numMethods="4" />
  <Modules>
    <Module>
      <Summary numSequencePoints="42" visitedSequencePoints="26" numBranchPoints="0" visitedBranchPoints="0" sequenceCoverage="61.90" branchCoverage="0.0" maxCyclomaticComplexity="10" minCyclomaticComplexity="1" maxCrapScore="54.23" minCrapScore="1" visitedClasses="2" numClasses="2" visitedMethods="4" numMethods="4" />
      <ModuleTime>0001-01-01T00:00:00</ModuleTime>
      <ModuleName>Tests</ModuleName>
      <Files>
        <File uid="32" fullPath="E:/documents/Conway/Assets/Tests/NewTestScript.cs" />
      </Files>
      <Classes>
        <Class>
          <Summary numSequencePoints="21" visitedSequencePoints="21" numBranchPoints="0" visitedBranchPoints="0" sequenceCoverage="100.0" branchCoverage="0.0" maxCyclomaticComplexity="2" minCyclomaticComplexity="1" maxCrapScore="2" minCrapScore="1" visitedClasses="1" numClasses="1" visitedMethods="3" numMethods="3" />
          <FullName>UpdateColorTests</FullName>
          <Methods>
            <Method visited="true" cyclomaticComplexity="1" nPathComplexity="0" sequenceCoverage="100.0" branchCoverage="0" crapScore="1" isConstructor="false" isStatic="false" isGetter="false" isSetter="false">
              <Summary numSequencePoints="5" visitedSequencePoints="5" numBranchPoints="0" visitedBranchPoints="0" sequenceCoverage="100.0" branchCoverage="0" maxCyclomaticComplexity="1" minCyclomaticComplexity="1" maxCrapScore="1" minCrapScore="1" visitedClasses="0" numClasses="0" visitedMethods="1" numMethods="1" />
              <MetadataToken>100663334</MetadataToken>
              <Name>System.Void UpdateColorTests::Setup()</Name>
              <FileRef uid="32" />
              <SequencePoints>
                <SequencePoint vc="1" uspid="99782" ordinal="0" offset="0" sl="732" sc="5" el="732" ec="5" bec="0" bev="0" fileid="32">
                  <TrackedMethodRefs>
                    <TrackedMethodRef uid="0" vc="1" />
                  </TrackedMethodRefs>
                </SequencePoint>
                <SequencePoint vc="1" uspid="99783" ordinal="0" offset="1" sl="733" sc="9" el="733" ec="9" bec="0" bev="0" fileid="32">
                  <TrackedMethodRefs>
                    <TrackedMethodRef uid="0" vc="1" />
                  </TrackedMethodRefs>
                </SequencePoint>
                <SequencePoint vc="1" uspid="99784" ordinal="0" offset="17" sl="734" sc="9" el="734" ec="9" bec="0" bev="0" fileid="32">
                  <TrackedMethodRefs>
                    <TrackedMethodRef uid="0" vc="1" />
                  </TrackedMethodRefs>
                </SequencePoint>
                <SequencePoint vc="1" uspid="99785" ordinal="0" offset="34" sl="735" sc="9" el="735" ec="9" bec="0" bev="0" fileid="32">
                  <TrackedMethodRefs>
                    <TrackedMethodRef uid="0" vc="1" />
                  </TrackedMethodRefs>
                </SequencePoint>
                <SequencePoint vc="1" uspid="99786" ordinal="0" offset="56" sl="736" sc="5" el="736" ec="5" bec="0" bev="0" fileid="32">
                  <TrackedMethodRefs>
                    <TrackedMethodRef uid="0" vc="1" />
                  </TrackedMethodRefs>
                </SequencePoint>
              </SequencePoints>
              <BranchPoints />
            </Method>
            <Method visited="true" cyclomaticComplexity="2" nPathComplexity="0" sequenceCoverage="100.0" branchCoverage="0" crapScore="2" isConstructor="false" isStatic="false" isGetter="false" isSetter="false">
              <Summary numSequencePoints="4" visitedSequencePoints="4" numBranchPoints="0" visitedBranchPoints="0" sequenceCoverage="100.0" branchCoverage="0" maxCyclomaticComplexity="2" minCyclomaticComplexity="2" maxCrapScore="2" minCrapScore="2" visitedClasses="0" numClasses="0" visitedMethods="1" numMethods="1" />
              <MetadataToken>100663335</MetadataToken>
              <Name>System.Void UpdateColorTests::TearDown()</Name>
              <FileRef uid="32" />
              <SequencePoints>
                <SequencePoint vc="1" uspid="99787" ordinal="0" offset="0" sl="740" sc="5" el="740" ec="5" bec="0" bev="0" fileid="32">
                  <TrackedMethodRefs>
                    <TrackedMethodRef uid="0" vc="1" />
                  </TrackedMethodRefs>
                </SequencePoint>
                <SequencePoint vc="1" uspid="99788" ordinal="0" offset="1" sl="741" sc="9" el="741" ec="9" bec="0" bev="0" fileid="32">
                  <TrackedMethodRefs>
                    <TrackedMethodRef uid="0" vc="1" />
                  </TrackedMethodRefs>
                </SequencePoint>
                <SequencePoint vc="1" uspid="99789" ordinal="0" offset="17" sl="742" sc="13" el="742" ec="13" bec="0" bev="0" fileid="32">
                  <TrackedMethodRefs>
                    <TrackedMethodRef uid="0" vc="1" />
                  </TrackedMethodRefs>
                </SequencePoint>
                <SequencePoint vc="1" uspid="99790" ordinal="0" offset="29" sl="743" sc="5" el="743" ec="5" bec="0" bev="0" fileid="32">
                  <TrackedMethodRefs>
                    <TrackedMethodRef uid="0" vc="1" />
                  </TrackedMethodRefs>
                </SequencePoint>
              </SequencePoints>
              <BranchPoints />
            </Method>
            <Method visited="true" cyclomaticComplexity="2" nPathComplexity="0" sequenceCoverage="100.0" branchCoverage="0" crapScore="2" isConstructor="false" isStatic="false" isGetter="false" isSetter="false">
              <Summary numSequencePoints="12" visitedSequencePoints="12" numBranchPoints="0" visitedBranchPoints="0" sequenceCoverage="100.0" branchCoverage="0" maxCyclomaticComplexity="2" minCyclomaticComplexity="2" maxCrapScore="2" minCrapScore="2" visitedClasses="0" numClasses="0" visitedMethods="1" numMethods="1" />
              <MetadataToken>100663354</MetadataToken>
              <Name>System.Void UpdateColorTests::UpdateColor_DefaultCase_MultipleInvalidValues_AlwaysSetsGreen()</Name>
              <FileRef uid="32" />
              <SequencePoints>
                <SequencePoint vc="1" uspid="99907" ordinal="0" offset="0" sl="1021" sc="5" el="1021" ec="5" bec="0" bev="0" fileid="32">
                  <TrackedMethodRefs>
                    <TrackedMethodRef uid="0" vc="1" />
                  </TrackedMethodRefs>
                </SequencePoint>
                <SequencePoint vc="1" uspid="99908" ordinal="0" offset="1" sl="1023" sc="9" el="1023" ec="9" bec="0" bev="0" fileid="32">
                  <TrackedMethodRefs>
                    <TrackedMethodRef uid="0" vc="1" />
                  </TrackedMethodRefs>
                </SequencePoint>
                <SequencePoint vc="1" uspid="99909" ordinal="0" offset="19" sl="1025" sc="9" el="1025" ec="9" bec="0" bev="0" fileid="32">
                  <TrackedMethodRefs>
                    <TrackedMethodRef uid="0" vc="1" />
                  </TrackedMethodRefs>
                </SequencePoint>
                <SequencePoint vc="1" uspid="99910" ordinal="0" offset="20" sl="1025" sc="31" el="1025" ec="31" bec="0" bev="0" fileid="32">
                  <TrackedMethodRefs>
                    <TrackedMethodRef uid="0" vc="1" />
                  </TrackedMethodRefs>
                </SequencePoint>
                <SequencePoint vc="8" uspid="99911" ordinal="0" offset="26" sl="1025" sc="18" el="1025" ec="18" bec="0" bev="0" fileid="32">
                  <TrackedMethodRefs>
                    <TrackedMethodRef uid="0" vc="8" />
                  </TrackedMethodRefs>
                </SequencePoint>
                <SequencePoint vc="8" uspid="99912" ordinal="0" offset="30" sl="1026" sc="9" el="1026" ec="9" bec="0" bev="0" fileid="32">
                  <TrackedMethodRefs>
                    <TrackedMethodRef uid="0" vc="8" />
                  </TrackedMethodRefs>
                </SequencePoint>
                <SequencePoint vc="8" uspid="99913" ordinal="0" offset="31" sl="1027" sc="13" el="1027" ec="13" bec="0" bev="0" fileid="32">
                  <TrackedMethodRefs>
                    <TrackedMethodRef uid="0" vc="8" />
                  </TrackedMethodRefs>
                </SequencePoint>
                <SequencePoint vc="8" uspid="99914" ordinal="0" offset="43" sl="1028" sc="13" el="1028" ec="13" bec="0" bev="0" fileid="32">
                  <TrackedMethodRefs>
                    <TrackedMethodRef uid="0" vc="8" />
                  </TrackedMethodRefs>
                </SequencePoint>
                <SequencePoint vc="8" uspid="99915" ordinal="0" offset="55" sl="1029" sc="13" el="1029" ec="13" bec="0" bev="0" fileid="32">
                  <TrackedMethodRefs>
                    <TrackedMethodRef uid="0" vc="8" />
                  </TrackedMethodRefs>
                </SequencePoint>
                <SequencePoint vc="8" uspid="99916" ordinal="0" offset="113" sl="1031" sc="9" el="1031" ec="9" bec="0" bev="0" fileid="32">
                  <TrackedMethodRefs>
                    <TrackedMethodRef uid="0" vc="8" />
                  </TrackedMethodRefs>
                </SequencePoint>
                <SequencePoint vc="9" uspid="99917" ordinal="0" offset="118" sl="1025" sc="28" el="1025" ec="28" bec="0" bev="0" fileid="32">
                  <TrackedMethodRefs>
                    <TrackedMethodRef uid="0" vc="9" />
                  </TrackedMethodRefs>
                </SequencePoint>
                <SequencePoint vc="1" uspid="99918" ordinal="0" offset="124" sl="1032" sc="5" el="1032" ec="5" bec="0" bev="0" fileid="32">
                  <TrackedMethodRefs>
                    <TrackedMethodRef uid="0" vc="1" />
                  </TrackedMethodRefs>
                </SequencePoint>
              </SequencePoints>
              <BranchPoints />
            </Method>
          </Methods>
        </Class>
        <Class>
          <Summary numSequencePoints="21" visitedSequencePoints="5" numBranchPoints="0" visitedBranchPoints="0" sequenceCoverage="23.81" branchCoverage="0.0" maxCyclomaticComplexity="10" minCyclomaticComplexity="10" maxCrapScore="54.23" minCrapScore="54.23" visitedClasses="1" numClasses="1" visitedMethods="1" numMethods="1" />
          <FullName>UpdateColorTests/TestClass</FullName>
          <Methods>
            <Method visited="true" cyclomaticComplexity="10" nPathComplexity="0" sequenceCoverage="23.81" branchCoverage="0" crapScore="54.23" isConstructor="false" isStatic="false" isGetter="false" isSetter="false">
              <Summary numSequencePoints="21" visitedSequencePoints="5" numBranchPoints="0" visitedBranchPoints="0" sequenceCoverage="23.81" branchCoverage="0" maxCyclomaticComplexity="10" minCyclomaticComplexity="10" maxCrapScore="54.23" minCrapScore="54.23" visitedClasses="0" numClasses="0" visitedMethods="1" numMethods="1" />
              <MetadataToken>100663367</MetadataToken>
              <Name>System.Void UpdateColorTests/TestClass::UpdateColor()</Name>
              <FileRef uid="32" />
              <SequencePoints>
                <SequencePoint vc="8" uspid="99984" ordinal="0" offset="0" sl="696" sc="9" el="696" ec="9" bec="0" bev="0" fileid="32">
                  <TrackedMethodRefs>
                    <TrackedMethodRef uid="0" vc="8" />
                  </TrackedMethodRefs>
                </SequencePoint>
                <SequencePoint vc="8" uspid="99985" ordinal="0" offset="1" sl="697" sc="13" el="697" ec="13" bec="0" bev="0" fileid="32">
                  <TrackedMethodRefs>
                    <TrackedMethodRef uid="0" vc="8" />
                  </TrackedMethodRefs>
                </SequencePoint>
                <SequencePoint vc="0" uspid="99986" ordinal="0" offset="53" sl="700" sc="21" el="700" ec="21" bec="0" bev="0" fileid="32">
                  <TrackedMethodRefs>
                    <TrackedMethodRef uid="0" vc="0" />
                  </TrackedMethodRefs>
                </SequencePoint>
                <SequencePoint vc="0" uspid="99987" ordinal="0" offset="70" sl="701" sc="21" el="701" ec="21" bec="0" bev="0" fileid="32">
                  <TrackedMethodRefs>
                    <TrackedMethodRef uid="0" vc="0" />
                  </TrackedMethodRefs>
                </SequencePoint>
                <SequencePoint vc="0" uspid="99988" ordinal="0" offset="75" sl="703" sc="21" el="703" ec="21" bec="0" bev="0" fileid="32">
                  <TrackedMethodRefs>
                    <TrackedMethodRef uid="0" vc="0" />
                  </TrackedMethodRefs>
                </SequencePoint>
                <SequencePoint vc="0" uspid="99989" ordinal="0" offset="92" sl="704" sc="21" el="704" ec="21" bec="0" bev="0" fileid="32">
                  <TrackedMethodRefs>
                    <TrackedMethodRef uid="0" vc="0" />
                  </TrackedMethodRefs>
                </SequencePoint>
                <SequencePoint vc="0" uspid="99990" ordinal="0" offset="97" sl="706" sc="21" el="706" ec="21" bec="0" bev="0" fileid="32">
                  <TrackedMethodRefs>
                    <TrackedMethodRef uid="0" vc="0" />
                  </TrackedMethodRefs>
                </SequencePoint>
                <SequencePoint vc="0" uspid="99991" ordinal="0" offset="114" sl="707" sc="21" el="707" ec="21" bec="0" bev="0" fileid="32">
                  <TrackedMethodRefs>
                    <TrackedMethodRef uid="0" vc="0" />
                  </TrackedMethodRefs>
                </SequencePoint>
                <SequencePoint vc="0" uspid="99992" ordinal="0" offset="116" sl="709" sc="21" el="709" ec="21" bec="0" bev="0" fileid="32">
                  <TrackedMethodRefs>
                    <TrackedMethodRef uid="0" vc="0" />
                  </TrackedMethodRefs>
                </SequencePoint>
                <SequencePoint vc="0" uspid="99993" ordinal="0" offset="133" sl="710" sc="21" el="710" ec="21" bec="0" bev="0" fileid="32">
                  <TrackedMethodRefs>
                    <TrackedMethodRef uid="0" vc="0" />
                  </TrackedMethodRefs>
                </SequencePoint>
                <SequencePoint vc="0" uspid="99994" ordinal="0" offset="135" sl="712" sc="21" el="712" ec="21" bec="0" bev="0" fileid="32">
                  <TrackedMethodRefs>
                    <TrackedMethodRef uid="0" vc="0" />
                  </TrackedMethodRefs>
                </SequencePoint>
                <SequencePoint vc="0" uspid="99995" ordinal="0" offset="152" sl="713" sc="21" el="713" ec="21" bec="0" bev="0" fileid="32">
                  <TrackedMethodRefs>
                    <TrackedMethodRef uid="0" vc="0" />
                  </TrackedMethodRefs>
                </SequencePoint>
                <SequencePoint vc="0" uspid="99996" ordinal="0" offset="154" sl="715" sc="21" el="715" ec="21" bec="0" bev="0" fileid="32">
                  <TrackedMethodRefs>
                    <TrackedMethodRef uid="0" vc="0" />
                  </TrackedMethodRefs>
                </SequencePoint>
                <SequencePoint vc="0" uspid="99997" ordinal="0" offset="171" sl="716" sc="21" el="716" ec="21" bec="0" bev="0" fileid="32">
                  <TrackedMethodRefs>
                    <TrackedMethodRef uid="0" vc="0" />
                  </TrackedMethodRefs>
                </SequencePoint>
                <SequencePoint vc="0" uspid="99998" ordinal="0" offset="173" sl="718" sc="21" el="718" ec="21" bec="0" bev="0" fileid="32">
                  <TrackedMethodRefs>
                    <TrackedMethodRef uid="0" vc="0" />
                  </TrackedMethodRefs>
                </SequencePoint>
                <SequencePoint vc="0" uspid="99999" ordinal="0" offset="190" sl="719" sc="21" el="719" ec="21" bec="0" bev="0" fileid="32">
                  <TrackedMethodRefs>
                    <TrackedMethodRef uid="0" vc="0" />
                  </TrackedMethodRefs>
                </SequencePoint>
                <SequencePoint vc="0" uspid="100000" ordinal="0" offset="192" sl="721" sc="21" el="721" ec="21" bec="0" bev="0" fileid="32">
                  <TrackedMethodRefs>
                    <TrackedMethodRef uid="0" vc="0" />
                  </TrackedMethodRefs>
                </SequencePoint>
                <SequencePoint vc="0" uspid="100001" ordinal="0" offset="209" sl="722" sc="21" el="722" ec="21" bec="0" bev="0" fileid="32">
                  <TrackedMethodRefs>
                    <TrackedMethodRef uid="0" vc="0" />
                  </TrackedMethodRefs>
                </SequencePoint>
                <SequencePoint vc="8" uspid="100002" ordinal="0" offset="211" sl="724" sc="21" el="724" ec="21" bec="0" bev="0" fileid="32">
                  <TrackedMethodRefs>
                    <TrackedMethodRef uid="0" vc="8" />
                  </TrackedMethodRefs>
                </SequencePoint>
                <SequencePoint vc="8" uspid="100003" ordinal="0" offset="228" sl="725" sc="21" el="725" ec="21" bec="0" bev="0" fileid="32">
                  <TrackedMethodRefs>
                    <TrackedMethodRef uid="0" vc="8" />
                  </TrackedMethodRefs>
                </SequencePoint>
                <SequencePoint vc="8" uspid="100004" ordinal="0" offset="230" sl="727" sc="9" el="727" ec="9" bec="0" bev="0" fileid="32">
                  <TrackedMethodRefs>
                    <TrackedMethodRef uid="0" vc="8" />
                  </TrackedMethodRefs>
                </SequencePoint>
              </SequencePoints>
              <BranchPoints />
            </Method>
          </Methods>
        </Class>
      </Classes>
      <TrackedMethods>
        <TrackedMethod uid="0" token="100663354" name="System.Void UpdateColorTests::UpdateColor_DefaultCase_MultipleInvalidValues_AlwaysSetsGreen()" strategy="Test" />
      </TrackedMethods>
    </Module>
  </Modules>
</CoverageSession>