<?xml version="1.0" encoding="utf-8"?>
<CoverageSession xmlns:xsd="http://www.w3.org/2001/XMLSchema" xmlns:xsi="http://www.w3.org/2001/XMLSchema-instance" Version="0.0.0.0">
  <Summary numSequencePoints="32" visitedSequencePoints="17" numBranchPoints="0" visitedBranchPoints="0" sequenceCoverage="53.12" branchCoverage="0.0" maxCyclomaticComplexity="9" minCyclomaticComplexity="1" maxCrapScore="34.67" minCrapScore="1" visitedClasses="2" numClasses="2" visitedMethods="3" numMethods="3" />
  <Modules>
    <Module>
      <Summary numSequencePoints="32" visitedSequencePoints="17" numBranchPoints="0" visitedBranchPoints="0" sequenceCoverage="53.12" branchCoverage="0.0" maxCyclomaticComplexity="9" minCyclomaticComplexity="1" maxCrapScore="34.67" minCrapScore="1" visitedClasses="2" numClasses="2" visitedMethods="3" numMethods="3" />
      <ModuleTime>0001-01-01T00:00:00</ModuleTime>
      <ModuleName>Tests</ModuleName>
      <Files>
        <File uid="32" fullPath="E:/documents/Conway/Assets/Tests/NewTestScript.cs" />
      </Files>
      <Classes>
        <Class>
          <Summary numSequencePoints="10" visitedSequencePoints="10" numBranchPoints="0" visitedBranchPoints="0" sequenceCoverage="100.0" branchCoverage="0.0" maxCyclomaticComplexity="1" minCyclomaticComplexity="1" maxCrapScore="1" minCrapScore="1" visitedClasses="1" numClasses="1" visitedMethods="2" numMethods="2" />
          <FullName>PivotStructureTests</FullName>
          <Methods>
            <Method visited="true" cyclomaticComplexity="1" nPathComplexity="0" sequenceCoverage="100.0" branchCoverage="0" crapScore="1" isConstructor="false" isStatic="false" isGetter="false" isSetter="false">
              <Summary numSequencePoints="3" visitedSequencePoints="3" numBranchPoints="0" visitedBranchPoints="0" sequenceCoverage="100.0" branchCoverage="0" maxCyclomaticComplexity="1" minCyclomaticComplexity="1" maxCrapScore="1" minCrapScore="1" visitedClasses="0" numClasses="0" visitedMethods="1" numMethods="1" />
              <MetadataToken>100663308</MetadataToken>
              <Name>System.Void PivotStructureTests::Setup()</Name>
              <FileRef uid="32" />
              <SequencePoints>
                <SequencePoint vc="1" uspid="10419" ordinal="0" offset="0" sl="220" sc="5" el="220" ec="5" bec="0" bev="0" fileid="32">
                  <TrackedMethodRefs>
                    <TrackedMethodRef uid="0" vc="1" />
                  </TrackedMethodRefs>
                </SequencePoint>
                <SequencePoint vc="1" uspid="10420" ordinal="0" offset="1" sl="221" sc="9" el="221" ec="9" bec="0" bev="0" fileid="32">
                  <TrackedMethodRefs>
                    <TrackedMethodRef uid="0" vc="1" />
                  </TrackedMethodRefs>
                </SequencePoint>
                <SequencePoint vc="1" uspid="10421" ordinal="0" offset="12" sl="222" sc="5" el="222" ec="5" bec="0" bev="0" fileid="32">
                  <TrackedMethodRefs>
                    <TrackedMethodRef uid="0" vc="1" />
                  </TrackedMethodRefs>
                </SequencePoint>
              </SequencePoints>
              <BranchPoints />
            </Method>
            <Method visited="true" cyclomaticComplexity="1" nPathComplexity="0" sequenceCoverage="100.0" branchCoverage="0" crapScore="1" isConstructor="false" isStatic="false" isGetter="false" isSetter="false">
              <Summary numSequencePoints="7" visitedSequencePoints="7" numBranchPoints="0" visitedBranchPoints="0" sequenceCoverage="100.0" branchCoverage="0" maxCyclomaticComplexity="1" minCyclomaticComplexity="1" maxCrapScore="1" minCrapScore="1" visitedClasses="0" numClasses="0" visitedMethods="1" numMethods="1" />
              <MetadataToken>100663309</MetadataToken>
              <Name>System.Void PivotStructureTests::PivotStructure_FromBottomRight_TransitionsToBottomLeft()</Name>
              <FileRef uid="32" />
              <SequencePoints>
                <SequencePoint vc="1" uspid="10422" ordinal="0" offset="0" sl="226" sc="5" el="226" ec="5" bec="0" bev="0" fileid="32">
                  <TrackedMethodRefs>
                    <TrackedMethodRef uid="0" vc="1" />
                  </TrackedMethodRefs>
                </SequencePoint>
                <SequencePoint vc="1" uspid="10423" ordinal="0" offset="1" sl="228" sc="9" el="228" ec="9" bec="0" bev="0" fileid="32">
                  <TrackedMethodRefs>
                    <TrackedMethodRef uid="0" vc="1" />
                  </TrackedMethodRefs>
                </SequencePoint>
                <SequencePoint vc="1" uspid="10424" ordinal="0" offset="13" sl="229" sc="9" el="229" ec="9" bec="0" bev="0" fileid="32">
                  <TrackedMethodRefs>
                    <TrackedMethodRef uid="0" vc="1" />
                  </TrackedMethodRefs>
                </SequencePoint>
                <SequencePoint vc="1" uspid="10425" ordinal="0" offset="25" sl="232" sc="9" el="232" ec="9" bec="0" bev="0" fileid="32">
                  <TrackedMethodRefs>
                    <TrackedMethodRef uid="0" vc="1" />
                  </TrackedMethodRefs>
                </SequencePoint>
                <SequencePoint vc="1" uspid="10426" ordinal="0" offset="37" sl="235" sc="9" el="235" ec="9" bec="0" bev="0" fileid="32">
                  <TrackedMethodRefs>
                    <TrackedMethodRef uid="0" vc="1" />
                  </TrackedMethodRefs>
                </SequencePoint>
                <SequencePoint vc="1" uspid="10427" ordinal="0" offset="75" sl="236" sc="9" el="236" ec="9" bec="0" bev="0" fileid="32">
                  <TrackedMethodRefs>
                    <TrackedMethodRef uid="0" vc="1" />
                  </TrackedMethodRefs>
                </SequencePoint>
                <SequencePoint vc="1" uspid="10428" ordinal="0" offset="113" sl="237" sc="5" el="237" ec="5" bec="0" bev="0" fileid="32">
                  <TrackedMethodRefs>
                    <TrackedMethodRef uid="0" vc="1" />
                  </TrackedMethodRefs>
                </SequencePoint>
              </SequencePoints>
              <BranchPoints />
            </Method>
          </Methods>
        </Class>
        <Class>
          <Summary numSequencePoints="22" visitedSequencePoints="7" numBranchPoints="0" visitedBranchPoints="0" sequenceCoverage="31.82" branchCoverage="0.0" maxCyclomaticComplexity="9" minCyclomaticComplexity="9" maxCrapScore="34.67" minCrapScore="34.67" visitedClasses="1" numClasses="1" visitedMethods="1" numMethods="1" />
          <FullName>PivotStructureTests/TestClass</FullName>
          <Methods>
            <Method visited="true" cyclomaticComplexity="9" nPathComplexity="0" sequenceCoverage="31.82" branchCoverage="0" crapScore="34.67" isConstructor="false" isStatic="false" isGetter="false" isSetter="false">
              <Summary numSequencePoints="22" visitedSequencePoints="7" numBranchPoints="0" visitedBranchPoints="0" sequenceCoverage="31.82" branchCoverage="0" maxCyclomaticComplexity="9" minCyclomaticComplexity="9" maxCrapScore="34.67" minCrapScore="34.67" visitedClasses="0" numClasses="0" visitedMethods="1" numMethods="1" />
              <MetadataToken>100663361</MetadataToken>
              <Name>System.Void PivotStructureTests/TestClass::PivotStructure()</Name>
              <FileRef uid="32" />
              <SequencePoints>
                <SequencePoint vc="1" uspid="10808" ordinal="0" offset="0" sl="194" sc="9" el="194" ec="9" bec="0" bev="0" fileid="32">
                  <TrackedMethodRefs>
                    <TrackedMethodRef uid="0" vc="1" />
                  </TrackedMethodRefs>
                </SequencePoint>
                <SequencePoint vc="1" uspid="10809" ordinal="0" offset="1" sl="195" sc="13" el="195" ec="13" bec="0" bev="0" fileid="32">
                  <TrackedMethodRefs>
                    <TrackedMethodRef uid="0" vc="1" />
                  </TrackedMethodRefs>
                </SequencePoint>
                <SequencePoint vc="1" uspid="10810" ordinal="0" offset="25" sl="196" sc="13" el="196" ec="13" bec="0" bev="0" fileid="32">
                  <TrackedMethodRefs>
                    <TrackedMethodRef uid="0" vc="1" />
                  </TrackedMethodRefs>
                </SequencePoint>
                <SequencePoint vc="1" uspid="10811" ordinal="0" offset="26" sl="197" sc="17" el="197" ec="17" bec="0" bev="0" fileid="32">
                  <TrackedMethodRefs>
                    <TrackedMethodRef uid="0" vc="1" />
                  </TrackedMethodRefs>
                </SequencePoint>
                <SequencePoint vc="1" uspid="10812" ordinal="0" offset="33" sl="198" sc="17" el="198" ec="17" bec="0" bev="0" fileid="32">
                  <TrackedMethodRefs>
                    <TrackedMethodRef uid="0" vc="1" />
                  </TrackedMethodRefs>
                </SequencePoint>
                <SequencePoint vc="1" uspid="10813" ordinal="0" offset="40" sl="199" sc="13" el="199" ec="13" bec="0" bev="0" fileid="32">
                  <TrackedMethodRefs>
                    <TrackedMethodRef uid="0" vc="1" />
                  </TrackedMethodRefs>
                </SequencePoint>
                <SequencePoint vc="0" uspid="10814" ordinal="0" offset="43" sl="200" sc="18" el="200" ec="18" bec="0" bev="0" fileid="32">
                  <TrackedMethodRefs>
                    <TrackedMethodRef uid="0" vc="0" />
                  </TrackedMethodRefs>
                </SequencePoint>
                <SequencePoint vc="0" uspid="10815" ordinal="0" offset="68" sl="201" sc="13" el="201" ec="13" bec="0" bev="0" fileid="32">
                  <TrackedMethodRefs>
                    <TrackedMethodRef uid="0" vc="0" />
                  </TrackedMethodRefs>
                </SequencePoint>
                <SequencePoint vc="0" uspid="10816" ordinal="0" offset="69" sl="202" sc="17" el="202" ec="17" bec="0" bev="0" fileid="32">
                  <TrackedMethodRefs>
                    <TrackedMethodRef uid="0" vc="0" />
                  </TrackedMethodRefs>
                </SequencePoint>
                <SequencePoint vc="0" uspid="10817" ordinal="0" offset="76" sl="203" sc="17" el="203" ec="17" bec="0" bev="0" fileid="32">
                  <TrackedMethodRefs>
                    <TrackedMethodRef uid="0" vc="0" />
                  </TrackedMethodRefs>
                </SequencePoint>
                <SequencePoint vc="0" uspid="10818" ordinal="0" offset="83" sl="204" sc="13" el="204" ec="13" bec="0" bev="0" fileid="32">
                  <TrackedMethodRefs>
                    <TrackedMethodRef uid="0" vc="0" />
                  </TrackedMethodRefs>
                </SequencePoint>
                <SequencePoint vc="0" uspid="10819" ordinal="0" offset="86" sl="205" sc="18" el="205" ec="18" bec="0" bev="0" fileid="32">
                  <TrackedMethodRefs>
                    <TrackedMethodRef uid="0" vc="0" />
                  </TrackedMethodRefs>
                </SequencePoint>
                <SequencePoint vc="0" uspid="10820" ordinal="0" offset="111" sl="206" sc="13" el="206" ec="13" bec="0" bev="0" fileid="32">
                  <TrackedMethodRefs>
                    <TrackedMethodRef uid="0" vc="0" />
                  </TrackedMethodRefs>
                </SequencePoint>
                <SequencePoint vc="0" uspid="10821" ordinal="0" offset="112" sl="207" sc="17" el="207" ec="17" bec="0" bev="0" fileid="32">
                  <TrackedMethodRefs>
                    <TrackedMethodRef uid="0" vc="0" />
                  </TrackedMethodRefs>
                </SequencePoint>
                <SequencePoint vc="0" uspid="10822" ordinal="0" offset="119" sl="208" sc="17" el="208" ec="17" bec="0" bev="0" fileid="32">
                  <TrackedMethodRefs>
                    <TrackedMethodRef uid="0" vc="0" />
                  </TrackedMethodRefs>
                </SequencePoint>
                <SequencePoint vc="0" uspid="10823" ordinal="0" offset="126" sl="209" sc="13" el="209" ec="13" bec="0" bev="0" fileid="32">
                  <TrackedMethodRefs>
                    <TrackedMethodRef uid="0" vc="0" />
                  </TrackedMethodRefs>
                </SequencePoint>
                <SequencePoint vc="0" uspid="10824" ordinal="0" offset="129" sl="210" sc="18" el="210" ec="18" bec="0" bev="0" fileid="32">
                  <TrackedMethodRefs>
                    <TrackedMethodRef uid="0" vc="0" />
                  </TrackedMethodRefs>
                </SequencePoint>
                <SequencePoint vc="0" uspid="10825" ordinal="0" offset="153" sl="211" sc="13" el="211" ec="13" bec="0" bev="0" fileid="32">
                  <TrackedMethodRefs>
                    <TrackedMethodRef uid="0" vc="0" />
                  </TrackedMethodRefs>
                </SequencePoint>
                <SequencePoint vc="0" uspid="10826" ordinal="0" offset="154" sl="212" sc="17" el="212" ec="17" bec="0" bev="0" fileid="32">
                  <TrackedMethodRefs>
                    <TrackedMethodRef uid="0" vc="0" />
                  </TrackedMethodRefs>
                </SequencePoint>
                <SequencePoint vc="0" uspid="10827" ordinal="0" offset="161" sl="213" sc="17" el="213" ec="17" bec="0" bev="0" fileid="32">
                  <TrackedMethodRefs>
                    <TrackedMethodRef uid="0" vc="0" />
                  </TrackedMethodRefs>
                </SequencePoint>
                <SequencePoint vc="0" uspid="10828" ordinal="0" offset="168" sl="214" sc="13" el="214" ec="13" bec="0" bev="0" fileid="32">
                  <TrackedMethodRefs>
                    <TrackedMethodRef uid="0" vc="0" />
                  </TrackedMethodRefs>
                </SequencePoint>
                <SequencePoint vc="1" uspid="10829" ordinal="0" offset="169" sl="215" sc="9" el="215" ec="9" bec="0" bev="0" fileid="32">
                  <TrackedMethodRefs>
                    <TrackedMethodRef uid="0" vc="1" />
                  </TrackedMethodRefs>
                </SequencePoint>
              </SequencePoints>
              <BranchPoints />
            </Method>
          </Methods>
        </Class>
      </Classes>
      <TrackedMethods>
        <TrackedMethod uid="0" token="100663309" name="System.Void PivotStructureTests::PivotStructure_FromBottomRight_TransitionsToBottomLeft()" strategy="Test" />
      </TrackedMethods>
    </Module>
  </Modules>
</CoverageSession>