<?xml version="1.0" encoding="utf-8"?>
<CoverageSession xmlns:xsd="http://www.w3.org/2001/XMLSchema" xmlns:xsi="http://www.w3.org/2001/XMLSchema-instance" Version="0.0.0.0">
  <Summary numSequencePoints="35" visitedSequencePoints="19" numBranchPoints="0" visitedBranchPoints="0" sequenceCoverage="54.29" branchCoverage="0.0" maxCyclomaticComplexity="10" minCyclomaticComplexity="1" maxCrapScore="54.23" minCrapScore="1" visitedClasses="2" numClasses="2" visitedMethods="4" numMethods="4" />
  <Modules>
    <Module>
      <Summary numSequencePoints="35" visitedSequencePoints="19" numBranchPoints="0" visitedBranchPoints="0" sequenceCoverage="54.29" branchCoverage="0.0" maxCyclomaticComplexity="10" minCyclomaticComplexity="1" maxCrapScore="54.23" minCrapScore="1" visitedClasses="2" numClasses="2" visitedMethods="4" numMethods="4" />
      <ModuleTime>0001-01-01T00:00:00</ModuleTime>
      <ModuleName>Tests</ModuleName>
      <Files>
        <File uid="32" fullPath="E:/documents/Conway/Assets/Tests/NewTestScript.cs" />
      </Files>
      <Classes>
        <Class>
          <Summary numSequencePoints="14" visitedSequencePoints="14" numBranchPoints="0" visitedBranchPoints="0" sequenceCoverage="100.0" branchCoverage="0.0" maxCyclomaticComplexity="2" minCyclomaticComplexity="1" maxCrapScore="2" minCrapScore="1" visitedClasses="1" numClasses="1" visitedMethods="3" numMethods="3" />
          <FullName>UpdateColorTests</FullName>
          <Methods>
            <Method visited="true" cyclomaticComplexity="1" nPathComplexity="0" sequenceCoverage="100.0" branchCoverage="0" crapScore="1" isConstructor="false" isStatic="false" isGetter="false" isSetter="false">
              <Summary numSequencePoints="5" visitedSequencePoints="5" numBranchPoints="0" visitedBranchPoints="0" sequenceCoverage="100.0" branchCoverage="0" maxCyclomaticComplexity="1" minCyclomaticComplexity="1" maxCrapScore="1" minCrapScore="1" visitedClasses="0" numClasses="0" visitedMethods="1" numMethods="1" />
              <MetadataToken>100663334</MetadataToken>
              <Name>System.Void UpdateColorTests::Setup()</Name>
              <FileRef uid="32" />
              <SequencePoints>
                <SequencePoint vc="1" uspid="75868" ordinal="0" offset="0" sl="732" sc="5" el="732" ec="5" bec="0" bev="0" fileid="32">
                  <TrackedMethodRefs>
                    <TrackedMethodRef uid="0" vc="1" />
                  </TrackedMethodRefs>
                </SequencePoint>
                <SequencePoint vc="1" uspid="75869" ordinal="0" offset="1" sl="733" sc="9" el="733" ec="9" bec="0" bev="0" fileid="32">
                  <TrackedMethodRefs>
                    <TrackedMethodRef uid="0" vc="1" />
                  </TrackedMethodRefs>
                </SequencePoint>
                <SequencePoint vc="1" uspid="75870" ordinal="0" offset="17" sl="734" sc="9" el="734" ec="9" bec="0" bev="0" fileid="32">
                  <TrackedMethodRefs>
                    <TrackedMethodRef uid="0" vc="1" />
                  </TrackedMethodRefs>
                </SequencePoint>
                <SequencePoint vc="1" uspid="75871" ordinal="0" offset="34" sl="735" sc="9" el="735" ec="9" bec="0" bev="0" fileid="32">
                  <TrackedMethodRefs>
                    <TrackedMethodRef uid="0" vc="1" />
                  </TrackedMethodRefs>
                </SequencePoint>
                <SequencePoint vc="1" uspid="75872" ordinal="0" offset="56" sl="736" sc="5" el="736" ec="5" bec="0" bev="0" fileid="32">
                  <TrackedMethodRefs>
                    <TrackedMethodRef uid="0" vc="1" />
                  </TrackedMethodRefs>
                </SequencePoint>
              </SequencePoints>
              <BranchPoints />
            </Method>
            <Method visited="true" cyclomaticComplexity="2" nPathComplexity="0" sequenceCoverage="100.0" branchCoverage="0" crapScore="2" isConstructor="false" isStatic="false" isGetter="false" isSetter="false">
              <Summary numSequencePoints="4" visitedSequencePoints="4" numBranchPoints="0" visitedBranchPoints="0" sequenceCoverage="100.0" branchCoverage="0" maxCyclomaticComplexity="2" minCyclomaticComplexity="2" maxCrapScore="2" minCrapScore="2" visitedClasses="0" numClasses="0" visitedMethods="1" numMethods="1" />
              <MetadataToken>100663335</MetadataToken>
              <Name>System.Void UpdateColorTests::TearDown()</Name>
              <FileRef uid="32" />
              <SequencePoints>
                <SequencePoint vc="1" uspid="75873" ordinal="0" offset="0" sl="740" sc="5" el="740" ec="5" bec="0" bev="0" fileid="32">
                  <TrackedMethodRefs>
                    <TrackedMethodRef uid="0" vc="1" />
                  </TrackedMethodRefs>
                </SequencePoint>
                <SequencePoint vc="1" uspid="75874" ordinal="0" offset="1" sl="741" sc="9" el="741" ec="9" bec="0" bev="0" fileid="32">
                  <TrackedMethodRefs>
                    <TrackedMethodRef uid="0" vc="1" />
                  </TrackedMethodRefs>
                </SequencePoint>
                <SequencePoint vc="1" uspid="75875" ordinal="0" offset="17" sl="742" sc="13" el="742" ec="13" bec="0" bev="0" fileid="32">
                  <TrackedMethodRefs>
                    <TrackedMethodRef uid="0" vc="1" />
                  </TrackedMethodRefs>
                </SequencePoint>
                <SequencePoint vc="1" uspid="75876" ordinal="0" offset="29" sl="743" sc="5" el="743" ec="5" bec="0" bev="0" fileid="32">
                  <TrackedMethodRefs>
                    <TrackedMethodRef uid="0" vc="1" />
                  </TrackedMethodRefs>
                </SequencePoint>
              </SequencePoints>
              <BranchPoints />
            </Method>
            <Method visited="true" cyclomaticComplexity="1" nPathComplexity="0" sequenceCoverage="100.0" branchCoverage="0" crapScore="1" isConstructor="false" isStatic="false" isGetter="false" isSetter="false">
              <Summary numSequencePoints="5" visitedSequencePoints="5" numBranchPoints="0" visitedBranchPoints="0" sequenceCoverage="100.0" branchCoverage="0" maxCyclomaticComplexity="1" minCyclomaticComplexity="1" maxCrapScore="1" minCrapScore="1" visitedClasses="0" numClasses="0" visitedMethods="1" numMethods="1" />
              <MetadataToken>100663338</MetadataToken>
              <Name>System.Void UpdateColorTests::UpdateColor_AliveFor2_SetsLightRed()</Name>
              <FileRef uid="32" />
              <SequencePoints>
                <SequencePoint vc="1" uspid="75887" ordinal="0" offset="0" sl="775" sc="5" el="775" ec="5" bec="0" bev="0" fileid="32">
                  <TrackedMethodRefs>
                    <TrackedMethodRef uid="0" vc="1" />
                  </TrackedMethodRefs>
                </SequencePoint>
                <SequencePoint vc="1" uspid="75888" ordinal="0" offset="1" sl="777" sc="9" el="777" ec="9" bec="0" bev="0" fileid="32">
                  <TrackedMethodRefs>
                    <TrackedMethodRef uid="0" vc="1" />
                  </TrackedMethodRefs>
                </SequencePoint>
                <SequencePoint vc="1" uspid="75889" ordinal="0" offset="13" sl="780" sc="9" el="780" ec="9" bec="0" bev="0" fileid="32">
                  <TrackedMethodRefs>
                    <TrackedMethodRef uid="0" vc="1" />
                  </TrackedMethodRefs>
                </SequencePoint>
                <SequencePoint vc="1" uspid="75890" ordinal="0" offset="25" sl="783" sc="9" el="783" ec="9" bec="0" bev="0" fileid="32">
                  <TrackedMethodRefs>
                    <TrackedMethodRef uid="0" vc="1" />
                  </TrackedMethodRefs>
                </SequencePoint>
                <SequencePoint vc="1" uspid="75891" ordinal="0" offset="72" sl="785" sc="5" el="785" ec="5" bec="0" bev="0" fileid="32">
                  <TrackedMethodRefs>
                    <TrackedMethodRef uid="0" vc="1" />
                  </TrackedMethodRefs>
                </SequencePoint>
              </SequencePoints>
              <BranchPoints />
            </Method>
          </Methods>
        </Class>
        <Class>
          <Summary numSequencePoints="21" visitedSequencePoints="5" numBranchPoints="0" visitedBranchPoints="0" sequenceCoverage="23.81" branchCoverage="0.0" maxCyclomaticComplexity="10" minCyclomaticComplexity="10" maxCrapScore="54.23" minCrapScore="54.23" visitedClasses="1" numClasses="1" visitedMethods="1" numMethods="1" />
          <FullName>UpdateColorTests/TestClass</FullName>
          <Methods>
            <Method visited="true" cyclomaticComplexity="10" nPathComplexity="0" sequenceCoverage="23.81" branchCoverage="0" crapScore="54.23" isConstructor="false" isStatic="false" isGetter="false" isSetter="false">
              <Summary numSequencePoints="21" visitedSequencePoints="5" numBranchPoints="0" visitedBranchPoints="0" sequenceCoverage="23.81" branchCoverage="0" maxCyclomaticComplexity="10" minCyclomaticComplexity="10" maxCrapScore="54.23" minCrapScore="54.23" visitedClasses="0" numClasses="0" visitedMethods="1" numMethods="1" />
              <MetadataToken>100663367</MetadataToken>
              <Name>System.Void UpdateColorTests/TestClass::UpdateColor()</Name>
              <FileRef uid="32" />
              <SequencePoints>
                <SequencePoint vc="1" uspid="76070" ordinal="0" offset="0" sl="696" sc="9" el="696" ec="9" bec="0" bev="0" fileid="32">
                  <TrackedMethodRefs>
                    <TrackedMethodRef uid="0" vc="1" />
                  </TrackedMethodRefs>
                </SequencePoint>
                <SequencePoint vc="1" uspid="76071" ordinal="0" offset="1" sl="697" sc="13" el="697" ec="13" bec="0" bev="0" fileid="32">
                  <TrackedMethodRefs>
                    <TrackedMethodRef uid="0" vc="1" />
                  </TrackedMethodRefs>
                </SequencePoint>
                <SequencePoint vc="0" uspid="76072" ordinal="0" offset="53" sl="700" sc="21" el="700" ec="21" bec="0" bev="0" fileid="32">
                  <TrackedMethodRefs>
                    <TrackedMethodRef uid="0" vc="0" />
                  </TrackedMethodRefs>
                </SequencePoint>
                <SequencePoint vc="0" uspid="76073" ordinal="0" offset="70" sl="701" sc="21" el="701" ec="21" bec="0" bev="0" fileid="32">
                  <TrackedMethodRefs>
                    <TrackedMethodRef uid="0" vc="0" />
                  </TrackedMethodRefs>
                </SequencePoint>
                <SequencePoint vc="0" uspid="76074" ordinal="0" offset="75" sl="703" sc="21" el="703" ec="21" bec="0" bev="0" fileid="32">
                  <TrackedMethodRefs>
                    <TrackedMethodRef uid="0" vc="0" />
                  </TrackedMethodRefs>
                </SequencePoint>
                <SequencePoint vc="0" uspid="76075" ordinal="0" offset="92" sl="704" sc="21" el="704" ec="21" bec="0" bev="0" fileid="32">
                  <TrackedMethodRefs>
                    <TrackedMethodRef uid="0" vc="0" />
                  </TrackedMethodRefs>
                </SequencePoint>
                <SequencePoint vc="1" uspid="76076" ordinal="0" offset="97" sl="706" sc="21" el="706" ec="21" bec="0" bev="0" fileid="32">
                  <TrackedMethodRefs>
                    <TrackedMethodRef uid="0" vc="1" />
                  </TrackedMethodRefs>
                </SequencePoint>
                <SequencePoint vc="1" uspid="76077" ordinal="0" offset="114" sl="707" sc="21" el="707" ec="21" bec="0" bev="0" fileid="32">
                  <TrackedMethodRefs>
                    <TrackedMethodRef uid="0" vc="1" />
                  </TrackedMethodRefs>
                </SequencePoint>
                <SequencePoint vc="0" uspid="76078" ordinal="0" offset="116" sl="709" sc="21" el="709" ec="21" bec="0" bev="0" fileid="32">
                  <TrackedMethodRefs>
                    <TrackedMethodRef uid="0" vc="0" />
                  </TrackedMethodRefs>
                </SequencePoint>
                <SequencePoint vc="0" uspid="76079" ordinal="0" offset="133" sl="710" sc="21" el="710" ec="21" bec="0" bev="0" fileid="32">
                  <TrackedMethodRefs>
                    <TrackedMethodRef uid="0" vc="0" />
                  </TrackedMethodRefs>
                </SequencePoint>
                <SequencePoint vc="0" uspid="76080" ordinal="0" offset="135" sl="712" sc="21" el="712" ec="21" bec="0" bev="0" fileid="32">
                  <TrackedMethodRefs>
                    <TrackedMethodRef uid="0" vc="0" />
                  </TrackedMethodRefs>
                </SequencePoint>
                <SequencePoint vc="0" uspid="76081" ordinal="0" offset="152" sl="713" sc="21" el="713" ec="21" bec="0" bev="0" fileid="32">
                  <TrackedMethodRefs>
                    <TrackedMethodRef uid="0" vc="0" />
                  </TrackedMethodRefs>
                </SequencePoint>
                <SequencePoint vc="0" uspid="76082" ordinal="0" offset="154" sl="715" sc="21" el="715" ec="21" bec="0" bev="0" fileid="32">
                  <TrackedMethodRefs>
                    <TrackedMethodRef uid="0" vc="0" />
                  </TrackedMethodRefs>
                </SequencePoint>
                <SequencePoint vc="0" uspid="76083" ordinal="0" offset="171" sl="716" sc="21" el="716" ec="21" bec="0" bev="0" fileid="32">
                  <TrackedMethodRefs>
                    <TrackedMethodRef uid="0" vc="0" />
                  </TrackedMethodRefs>
                </SequencePoint>
                <SequencePoint vc="0" uspid="76084" ordinal="0" offset="173" sl="718" sc="21" el="718" ec="21" bec="0" bev="0" fileid="32">
                  <TrackedMethodRefs>
                    <TrackedMethodRef uid="0" vc="0" />
                  </TrackedMethodRefs>
                </SequencePoint>
                <SequencePoint vc="0" uspid="76085" ordinal="0" offset="190" sl="719" sc="21" el="719" ec="21" bec="0" bev="0" fileid="32">
                  <TrackedMethodRefs>
                    <TrackedMethodRef uid="0" vc="0" />
                  </TrackedMethodRefs>
                </SequencePoint>
                <SequencePoint vc="0" uspid="76086" ordinal="0" offset="192" sl="721" sc="21" el="721" ec="21" bec="0" bev="0" fileid="32">
                  <TrackedMethodRefs>
                    <TrackedMethodRef uid="0" vc="0" />
                  </TrackedMethodRefs>
                </SequencePoint>
                <SequencePoint vc="0" uspid="76087" ordinal="0" offset="209" sl="722" sc="21" el="722" ec="21" bec="0" bev="0" fileid="32">
                  <TrackedMethodRefs>
                    <TrackedMethodRef uid="0" vc="0" />
                  </TrackedMethodRefs>
                </SequencePoint>
                <SequencePoint vc="0" uspid="76088" ordinal="0" offset="211" sl="724" sc="21" el="724" ec="21" bec="0" bev="0" fileid="32">
                  <TrackedMethodRefs>
                    <TrackedMethodRef uid="0" vc="0" />
                  </TrackedMethodRefs>
                </SequencePoint>
                <SequencePoint vc="0" uspid="76089" ordinal="0" offset="228" sl="725" sc="21" el="725" ec="21" bec="0" bev="0" fileid="32">
                  <TrackedMethodRefs>
                    <TrackedMethodRef uid="0" vc="0" />
                  </TrackedMethodRefs>
                </SequencePoint>
                <SequencePoint vc="1" uspid="76090" ordinal="0" offset="230" sl="727" sc="9" el="727" ec="9" bec="0" bev="0" fileid="32">
                  <TrackedMethodRefs>
                    <TrackedMethodRef uid="0" vc="1" />
                  </TrackedMethodRefs>
                </SequencePoint>
              </SequencePoints>
              <BranchPoints />
            </Method>
          </Methods>
        </Class>
      </Classes>
      <TrackedMethods>
        <TrackedMethod uid="0" token="100663338" name="System.Void UpdateColorTests::UpdateColor_AliveFor2_SetsLightRed()" strategy="Test" />
      </TrackedMethods>
    </Module>
  </Modules>
</CoverageSession>