<?xml version="1.0" encoding="utf-8"?>
<CoverageSession xmlns:xsd="http://www.w3.org/2001/XMLSchema" xmlns:xsi="http://www.w3.org/2001/XMLSchema-instance" Version="0.0.0.0">
  <Summary numSequencePoints="2174" visitedSequencePoints="0" numBranchPoints="0" visitedBranchPoints="0" sequenceCoverage="0.0" branchCoverage="0.0" maxCyclomaticComplexity="52" minCyclomaticComplexity="1" maxCrapScore="2756" minCrapScore="2" visitedClasses="0" numClasses="48" visitedMethods="0" numMethods="222" />
  <Modules>
    <Module>
      <Summary numSequencePoints="1650" visitedSequencePoints="0" numBranchPoints="0" visitedBranchPoints="0" sequenceCoverage="0.0" branchCoverage="0.0" maxCyclomaticComplexity="52" minCyclomaticComplexity="1" maxCrapScore="2756" minCrapScore="2" visitedClasses="0" numClasses="39" visitedMethods="0" numMethods="161" />
      <ModuleTime>0001-01-01T00:00:00</ModuleTime>
      <ModuleName>Assets</ModuleName>
      <Files>
        <File uid="1" fullPath="E:/documents/Conway/Assets/BoardManager.cs" />
        <File uid="2" fullPath="E:/documents/Conway/Assets/CameraControl.cs" />
        <File uid="3" fullPath="E:/documents/Conway/Assets/Cell.cs" />
        <File uid="4" fullPath="E:/documents/Conway/Assets/ClearButtonScript.cs" />
        <File uid="5" fullPath="E:/documents/Conway/Assets/CloseButtonPanelButtonScript.cs" />
        <File uid="6" fullPath="E:/documents/Conway/Assets/CopyButtonScript.cs" />
        <File uid="7" fullPath="E:/documents/Conway/Assets/FillButtonScript.cs" />
        <File uid="8" fullPath="E:/documents/Conway/Assets/FPSCounter.cs" />
        <File uid="9" fullPath="E:/documents/Conway/Assets/GameManager.cs" />
        <File uid="10" fullPath="E:/documents/Conway/Assets/HelpButtonScript.cs" />
        <File uid="11" fullPath="E:/documents/Conway/Assets/LoadingScreen.cs" />
        <File uid="12" fullPath="E:/documents/Conway/Assets/NextButtonScript.cs" />
        <File uid="13" fullPath="E:/documents/Conway/Assets/OpenButtonPanelButtonScript.cs" />
        <File uid="14" fullPath="E:/documents/Conway/Assets/PasteButtonScript.cs" />
        <File uid="15" fullPath="E:/documents/Conway/Assets/PictureToStructureButton.cs" />
        <File uid="16" fullPath="E:/documents/Conway/Assets/QuitButtonScript.cs" />
        <File uid="17" fullPath="E:/documents/Conway/Assets/RandomButtonScript.cs" />
        <File uid="18" fullPath="E:/documents/Conway/Assets/RedoButtonScript.cs" />
        <File uid="19" fullPath="E:/documents/Conway/Assets/SelectButtonScript.cs" />
        <File uid="20" fullPath="E:/documents/Conway/Assets/SimulationButtonScript.cs" />
        <File uid="21" fullPath="E:/documents/Conway/Assets/StandaloneFileBrowser/Sample/BasicSample.cs" />
        <File uid="22" fullPath="E:/documents/Conway/Assets/StandaloneFileBrowser/Sample/CanvasSampleOpenFileImage.cs" />
        <File uid="23" fullPath="E:/documents/Conway/Assets/StandaloneFileBrowser/Sample/CanvasSampleOpenFileText.cs" />
        <File uid="24" fullPath="E:/documents/Conway/Assets/StandaloneFileBrowser/Sample/CanvasSampleOpenFileTextMultiple.cs" />
        <File uid="25" fullPath="E:/documents/Conway/Assets/StandaloneFileBrowser/Sample/CanvasSampleSaveFileImage.cs" />
        <File uid="26" fullPath="E:/documents/Conway/Assets/StandaloneFileBrowser/Sample/CanvasSampleSaveFileText.cs" />
        <File uid="27" fullPath="E:/documents/Conway/Assets/SubmitBoardSizeButton.cs" />
        <File uid="28" fullPath="E:/documents/Conway/Assets/UndoButtonScript.cs" />
        <File uid="29" fullPath="E:/documents/Conway/Assets/StandaloneFileBrowser/StandaloneFileBrowser.cs" />
        <File uid="30" fullPath="E:/documents/Conway/Assets/StandaloneFileBrowser/StandaloneFileBrowserEditor.cs" />
        <File uid="31" fullPath="E:/documents/Conway/Assets/StandaloneFileBrowser/StandaloneFileBrowserWindows.cs" />
      </Files>
      <Classes>
        <Class>
          <Summary numSequencePoints="151" visitedSequencePoints="0" numBranchPoints="0" visitedBranchPoints="0" sequenceCoverage="0.0" branchCoverage="0.0" maxCyclomaticComplexity="5" minCyclomaticComplexity="1" maxCrapScore="30" minCrapScore="2" visitedClasses="0" numClasses="1" visitedMethods="0" numMethods="11" />
          <FullName>BoardManager</FullName>
          <Methods>
            <Method visited="false" cyclomaticComplexity="1" nPathComplexity="0" sequenceCoverage="0.0" branchCoverage="0" crapScore="2" isConstructor="false" isStatic="false" isGetter="false" isSetter="false">
              <Summary numSequencePoints="4" visitedSequencePoints="0" numBranchPoints="0" visitedBranchPoints="0" sequenceCoverage="0.0" branchCoverage="0" maxCyclomaticComplexity="1" minCyclomaticComplexity="1" maxCrapScore="2" minCrapScore="2" visitedClasses="0" numClasses="0" visitedMethods="0" numMethods="1" />
              <MetadataToken>100663297</MetadataToken>
              <Name>System.Void BoardManager::Start()</Name>
              <FileRef uid="1" />
              <SequencePoints>
                <SequencePoint vc="0" uspid="4349" ordinal="0" offset="0" sl="21" sc="0" el="21" ec="0" bec="0" bev="0" fileid="1" />
                <SequencePoint vc="0" uspid="4350" ordinal="0" offset="1" sl="22" sc="0" el="22" ec="0" bec="0" bev="0" fileid="1" />
                <SequencePoint vc="0" uspid="4351" ordinal="0" offset="42" sl="23" sc="0" el="23" ec="0" bec="0" bev="0" fileid="1" />
                <SequencePoint vc="0" uspid="4352" ordinal="0" offset="59" sl="24" sc="0" el="24" ec="0" bec="0" bev="0" fileid="1" />
              </SequencePoints>
              <BranchPoints />
            </Method>
            <Method visited="false" cyclomaticComplexity="4" nPathComplexity="0" sequenceCoverage="0.0" branchCoverage="0" crapScore="20" isConstructor="false" isStatic="false" isGetter="false" isSetter="false">
              <Summary numSequencePoints="19" visitedSequencePoints="0" numBranchPoints="0" visitedBranchPoints="0" sequenceCoverage="0.0" branchCoverage="0" maxCyclomaticComplexity="4" minCyclomaticComplexity="4" maxCrapScore="20" minCrapScore="20" visitedClasses="0" numClasses="0" visitedMethods="0" numMethods="1" />
              <MetadataToken>100663298</MetadataToken>
              <Name>System.Void BoardManager::SetBoardSize()</Name>
              <FileRef uid="1" />
              <SequencePoints>
                <SequencePoint vc="0" uspid="4353" ordinal="0" offset="0" sl="27" sc="0" el="27" ec="0" bec="0" bev="0" fileid="1" />
                <SequencePoint vc="0" uspid="4354" ordinal="0" offset="1" sl="28" sc="0" el="28" ec="0" bec="0" bev="0" fileid="1" />
                <SequencePoint vc="0" uspid="4355" ordinal="0" offset="23" sl="29" sc="0" el="29" ec="0" bec="0" bev="0" fileid="1" />
                <SequencePoint vc="0" uspid="4356" ordinal="0" offset="24" sl="31" sc="0" el="31" ec="0" bec="0" bev="0" fileid="1" />
                <SequencePoint vc="0" uspid="4357" ordinal="0" offset="33" sl="32" sc="0" el="32" ec="0" bec="0" bev="0" fileid="1" />
                <SequencePoint vc="0" uspid="4358" ordinal="0" offset="34" sl="33" sc="0" el="33" ec="0" bec="0" bev="0" fileid="1" />
                <SequencePoint vc="0" uspid="4359" ordinal="0" offset="37" sl="34" sc="0" el="34" ec="0" bec="0" bev="0" fileid="1" />
                <SequencePoint vc="0" uspid="4360" ordinal="0" offset="40" sl="35" sc="0" el="35" ec="0" bec="0" bev="0" fileid="1" />
                <SequencePoint vc="0" uspid="4361" ordinal="0" offset="52" sl="36" sc="0" el="36" ec="0" bec="0" bev="0" fileid="1" />
                <SequencePoint vc="0" uspid="4362" ordinal="0" offset="53" sl="37" sc="0" el="37" ec="0" bec="0" bev="0" fileid="1" />
                <SequencePoint vc="0" uspid="4363" ordinal="0" offset="59" sl="38" sc="0" el="38" ec="0" bec="0" bev="0" fileid="1" />
                <SequencePoint vc="0" uspid="4364" ordinal="0" offset="60" sl="39" sc="0" el="39" ec="0" bec="0" bev="0" fileid="1" />
                <SequencePoint vc="0" uspid="4365" ordinal="0" offset="63" sl="41" sc="0" el="41" ec="0" bec="0" bev="0" fileid="1" />
                <SequencePoint vc="0" uspid="4366" ordinal="0" offset="64" sl="43" sc="0" el="43" ec="0" bec="0" bev="0" fileid="1" />
                <SequencePoint vc="0" uspid="4367" ordinal="0" offset="67" sl="44" sc="0" el="44" ec="0" bec="0" bev="0" fileid="1" />
                <SequencePoint vc="0" uspid="4368" ordinal="0" offset="68" sl="45" sc="0" el="45" ec="0" bec="0" bev="0" fileid="1" />
                <SequencePoint vc="0" uspid="4369" ordinal="0" offset="75" sl="46" sc="0" el="46" ec="0" bec="0" bev="0" fileid="1" />
                <SequencePoint vc="0" uspid="4370" ordinal="0" offset="96" sl="47" sc="0" el="47" ec="0" bec="0" bev="0" fileid="1" />
                <SequencePoint vc="0" uspid="4371" ordinal="0" offset="109" sl="48" sc="0" el="48" ec="0" bec="0" bev="0" fileid="1" />
              </SequencePoints>
              <BranchPoints />
            </Method>
            <Method visited="false" cyclomaticComplexity="1" nPathComplexity="0" sequenceCoverage="0.0" branchCoverage="0" crapScore="2" isConstructor="false" isStatic="false" isGetter="false" isSetter="false">
              <Summary numSequencePoints="3" visitedSequencePoints="0" numBranchPoints="0" visitedBranchPoints="0" sequenceCoverage="0.0" branchCoverage="0" maxCyclomaticComplexity="1" minCyclomaticComplexity="1" maxCrapScore="2" minCrapScore="2" visitedClasses="0" numClasses="0" visitedMethods="0" numMethods="1" />
              <MetadataToken>100663300</MetadataToken>
              <Name>System.Void BoardManager::updateLoadingScreen(System.Single)</Name>
              <FileRef uid="1" />
              <SequencePoints>
                <SequencePoint vc="0" uspid="4372" ordinal="0" offset="0" sl="69" sc="0" el="69" ec="0" bec="0" bev="0" fileid="1" />
                <SequencePoint vc="0" uspid="4373" ordinal="0" offset="1" sl="70" sc="0" el="70" ec="0" bec="0" bev="0" fileid="1" />
                <SequencePoint vc="0" uspid="4374" ordinal="0" offset="14" sl="71" sc="0" el="71" ec="0" bec="0" bev="0" fileid="1" />
              </SequencePoints>
              <BranchPoints />
            </Method>
            <Method visited="false" cyclomaticComplexity="4" nPathComplexity="0" sequenceCoverage="0.0" branchCoverage="0" crapScore="20" isConstructor="false" isStatic="false" isGetter="false" isSetter="false">
              <Summary numSequencePoints="19" visitedSequencePoints="0" numBranchPoints="0" visitedBranchPoints="0" sequenceCoverage="0.0" branchCoverage="0" maxCyclomaticComplexity="4" minCyclomaticComplexity="4" maxCrapScore="20" minCrapScore="20" visitedClasses="0" numClasses="0" visitedMethods="0" numMethods="1" />
              <MetadataToken>100663301</MetadataToken>
              <Name>System.Void BoardManager::Update()</Name>
              <FileRef uid="1" />
              <SequencePoints>
                <SequencePoint vc="0" uspid="4375" ordinal="0" offset="0" sl="74" sc="0" el="74" ec="0" bec="0" bev="0" fileid="1" />
                <SequencePoint vc="0" uspid="4376" ordinal="0" offset="1" sl="75" sc="0" el="75" ec="0" bec="0" bev="0" fileid="1" />
                <SequencePoint vc="0" uspid="4377" ordinal="0" offset="26" sl="76" sc="0" el="76" ec="0" bec="0" bev="0" fileid="1" />
                <SequencePoint vc="0" uspid="4378" ordinal="0" offset="27" sl="77" sc="0" el="77" ec="0" bec="0" bev="0" fileid="1" />
                <SequencePoint vc="0" uspid="4379" ordinal="0" offset="34" sl="78" sc="0" el="78" ec="0" bec="0" bev="0" fileid="1" />
                <SequencePoint vc="0" uspid="4380" ordinal="0" offset="35" sl="78" sc="0" el="78" ec="0" bec="0" bev="0" fileid="1" />
                <SequencePoint vc="0" uspid="4381" ordinal="0" offset="49" sl="78" sc="0" el="78" ec="0" bec="0" bev="0" fileid="1" />
                <SequencePoint vc="0" uspid="4382" ordinal="0" offset="57" sl="79" sc="0" el="79" ec="0" bec="0" bev="0" fileid="1" />
                <SequencePoint vc="0" uspid="4383" ordinal="0" offset="58" sl="80" sc="0" el="80" ec="0" bec="0" bev="0" fileid="1" />
                <SequencePoint vc="0" uspid="4384" ordinal="0" offset="59" sl="80" sc="0" el="80" ec="0" bec="0" bev="0" fileid="1" />
                <SequencePoint vc="0" uspid="4385" ordinal="0" offset="68" sl="80" sc="0" el="80" ec="0" bec="0" bev="0" fileid="1" />
                <SequencePoint vc="0" uspid="4386" ordinal="0" offset="77" sl="81" sc="0" el="81" ec="0" bec="0" bev="0" fileid="1" />
                <SequencePoint vc="0" uspid="4387" ordinal="0" offset="78" sl="82" sc="0" el="82" ec="0" bec="0" bev="0" fileid="1" />
                <SequencePoint vc="0" uspid="4388" ordinal="0" offset="91" sl="83" sc="0" el="83" ec="0" bec="0" bev="0" fileid="1" />
                <SequencePoint vc="0" uspid="4389" ordinal="0" offset="92" sl="80" sc="0" el="80" ec="0" bec="0" bev="0" fileid="1" />
                <SequencePoint vc="0" uspid="4390" ordinal="0" offset="118" sl="84" sc="0" el="84" ec="0" bec="0" bev="0" fileid="1" />
                <SequencePoint vc="0" uspid="4391" ordinal="0" offset="119" sl="78" sc="0" el="78" ec="0" bec="0" bev="0" fileid="1" />
                <SequencePoint vc="0" uspid="4392" ordinal="0" offset="145" sl="85" sc="0" el="85" ec="0" bec="0" bev="0" fileid="1" />
                <SequencePoint vc="0" uspid="4393" ordinal="0" offset="146" sl="86" sc="0" el="86" ec="0" bec="0" bev="0" fileid="1" />
              </SequencePoints>
              <BranchPoints />
            </Method>
            <Method visited="false" cyclomaticComplexity="3" nPathComplexity="0" sequenceCoverage="0.0" branchCoverage="0" crapScore="12" isConstructor="false" isStatic="false" isGetter="false" isSetter="false">
              <Summary numSequencePoints="15" visitedSequencePoints="0" numBranchPoints="0" visitedBranchPoints="0" sequenceCoverage="0.0" branchCoverage="0" maxCyclomaticComplexity="3" minCyclomaticComplexity="3" maxCrapScore="12" minCrapScore="12" visitedClasses="0" numClasses="0" visitedMethods="0" numMethods="1" />
              <MetadataToken>100663302</MetadataToken>
              <Name>System.Void BoardManager::ClearBoard(System.Int32, System.Int32, System.Int32, System.Int32)</Name>
              <FileRef uid="1" />
              <SequencePoints>
                <SequencePoint vc="0" uspid="4394" ordinal="0" offset="0" sl="89" sc="0" el="89" ec="0" bec="0" bev="0" fileid="1" />
                <SequencePoint vc="0" uspid="4395" ordinal="0" offset="1" sl="90" sc="0" el="90" ec="0" bec="0" bev="0" fileid="1" />
                <SequencePoint vc="0" uspid="4396" ordinal="0" offset="5" sl="91" sc="0" el="91" ec="0" bec="0" bev="0" fileid="1" />
                <SequencePoint vc="0" uspid="4397" ordinal="0" offset="6" sl="92" sc="0" el="92" ec="0" bec="0" bev="0" fileid="1" />
                <SequencePoint vc="0" uspid="4398" ordinal="0" offset="10" sl="93" sc="0" el="93" ec="0" bec="0" bev="0" fileid="1" />
                <SequencePoint vc="0" uspid="4399" ordinal="0" offset="11" sl="94" sc="0" el="94" ec="0" bec="0" bev="0" fileid="1" />
                <SequencePoint vc="0" uspid="4400" ordinal="0" offset="40" sl="95" sc="0" el="95" ec="0" bec="0" bev="0" fileid="1" />
                <SequencePoint vc="0" uspid="4401" ordinal="0" offset="69" sl="96" sc="0" el="96" ec="0" bec="0" bev="0" fileid="1" />
                <SequencePoint vc="0" uspid="4402" ordinal="0" offset="70" sl="92" sc="0" el="92" ec="0" bec="0" bev="0" fileid="1" />
                <SequencePoint vc="0" uspid="4403" ordinal="0" offset="74" sl="92" sc="0" el="92" ec="0" bec="0" bev="0" fileid="1" />
                <SequencePoint vc="0" uspid="4404" ordinal="0" offset="86" sl="97" sc="0" el="97" ec="0" bec="0" bev="0" fileid="1" />
                <SequencePoint vc="0" uspid="4405" ordinal="0" offset="87" sl="90" sc="0" el="90" ec="0" bec="0" bev="0" fileid="1" />
                <SequencePoint vc="0" uspid="4406" ordinal="0" offset="91" sl="90" sc="0" el="90" ec="0" bec="0" bev="0" fileid="1" />
                <SequencePoint vc="0" uspid="4407" ordinal="0" offset="102" sl="98" sc="0" el="98" ec="0" bec="0" bev="0" fileid="1" />
                <SequencePoint vc="0" uspid="4408" ordinal="0" offset="109" sl="99" sc="0" el="99" ec="0" bec="0" bev="0" fileid="1" />
              </SequencePoints>
              <BranchPoints />
            </Method>
            <Method visited="false" cyclomaticComplexity="3" nPathComplexity="0" sequenceCoverage="0.0" branchCoverage="0" crapScore="12" isConstructor="false" isStatic="false" isGetter="false" isSetter="false">
              <Summary numSequencePoints="15" visitedSequencePoints="0" numBranchPoints="0" visitedBranchPoints="0" sequenceCoverage="0.0" branchCoverage="0" maxCyclomaticComplexity="3" minCyclomaticComplexity="3" maxCrapScore="12" minCrapScore="12" visitedClasses="0" numClasses="0" visitedMethods="0" numMethods="1" />
              <MetadataToken>100663303</MetadataToken>
              <Name>System.Void BoardManager::FillBoard(System.Int32, System.Int32, System.Int32, System.Int32)</Name>
              <FileRef uid="1" />
              <SequencePoints>
                <SequencePoint vc="0" uspid="4409" ordinal="0" offset="0" sl="102" sc="0" el="102" ec="0" bec="0" bev="0" fileid="1" />
                <SequencePoint vc="0" uspid="4410" ordinal="0" offset="1" sl="103" sc="0" el="103" ec="0" bec="0" bev="0" fileid="1" />
                <SequencePoint vc="0" uspid="4411" ordinal="0" offset="5" sl="104" sc="0" el="104" ec="0" bec="0" bev="0" fileid="1" />
                <SequencePoint vc="0" uspid="4412" ordinal="0" offset="6" sl="105" sc="0" el="105" ec="0" bec="0" bev="0" fileid="1" />
                <SequencePoint vc="0" uspid="4413" ordinal="0" offset="10" sl="106" sc="0" el="106" ec="0" bec="0" bev="0" fileid="1" />
                <SequencePoint vc="0" uspid="4414" ordinal="0" offset="11" sl="107" sc="0" el="107" ec="0" bec="0" bev="0" fileid="1" />
                <SequencePoint vc="0" uspid="4415" ordinal="0" offset="40" sl="108" sc="0" el="108" ec="0" bec="0" bev="0" fileid="1" />
                <SequencePoint vc="0" uspid="4416" ordinal="0" offset="69" sl="109" sc="0" el="109" ec="0" bec="0" bev="0" fileid="1" />
                <SequencePoint vc="0" uspid="4417" ordinal="0" offset="70" sl="105" sc="0" el="105" ec="0" bec="0" bev="0" fileid="1" />
                <SequencePoint vc="0" uspid="4418" ordinal="0" offset="74" sl="105" sc="0" el="105" ec="0" bec="0" bev="0" fileid="1" />
                <SequencePoint vc="0" uspid="4419" ordinal="0" offset="86" sl="110" sc="0" el="110" ec="0" bec="0" bev="0" fileid="1" />
                <SequencePoint vc="0" uspid="4420" ordinal="0" offset="87" sl="103" sc="0" el="103" ec="0" bec="0" bev="0" fileid="1" />
                <SequencePoint vc="0" uspid="4421" ordinal="0" offset="91" sl="103" sc="0" el="103" ec="0" bec="0" bev="0" fileid="1" />
                <SequencePoint vc="0" uspid="4422" ordinal="0" offset="102" sl="111" sc="0" el="111" ec="0" bec="0" bev="0" fileid="1" />
                <SequencePoint vc="0" uspid="4423" ordinal="0" offset="109" sl="112" sc="0" el="112" ec="0" bec="0" bev="0" fileid="1" />
              </SequencePoints>
              <BranchPoints />
            </Method>
            <Method visited="false" cyclomaticComplexity="3" nPathComplexity="0" sequenceCoverage="0.0" branchCoverage="0" crapScore="12" isConstructor="false" isStatic="false" isGetter="false" isSetter="false">
              <Summary numSequencePoints="14" visitedSequencePoints="0" numBranchPoints="0" visitedBranchPoints="0" sequenceCoverage="0.0" branchCoverage="0" maxCyclomaticComplexity="3" minCyclomaticComplexity="3" maxCrapScore="12" minCrapScore="12" visitedClasses="0" numClasses="0" visitedMethods="0" numMethods="1" />
              <MetadataToken>100663304</MetadataToken>
              <Name>System.Void BoardManager::RandomizeBoard(System.Int32, System.Int32, System.Int32, System.Int32)</Name>
              <FileRef uid="1" />
              <SequencePoints>
                <SequencePoint vc="0" uspid="4424" ordinal="0" offset="0" sl="115" sc="0" el="115" ec="0" bec="0" bev="0" fileid="1" />
                <SequencePoint vc="0" uspid="4425" ordinal="0" offset="1" sl="116" sc="0" el="116" ec="0" bec="0" bev="0" fileid="1" />
                <SequencePoint vc="0" uspid="4426" ordinal="0" offset="5" sl="117" sc="0" el="117" ec="0" bec="0" bev="0" fileid="1" />
                <SequencePoint vc="0" uspid="4427" ordinal="0" offset="6" sl="118" sc="0" el="118" ec="0" bec="0" bev="0" fileid="1" />
                <SequencePoint vc="0" uspid="4428" ordinal="0" offset="10" sl="119" sc="0" el="119" ec="0" bec="0" bev="0" fileid="1" />
                <SequencePoint vc="0" uspid="4429" ordinal="0" offset="11" sl="120" sc="0" el="120" ec="0" bec="0" bev="0" fileid="1" />
                <SequencePoint vc="0" uspid="4430" ordinal="0" offset="40" sl="121" sc="0" el="121" ec="0" bec="0" bev="0" fileid="1" />
                <SequencePoint vc="0" uspid="4431" ordinal="0" offset="41" sl="118" sc="0" el="118" ec="0" bec="0" bev="0" fileid="1" />
                <SequencePoint vc="0" uspid="4432" ordinal="0" offset="45" sl="118" sc="0" el="118" ec="0" bec="0" bev="0" fileid="1" />
                <SequencePoint vc="0" uspid="4433" ordinal="0" offset="57" sl="122" sc="0" el="122" ec="0" bec="0" bev="0" fileid="1" />
                <SequencePoint vc="0" uspid="4434" ordinal="0" offset="58" sl="116" sc="0" el="116" ec="0" bec="0" bev="0" fileid="1" />
                <SequencePoint vc="0" uspid="4435" ordinal="0" offset="62" sl="116" sc="0" el="116" ec="0" bec="0" bev="0" fileid="1" />
                <SequencePoint vc="0" uspid="4436" ordinal="0" offset="73" sl="123" sc="0" el="123" ec="0" bec="0" bev="0" fileid="1" />
                <SequencePoint vc="0" uspid="4437" ordinal="0" offset="80" sl="124" sc="0" el="124" ec="0" bec="0" bev="0" fileid="1" />
              </SequencePoints>
              <BranchPoints />
            </Method>
            <Method visited="false" cyclomaticComplexity="3" nPathComplexity="0" sequenceCoverage="0.0" branchCoverage="0" crapScore="12" isConstructor="false" isStatic="false" isGetter="false" isSetter="false">
              <Summary numSequencePoints="15" visitedSequencePoints="0" numBranchPoints="0" visitedBranchPoints="0" sequenceCoverage="0.0" branchCoverage="0" maxCyclomaticComplexity="3" minCyclomaticComplexity="3" maxCrapScore="12" minCrapScore="12" visitedClasses="0" numClasses="0" visitedMethods="0" numMethods="1" />
              <MetadataToken>100663305</MetadataToken>
              <Name>System.Void BoardManager::UpdateBoardColor()</Name>
              <FileRef uid="1" />
              <SequencePoints>
                <SequencePoint vc="0" uspid="4438" ordinal="0" offset="0" sl="127" sc="0" el="127" ec="0" bec="0" bev="0" fileid="1" />
                <SequencePoint vc="0" uspid="4439" ordinal="0" offset="1" sl="128" sc="0" el="128" ec="0" bec="0" bev="0" fileid="1" />
                <SequencePoint vc="0" uspid="4440" ordinal="0" offset="2" sl="128" sc="0" el="128" ec="0" bec="0" bev="0" fileid="1" />
                <SequencePoint vc="0" uspid="4441" ordinal="0" offset="16" sl="128" sc="0" el="128" ec="0" bec="0" bev="0" fileid="1" />
                <SequencePoint vc="0" uspid="4442" ordinal="0" offset="24" sl="129" sc="0" el="129" ec="0" bec="0" bev="0" fileid="1" />
                <SequencePoint vc="0" uspid="4443" ordinal="0" offset="25" sl="130" sc="0" el="130" ec="0" bec="0" bev="0" fileid="1" />
                <SequencePoint vc="0" uspid="4444" ordinal="0" offset="26" sl="130" sc="0" el="130" ec="0" bec="0" bev="0" fileid="1" />
                <SequencePoint vc="0" uspid="4445" ordinal="0" offset="35" sl="130" sc="0" el="130" ec="0" bec="0" bev="0" fileid="1" />
                <SequencePoint vc="0" uspid="4446" ordinal="0" offset="43" sl="131" sc="0" el="131" ec="0" bec="0" bev="0" fileid="1" />
                <SequencePoint vc="0" uspid="4447" ordinal="0" offset="44" sl="132" sc="0" el="132" ec="0" bec="0" bev="0" fileid="1" />
                <SequencePoint vc="0" uspid="4448" ordinal="0" offset="56" sl="133" sc="0" el="133" ec="0" bec="0" bev="0" fileid="1" />
                <SequencePoint vc="0" uspid="4449" ordinal="0" offset="57" sl="130" sc="0" el="130" ec="0" bec="0" bev="0" fileid="1" />
                <SequencePoint vc="0" uspid="4450" ordinal="0" offset="83" sl="134" sc="0" el="134" ec="0" bec="0" bev="0" fileid="1" />
                <SequencePoint vc="0" uspid="4451" ordinal="0" offset="84" sl="128" sc="0" el="128" ec="0" bec="0" bev="0" fileid="1" />
                <SequencePoint vc="0" uspid="4452" ordinal="0" offset="110" sl="135" sc="0" el="135" ec="0" bec="0" bev="0" fileid="1" />
              </SequencePoints>
              <BranchPoints />
            </Method>
            <Method visited="false" cyclomaticComplexity="5" nPathComplexity="0" sequenceCoverage="0.0" branchCoverage="0" crapScore="30" isConstructor="false" isStatic="false" isGetter="false" isSetter="false">
              <Summary numSequencePoints="28" visitedSequencePoints="0" numBranchPoints="0" visitedBranchPoints="0" sequenceCoverage="0.0" branchCoverage="0" maxCyclomaticComplexity="5" minCyclomaticComplexity="5" maxCrapScore="30" minCrapScore="30" visitedClasses="0" numClasses="0" visitedMethods="0" numMethods="1" />
              <MetadataToken>100663306</MetadataToken>
              <Name>System.Void BoardManager::UpdateStates()</Name>
              <FileRef uid="1" />
              <SequencePoints>
                <SequencePoint vc="0" uspid="4453" ordinal="0" offset="0" sl="138" sc="0" el="138" ec="0" bec="0" bev="0" fileid="1" />
                <SequencePoint vc="0" uspid="4454" ordinal="0" offset="1" sl="139" sc="0" el="139" ec="0" bec="0" bev="0" fileid="1" />
                <SequencePoint vc="0" uspid="4455" ordinal="0" offset="2" sl="139" sc="0" el="139" ec="0" bec="0" bev="0" fileid="1" />
                <SequencePoint vc="0" uspid="4456" ordinal="0" offset="16" sl="139" sc="0" el="139" ec="0" bec="0" bev="0" fileid="1" />
                <SequencePoint vc="0" uspid="4457" ordinal="0" offset="24" sl="140" sc="0" el="140" ec="0" bec="0" bev="0" fileid="1" />
                <SequencePoint vc="0" uspid="4458" ordinal="0" offset="25" sl="141" sc="0" el="141" ec="0" bec="0" bev="0" fileid="1" />
                <SequencePoint vc="0" uspid="4459" ordinal="0" offset="26" sl="141" sc="0" el="141" ec="0" bec="0" bev="0" fileid="1" />
                <SequencePoint vc="0" uspid="4460" ordinal="0" offset="35" sl="141" sc="0" el="141" ec="0" bec="0" bev="0" fileid="1" />
                <SequencePoint vc="0" uspid="4461" ordinal="0" offset="43" sl="142" sc="0" el="142" ec="0" bec="0" bev="0" fileid="1" />
                <SequencePoint vc="0" uspid="4462" ordinal="0" offset="44" sl="143" sc="0" el="143" ec="0" bec="0" bev="0" fileid="1" />
                <SequencePoint vc="0" uspid="4463" ordinal="0" offset="57" sl="144" sc="0" el="144" ec="0" bec="0" bev="0" fileid="1" />
                <SequencePoint vc="0" uspid="4464" ordinal="0" offset="58" sl="141" sc="0" el="141" ec="0" bec="0" bev="0" fileid="1" />
                <SequencePoint vc="0" uspid="4465" ordinal="0" offset="84" sl="145" sc="0" el="145" ec="0" bec="0" bev="0" fileid="1" />
                <SequencePoint vc="0" uspid="4466" ordinal="0" offset="85" sl="139" sc="0" el="139" ec="0" bec="0" bev="0" fileid="1" />
                <SequencePoint vc="0" uspid="4467" ordinal="0" offset="111" sl="147" sc="0" el="147" ec="0" bec="0" bev="0" fileid="1" />
                <SequencePoint vc="0" uspid="4468" ordinal="0" offset="112" sl="147" sc="0" el="147" ec="0" bec="0" bev="0" fileid="1" />
                <SequencePoint vc="0" uspid="4469" ordinal="0" offset="127" sl="147" sc="0" el="147" ec="0" bec="0" bev="0" fileid="1" />
                <SequencePoint vc="0" uspid="4470" ordinal="0" offset="136" sl="148" sc="0" el="148" ec="0" bec="0" bev="0" fileid="1" />
                <SequencePoint vc="0" uspid="4471" ordinal="0" offset="137" sl="149" sc="0" el="149" ec="0" bec="0" bev="0" fileid="1" />
                <SequencePoint vc="0" uspid="4472" ordinal="0" offset="138" sl="149" sc="0" el="149" ec="0" bec="0" bev="0" fileid="1" />
                <SequencePoint vc="0" uspid="4473" ordinal="0" offset="149" sl="149" sc="0" el="149" ec="0" bec="0" bev="0" fileid="1" />
                <SequencePoint vc="0" uspid="4474" ordinal="0" offset="158" sl="150" sc="0" el="150" ec="0" bec="0" bev="0" fileid="1" />
                <SequencePoint vc="0" uspid="4475" ordinal="0" offset="159" sl="151" sc="0" el="151" ec="0" bec="0" bev="0" fileid="1" />
                <SequencePoint vc="0" uspid="4476" ordinal="0" offset="172" sl="152" sc="0" el="152" ec="0" bec="0" bev="0" fileid="1" />
                <SequencePoint vc="0" uspid="4477" ordinal="0" offset="173" sl="149" sc="0" el="149" ec="0" bec="0" bev="0" fileid="1" />
                <SequencePoint vc="0" uspid="4478" ordinal="0" offset="199" sl="153" sc="0" el="153" ec="0" bec="0" bev="0" fileid="1" />
                <SequencePoint vc="0" uspid="4479" ordinal="0" offset="200" sl="147" sc="0" el="147" ec="0" bec="0" bev="0" fileid="1" />
                <SequencePoint vc="0" uspid="4480" ordinal="0" offset="226" sl="154" sc="0" el="154" ec="0" bec="0" bev="0" fileid="1" />
              </SequencePoints>
              <BranchPoints />
            </Method>
            <Method visited="false" cyclomaticComplexity="3" nPathComplexity="0" sequenceCoverage="0.0" branchCoverage="0" crapScore="12" isConstructor="false" isStatic="false" isGetter="false" isSetter="false">
              <Summary numSequencePoints="15" visitedSequencePoints="0" numBranchPoints="0" visitedBranchPoints="0" sequenceCoverage="0.0" branchCoverage="0" maxCyclomaticComplexity="3" minCyclomaticComplexity="3" maxCrapScore="12" minCrapScore="12" visitedClasses="0" numClasses="0" visitedMethods="0" numMethods="1" />
              <MetadataToken>100663307</MetadataToken>
              <Name>System.Void BoardManager::SwitchStates()</Name>
              <FileRef uid="1" />
              <SequencePoints>
                <SequencePoint vc="0" uspid="4481" ordinal="0" offset="0" sl="157" sc="0" el="157" ec="0" bec="0" bev="0" fileid="1" />
                <SequencePoint vc="0" uspid="4482" ordinal="0" offset="1" sl="158" sc="0" el="158" ec="0" bec="0" bev="0" fileid="1" />
                <SequencePoint vc="0" uspid="4483" ordinal="0" offset="2" sl="158" sc="0" el="158" ec="0" bec="0" bev="0" fileid="1" />
                <SequencePoint vc="0" uspid="4484" ordinal="0" offset="16" sl="158" sc="0" el="158" ec="0" bec="0" bev="0" fileid="1" />
                <SequencePoint vc="0" uspid="4485" ordinal="0" offset="24" sl="159" sc="0" el="159" ec="0" bec="0" bev="0" fileid="1" />
                <SequencePoint vc="0" uspid="4486" ordinal="0" offset="25" sl="160" sc="0" el="160" ec="0" bec="0" bev="0" fileid="1" />
                <SequencePoint vc="0" uspid="4487" ordinal="0" offset="26" sl="160" sc="0" el="160" ec="0" bec="0" bev="0" fileid="1" />
                <SequencePoint vc="0" uspid="4488" ordinal="0" offset="35" sl="160" sc="0" el="160" ec="0" bec="0" bev="0" fileid="1" />
                <SequencePoint vc="0" uspid="4489" ordinal="0" offset="43" sl="161" sc="0" el="161" ec="0" bec="0" bev="0" fileid="1" />
                <SequencePoint vc="0" uspid="4490" ordinal="0" offset="44" sl="162" sc="0" el="162" ec="0" bec="0" bev="0" fileid="1" />
                <SequencePoint vc="0" uspid="4491" ordinal="0" offset="56" sl="163" sc="0" el="163" ec="0" bec="0" bev="0" fileid="1" />
                <SequencePoint vc="0" uspid="4492" ordinal="0" offset="57" sl="160" sc="0" el="160" ec="0" bec="0" bev="0" fileid="1" />
                <SequencePoint vc="0" uspid="4493" ordinal="0" offset="83" sl="164" sc="0" el="164" ec="0" bec="0" bev="0" fileid="1" />
                <SequencePoint vc="0" uspid="4494" ordinal="0" offset="84" sl="158" sc="0" el="158" ec="0" bec="0" bev="0" fileid="1" />
                <SequencePoint vc="0" uspid="4495" ordinal="0" offset="110" sl="165" sc="0" el="165" ec="0" bec="0" bev="0" fileid="1" />
              </SequencePoints>
              <BranchPoints />
            </Method>
            <Method visited="false" cyclomaticComplexity="1" nPathComplexity="0" sequenceCoverage="0.0" branchCoverage="0" crapScore="2" isConstructor="true" isStatic="false" isGetter="false" isSetter="false">
              <Summary numSequencePoints="4" visitedSequencePoints="0" numBranchPoints="0" visitedBranchPoints="0" sequenceCoverage="0.0" branchCoverage="0" maxCyclomaticComplexity="1" minCyclomaticComplexity="1" maxCrapScore="2" minCrapScore="2" visitedClasses="0" numClasses="0" visitedMethods="0" numMethods="1" />
              <MetadataToken>100663308</MetadataToken>
              <Name>BoardManager::BoardManager()</Name>
              <FileRef uid="1" />
              <SequencePoints>
                <SequencePoint vc="0" uspid="4496" ordinal="0" offset="0" sl="10" sc="5" el="10" ec="5" bec="0" bev="0" fileid="1" />
                <SequencePoint vc="0" uspid="4497" ordinal="0" offset="11" sl="11" sc="5" el="11" ec="5" bec="0" bev="0" fileid="1" />
                <SequencePoint vc="0" uspid="4498" ordinal="0" offset="22" sl="12" sc="5" el="12" ec="5" bec="0" bev="0" fileid="1" />
                <SequencePoint vc="0" uspid="4499" ordinal="0" offset="30" sl="13" sc="5" el="13" ec="5" bec="0" bev="0" fileid="1" />
              </SequencePoints>
              <BranchPoints />
            </Method>
          </Methods>
        </Class>
        <Class>
          <Summary numSequencePoints="45" visitedSequencePoints="0" numBranchPoints="0" visitedBranchPoints="0" sequenceCoverage="0.0" branchCoverage="0.0" maxCyclomaticComplexity="9" minCyclomaticComplexity="1" maxCrapScore="90" minCrapScore="2" visitedClasses="0" numClasses="1" visitedMethods="0" numMethods="4" />
          <FullName>CameraControl</FullName>
          <Methods>
            <Method visited="false" cyclomaticComplexity="1" nPathComplexity="0" sequenceCoverage="0.0" branchCoverage="0" crapScore="2" isConstructor="false" isStatic="false" isGetter="false" isSetter="false">
              <Summary numSequencePoints="4" visitedSequencePoints="0" numBranchPoints="0" visitedBranchPoints="0" sequenceCoverage="0.0" branchCoverage="0" maxCyclomaticComplexity="1" minCyclomaticComplexity="1" maxCrapScore="2" minCrapScore="2" visitedClasses="0" numClasses="0" visitedMethods="0" numMethods="1" />
              <MetadataToken>100663309</MetadataToken>
              <Name>System.Void CameraControl::Start()</Name>
              <FileRef uid="2" />
              <SequencePoints>
                <SequencePoint vc="0" uspid="4500" ordinal="0" offset="0" sl="17" sc="0" el="17" ec="0" bec="0" bev="0" fileid="2" />
                <SequencePoint vc="0" uspid="4501" ordinal="0" offset="1" sl="18" sc="0" el="18" ec="0" bec="0" bev="0" fileid="2" />
                <SequencePoint vc="0" uspid="4502" ordinal="0" offset="13" sl="19" sc="0" el="19" ec="0" bec="0" bev="0" fileid="2" />
                <SequencePoint vc="0" uspid="4503" ordinal="0" offset="34" sl="20" sc="0" el="20" ec="0" bec="0" bev="0" fileid="2" />
              </SequencePoints>
              <BranchPoints />
            </Method>
            <Method visited="false" cyclomaticComplexity="1" nPathComplexity="0" sequenceCoverage="0.0" branchCoverage="0" crapScore="2" isConstructor="false" isStatic="false" isGetter="false" isSetter="false">
              <Summary numSequencePoints="4" visitedSequencePoints="0" numBranchPoints="0" visitedBranchPoints="0" sequenceCoverage="0.0" branchCoverage="0" maxCyclomaticComplexity="1" minCyclomaticComplexity="1" maxCrapScore="2" minCrapScore="2" visitedClasses="0" numClasses="0" visitedMethods="0" numMethods="1" />
              <MetadataToken>100663310</MetadataToken>
              <Name>System.Void CameraControl::AdjustCameraSize()</Name>
              <FileRef uid="2" />
              <SequencePoints>
                <SequencePoint vc="0" uspid="4504" ordinal="0" offset="0" sl="23" sc="0" el="23" ec="0" bec="0" bev="0" fileid="2" />
                <SequencePoint vc="0" uspid="4505" ordinal="0" offset="1" sl="24" sc="0" el="24" ec="0" bec="0" bev="0" fileid="2" />
                <SequencePoint vc="0" uspid="4506" ordinal="0" offset="32" sl="25" sc="0" el="25" ec="0" bec="0" bev="0" fileid="2" />
                <SequencePoint vc="0" uspid="4507" ordinal="0" offset="63" sl="26" sc="0" el="26" ec="0" bec="0" bev="0" fileid="2" />
              </SequencePoints>
              <BranchPoints />
            </Method>
            <Method visited="false" cyclomaticComplexity="9" nPathComplexity="0" sequenceCoverage="0.0" branchCoverage="0" crapScore="90" isConstructor="false" isStatic="false" isGetter="false" isSetter="false">
              <Summary numSequencePoints="32" visitedSequencePoints="0" numBranchPoints="0" visitedBranchPoints="0" sequenceCoverage="0.0" branchCoverage="0" maxCyclomaticComplexity="9" minCyclomaticComplexity="9" maxCrapScore="90" minCrapScore="90" visitedClasses="0" numClasses="0" visitedMethods="0" numMethods="1" />
              <MetadataToken>100663311</MetadataToken>
              <Name>System.Void CameraControl::Update()</Name>
              <FileRef uid="2" />
              <SequencePoints>
                <SequencePoint vc="0" uspid="4508" ordinal="0" offset="0" sl="30" sc="0" el="30" ec="0" bec="0" bev="0" fileid="2" />
                <SequencePoint vc="0" uspid="4509" ordinal="0" offset="1" sl="31" sc="0" el="31" ec="0" bec="0" bev="0" fileid="2" />
                <SequencePoint vc="0" uspid="4510" ordinal="0" offset="12" sl="32" sc="0" el="32" ec="0" bec="0" bev="0" fileid="2" />
                <SequencePoint vc="0" uspid="4511" ordinal="0" offset="13" sl="33" sc="0" el="33" ec="0" bec="0" bev="0" fileid="2" />
                <SequencePoint vc="0" uspid="4512" ordinal="0" offset="63" sl="34" sc="0" el="34" ec="0" bec="0" bev="0" fileid="2" />
                <SequencePoint vc="0" uspid="4513" ordinal="0" offset="64" sl="35" sc="0" el="35" ec="0" bec="0" bev="0" fileid="2" />
                <SequencePoint vc="0" uspid="4514" ordinal="0" offset="75" sl="36" sc="0" el="36" ec="0" bec="0" bev="0" fileid="2" />
                <SequencePoint vc="0" uspid="4515" ordinal="0" offset="76" sl="37" sc="0" el="37" ec="0" bec="0" bev="0" fileid="2" />
                <SequencePoint vc="0" uspid="4516" ordinal="0" offset="126" sl="38" sc="0" el="38" ec="0" bec="0" bev="0" fileid="2" />
                <SequencePoint vc="0" uspid="4517" ordinal="0" offset="127" sl="39" sc="0" el="39" ec="0" bec="0" bev="0" fileid="2" />
                <SequencePoint vc="0" uspid="4518" ordinal="0" offset="138" sl="40" sc="0" el="40" ec="0" bec="0" bev="0" fileid="2" />
                <SequencePoint vc="0" uspid="4519" ordinal="0" offset="139" sl="41" sc="0" el="41" ec="0" bec="0" bev="0" fileid="2" />
                <SequencePoint vc="0" uspid="4520" ordinal="0" offset="189" sl="42" sc="0" el="42" ec="0" bec="0" bev="0" fileid="2" />
                <SequencePoint vc="0" uspid="4521" ordinal="0" offset="190" sl="43" sc="0" el="43" ec="0" bec="0" bev="0" fileid="2" />
                <SequencePoint vc="0" uspid="4522" ordinal="0" offset="203" sl="44" sc="0" el="44" ec="0" bec="0" bev="0" fileid="2" />
                <SequencePoint vc="0" uspid="4523" ordinal="0" offset="204" sl="45" sc="0" el="45" ec="0" bec="0" bev="0" fileid="2" />
                <SequencePoint vc="0" uspid="4524" ordinal="0" offset="254" sl="46" sc="0" el="46" ec="0" bec="0" bev="0" fileid="2" />
                <SequencePoint vc="0" uspid="4525" ordinal="0" offset="255" sl="48" sc="0" el="48" ec="0" bec="0" bev="0" fileid="2" />
                <SequencePoint vc="0" uspid="4526" ordinal="0" offset="266" sl="49" sc="0" el="49" ec="0" bec="0" bev="0" fileid="2" />
                <SequencePoint vc="0" uspid="4527" ordinal="0" offset="313" sl="50" sc="0" el="50" ec="0" bec="0" bev="0" fileid="2" />
                <SequencePoint vc="0" uspid="4528" ordinal="0" offset="314" sl="51" sc="0" el="51" ec="0" bec="0" bev="0" fileid="2" />
                <SequencePoint vc="0" uspid="4529" ordinal="0" offset="359" sl="52" sc="0" el="52" ec="0" bec="0" bev="0" fileid="2" />
                <SequencePoint vc="0" uspid="4530" ordinal="0" offset="418" sl="53" sc="0" el="53" ec="0" bec="0" bev="0" fileid="2" />
                <SequencePoint vc="0" uspid="4531" ordinal="0" offset="421" sl="54" sc="0" el="54" ec="0" bec="0" bev="0" fileid="2" />
                <SequencePoint vc="0" uspid="4532" ordinal="0" offset="449" sl="55" sc="0" el="55" ec="0" bec="0" bev="0" fileid="2" />
                <SequencePoint vc="0" uspid="4533" ordinal="0" offset="450" sl="56" sc="0" el="56" ec="0" bec="0" bev="0" fileid="2" />
                <SequencePoint vc="0" uspid="4534" ordinal="0" offset="474" sl="57" sc="0" el="57" ec="0" bec="0" bev="0" fileid="2" />
                <SequencePoint vc="0" uspid="4535" ordinal="0" offset="477" sl="58" sc="0" el="58" ec="0" bec="0" bev="0" fileid="2" />
                <SequencePoint vc="0" uspid="4536" ordinal="0" offset="505" sl="59" sc="0" el="59" ec="0" bec="0" bev="0" fileid="2" />
                <SequencePoint vc="0" uspid="4537" ordinal="0" offset="506" sl="60" sc="0" el="60" ec="0" bec="0" bev="0" fileid="2" />
                <SequencePoint vc="0" uspid="4538" ordinal="0" offset="530" sl="61" sc="0" el="61" ec="0" bec="0" bev="0" fileid="2" />
                <SequencePoint vc="0" uspid="4539" ordinal="0" offset="531" sl="62" sc="0" el="62" ec="0" bec="0" bev="0" fileid="2" />
              </SequencePoints>
              <BranchPoints />
            </Method>
            <Method visited="false" cyclomaticComplexity="1" nPathComplexity="0" sequenceCoverage="0.0" branchCoverage="0" crapScore="2" isConstructor="true" isStatic="false" isGetter="false" isSetter="false">
              <Summary numSequencePoints="5" visitedSequencePoints="0" numBranchPoints="0" visitedBranchPoints="0" sequenceCoverage="0.0" branchCoverage="0" maxCyclomaticComplexity="1" minCyclomaticComplexity="1" maxCrapScore="2" minCrapScore="2" visitedClasses="0" numClasses="0" visitedMethods="0" numMethods="1" />
              <MetadataToken>100663312</MetadataToken>
              <Name>CameraControl::CameraControl()</Name>
              <FileRef uid="2" />
              <SequencePoints>
                <SequencePoint vc="0" uspid="4540" ordinal="0" offset="0" sl="9" sc="5" el="9" ec="5" bec="0" bev="0" fileid="2" />
                <SequencePoint vc="0" uspid="4541" ordinal="0" offset="11" sl="10" sc="5" el="10" ec="5" bec="0" bev="0" fileid="2" />
                <SequencePoint vc="0" uspid="4542" ordinal="0" offset="22" sl="11" sc="5" el="11" ec="5" bec="0" bev="0" fileid="2" />
                <SequencePoint vc="0" uspid="4543" ordinal="0" offset="33" sl="12" sc="5" el="12" ec="5" bec="0" bev="0" fileid="2" />
                <SequencePoint vc="0" uspid="4544" ordinal="0" offset="44" sl="13" sc="5" el="13" ec="5" bec="0" bev="0" fileid="2" />
              </SequencePoints>
              <BranchPoints />
            </Method>
          </Methods>
        </Class>
        <Class>
          <Summary numSequencePoints="140" visitedSequencePoints="0" numBranchPoints="0" visitedBranchPoints="0" sequenceCoverage="0.0" branchCoverage="0.0" maxCyclomaticComplexity="10" minCyclomaticComplexity="1" maxCrapScore="110" minCrapScore="2" visitedClasses="0" numClasses="1" visitedMethods="0" numMethods="11" />
          <FullName>Cell</FullName>
          <Methods>
            <Method visited="false" cyclomaticComplexity="1" nPathComplexity="0" sequenceCoverage="0.0" branchCoverage="0" crapScore="2" isConstructor="false" isStatic="false" isGetter="false" isSetter="false">
              <Summary numSequencePoints="7" visitedSequencePoints="0" numBranchPoints="0" visitedBranchPoints="0" sequenceCoverage="0.0" branchCoverage="0" maxCyclomaticComplexity="1" minCyclomaticComplexity="1" maxCrapScore="2" minCrapScore="2" visitedClasses="0" numClasses="0" visitedMethods="0" numMethods="1" />
              <MetadataToken>100663313</MetadataToken>
              <Name>System.Void Cell::Start()</Name>
              <FileRef uid="3" />
              <SequencePoints>
                <SequencePoint vc="0" uspid="4545" ordinal="0" offset="0" sl="31" sc="0" el="31" ec="0" bec="0" bev="0" fileid="3" />
                <SequencePoint vc="0" uspid="4546" ordinal="0" offset="1" sl="32" sc="0" el="32" ec="0" bec="0" bev="0" fileid="3" />
                <SequencePoint vc="0" uspid="4547" ordinal="0" offset="22" sl="34" sc="0" el="34" ec="0" bec="0" bev="0" fileid="3" />
                <SequencePoint vc="0" uspid="4548" ordinal="0" offset="34" sl="36" sc="0" el="36" ec="0" bec="0" bev="0" fileid="3" />
                <SequencePoint vc="0" uspid="4549" ordinal="0" offset="71" sl="37" sc="0" el="37" ec="0" bec="0" bev="0" fileid="3" />
                <SequencePoint vc="0" uspid="4550" ordinal="0" offset="108" sl="39" sc="0" el="39" ec="0" bec="0" bev="0" fileid="3" />
                <SequencePoint vc="0" uspid="4551" ordinal="0" offset="127" sl="40" sc="0" el="40" ec="0" bec="0" bev="0" fileid="3" />
              </SequencePoints>
              <BranchPoints />
            </Method>
            <Method visited="false" cyclomaticComplexity="2" nPathComplexity="0" sequenceCoverage="0.0" branchCoverage="0" crapScore="6" isConstructor="false" isStatic="false" isGetter="false" isSetter="false">
              <Summary numSequencePoints="8" visitedSequencePoints="0" numBranchPoints="0" visitedBranchPoints="0" sequenceCoverage="0.0" branchCoverage="0" maxCyclomaticComplexity="2" minCyclomaticComplexity="2" maxCrapScore="6" minCrapScore="6" visitedClasses="0" numClasses="0" visitedMethods="0" numMethods="1" />
              <MetadataToken>100663314</MetadataToken>
              <Name>System.Void Cell::HandleLeftClick()</Name>
              <FileRef uid="3" />
              <SequencePoints>
                <SequencePoint vc="0" uspid="4552" ordinal="0" offset="0" sl="43" sc="0" el="43" ec="0" bec="0" bev="0" fileid="3" />
                <SequencePoint vc="0" uspid="4553" ordinal="0" offset="1" sl="44" sc="0" el="44" ec="0" bec="0" bev="0" fileid="3" />
                <SequencePoint vc="0" uspid="4554" ordinal="0" offset="14" sl="45" sc="0" el="45" ec="0" bec="0" bev="0" fileid="3" />
                <SequencePoint vc="0" uspid="4555" ordinal="0" offset="15" sl="46" sc="0" el="46" ec="0" bec="0" bev="0" fileid="3" />
                <SequencePoint vc="0" uspid="4556" ordinal="0" offset="22" sl="47" sc="0" el="47" ec="0" bec="0" bev="0" fileid="3" />
                <SequencePoint vc="0" uspid="4557" ordinal="0" offset="29" sl="48" sc="0" el="48" ec="0" bec="0" bev="0" fileid="3" />
                <SequencePoint vc="0" uspid="4558" ordinal="0" offset="36" sl="49" sc="0" el="49" ec="0" bec="0" bev="0" fileid="3" />
                <SequencePoint vc="0" uspid="4559" ordinal="0" offset="37" sl="50" sc="0" el="50" ec="0" bec="0" bev="0" fileid="3" />
              </SequencePoints>
              <BranchPoints />
            </Method>
            <Method visited="false" cyclomaticComplexity="2" nPathComplexity="0" sequenceCoverage="0.0" branchCoverage="0" crapScore="6" isConstructor="false" isStatic="false" isGetter="false" isSetter="false">
              <Summary numSequencePoints="8" visitedSequencePoints="0" numBranchPoints="0" visitedBranchPoints="0" sequenceCoverage="0.0" branchCoverage="0" maxCyclomaticComplexity="2" minCyclomaticComplexity="2" maxCrapScore="6" minCrapScore="6" visitedClasses="0" numClasses="0" visitedMethods="0" numMethods="1" />
              <MetadataToken>100663315</MetadataToken>
              <Name>System.Void Cell::HandleRightClick()</Name>
              <FileRef uid="3" />
              <SequencePoints>
                <SequencePoint vc="0" uspid="4560" ordinal="0" offset="0" sl="53" sc="0" el="53" ec="0" bec="0" bev="0" fileid="3" />
                <SequencePoint vc="0" uspid="4561" ordinal="0" offset="1" sl="54" sc="0" el="54" ec="0" bec="0" bev="0" fileid="3" />
                <SequencePoint vc="0" uspid="4562" ordinal="0" offset="11" sl="55" sc="0" el="55" ec="0" bec="0" bev="0" fileid="3" />
                <SequencePoint vc="0" uspid="4563" ordinal="0" offset="12" sl="56" sc="0" el="56" ec="0" bec="0" bev="0" fileid="3" />
                <SequencePoint vc="0" uspid="4564" ordinal="0" offset="19" sl="57" sc="0" el="57" ec="0" bec="0" bev="0" fileid="3" />
                <SequencePoint vc="0" uspid="4565" ordinal="0" offset="26" sl="58" sc="0" el="58" ec="0" bec="0" bev="0" fileid="3" />
                <SequencePoint vc="0" uspid="4566" ordinal="0" offset="33" sl="59" sc="0" el="59" ec="0" bec="0" bev="0" fileid="3" />
                <SequencePoint vc="0" uspid="4567" ordinal="0" offset="34" sl="60" sc="0" el="60" ec="0" bec="0" bev="0" fileid="3" />
              </SequencePoints>
              <BranchPoints />
            </Method>
            <Method visited="false" cyclomaticComplexity="1" nPathComplexity="0" sequenceCoverage="0.0" branchCoverage="0" crapScore="2" isConstructor="false" isStatic="false" isGetter="false" isSetter="false">
              <Summary numSequencePoints="4" visitedSequencePoints="0" numBranchPoints="0" visitedBranchPoints="0" sequenceCoverage="0.0" branchCoverage="0" maxCyclomaticComplexity="1" minCyclomaticComplexity="1" maxCrapScore="2" minCrapScore="2" visitedClasses="0" numClasses="0" visitedMethods="0" numMethods="1" />
              <MetadataToken>100663316</MetadataToken>
              <Name>System.Void Cell::UpdateState()</Name>
              <FileRef uid="3" />
              <SequencePoints>
                <SequencePoint vc="0" uspid="4568" ordinal="0" offset="0" sl="63" sc="0" el="63" ec="0" bec="0" bev="0" fileid="3" />
                <SequencePoint vc="0" uspid="4569" ordinal="0" offset="1" sl="64" sc="0" el="64" ec="0" bec="0" bev="0" fileid="3" />
                <SequencePoint vc="0" uspid="4570" ordinal="0" offset="8" sl="66" sc="0" el="66" ec="0" bec="0" bev="0" fileid="3" />
                <SequencePoint vc="0" uspid="4571" ordinal="0" offset="15" sl="67" sc="0" el="67" ec="0" bec="0" bev="0" fileid="3" />
              </SequencePoints>
              <BranchPoints />
            </Method>
            <Method visited="false" cyclomaticComplexity="3" nPathComplexity="0" sequenceCoverage="0.0" branchCoverage="0" crapScore="12" isConstructor="false" isStatic="false" isGetter="false" isSetter="false">
              <Summary numSequencePoints="12" visitedSequencePoints="0" numBranchPoints="0" visitedBranchPoints="0" sequenceCoverage="0.0" branchCoverage="0" maxCyclomaticComplexity="3" minCyclomaticComplexity="3" maxCrapScore="12" minCrapScore="12" visitedClasses="0" numClasses="0" visitedMethods="0" numMethods="1" />
              <MetadataToken>100663317</MetadataToken>
              <Name>System.Void Cell::UpdateNeighbors(System.Int32)</Name>
              <FileRef uid="3" />
              <SequencePoints>
                <SequencePoint vc="0" uspid="4572" ordinal="0" offset="0" sl="70" sc="0" el="70" ec="0" bec="0" bev="0" fileid="3" />
                <SequencePoint vc="0" uspid="4573" ordinal="0" offset="1" sl="71" sc="0" el="71" ec="0" bec="0" bev="0" fileid="3" />
                <SequencePoint vc="0" uspid="4574" ordinal="0" offset="11" sl="72" sc="0" el="72" ec="0" bec="0" bev="0" fileid="3" />
                <SequencePoint vc="0" uspid="4575" ordinal="0" offset="12" sl="73" sc="0" el="73" ec="0" bec="0" bev="0" fileid="3" />
                <SequencePoint vc="0" uspid="4576" ordinal="0" offset="13" sl="73" sc="0" el="73" ec="0" bec="0" bev="0" fileid="3" />
                <SequencePoint vc="0" uspid="4577" ordinal="0" offset="27" sl="73" sc="0" el="73" ec="0" bec="0" bev="0" fileid="3" />
                <SequencePoint vc="0" uspid="4578" ordinal="0" offset="35" sl="74" sc="0" el="74" ec="0" bec="0" bev="0" fileid="3" />
                <SequencePoint vc="0" uspid="4579" ordinal="0" offset="36" sl="75" sc="0" el="75" ec="0" bec="0" bev="0" fileid="3" />
                <SequencePoint vc="0" uspid="4580" ordinal="0" offset="55" sl="76" sc="0" el="76" ec="0" bec="0" bev="0" fileid="3" />
                <SequencePoint vc="0" uspid="4581" ordinal="0" offset="56" sl="73" sc="0" el="73" ec="0" bec="0" bev="0" fileid="3" />
                <SequencePoint vc="0" uspid="4582" ordinal="0" offset="82" sl="77" sc="0" el="77" ec="0" bec="0" bev="0" fileid="3" />
                <SequencePoint vc="0" uspid="4583" ordinal="0" offset="83" sl="78" sc="0" el="78" ec="0" bec="0" bev="0" fileid="3" />
              </SequencePoints>
              <BranchPoints />
            </Method>
            <Method visited="false" cyclomaticComplexity="7" nPathComplexity="0" sequenceCoverage="0.0" branchCoverage="0" crapScore="56" isConstructor="false" isStatic="false" isGetter="false" isSetter="false">
              <Summary numSequencePoints="23" visitedSequencePoints="0" numBranchPoints="0" visitedBranchPoints="0" sequenceCoverage="0.0" branchCoverage="0" maxCyclomaticComplexity="7" minCyclomaticComplexity="7" maxCrapScore="56" minCrapScore="56" visitedClasses="0" numClasses="0" visitedMethods="0" numMethods="1" />
              <MetadataToken>100663318</MetadataToken>
              <Name>System.Void Cell::SwitchState()</Name>
              <FileRef uid="3" />
              <SequencePoints>
                <SequencePoint vc="0" uspid="4584" ordinal="0" offset="0" sl="81" sc="0" el="81" ec="0" bec="0" bev="0" fileid="3" />
                <SequencePoint vc="0" uspid="4585" ordinal="0" offset="1" sl="82" sc="0" el="82" ec="0" bec="0" bev="0" fileid="3" />
                <SequencePoint vc="0" uspid="4586" ordinal="0" offset="22" sl="83" sc="0" el="83" ec="0" bec="0" bev="0" fileid="3" />
                <SequencePoint vc="0" uspid="4587" ordinal="0" offset="23" sl="84" sc="0" el="84" ec="0" bec="0" bev="0" fileid="3" />
                <SequencePoint vc="0" uspid="4588" ordinal="0" offset="37" sl="85" sc="0" el="85" ec="0" bec="0" bev="0" fileid="3" />
                <SequencePoint vc="0" uspid="4589" ordinal="0" offset="50" sl="85" sc="0" el="85" ec="0" bec="0" bev="0" fileid="3" />
                <SequencePoint vc="0" uspid="4590" ordinal="0" offset="51" sl="86" sc="0" el="86" ec="0" bec="0" bev="0" fileid="3" />
                <SequencePoint vc="0" uspid="4591" ordinal="0" offset="58" sl="87" sc="0" el="87" ec="0" bec="0" bev="0" fileid="3" />
                <SequencePoint vc="0" uspid="4592" ordinal="0" offset="59" sl="88" sc="0" el="88" ec="0" bec="0" bev="0" fileid="3" />
                <SequencePoint vc="0" uspid="4593" ordinal="0" offset="62" sl="89" sc="0" el="89" ec="0" bec="0" bev="0" fileid="3" />
                <SequencePoint vc="0" uspid="4594" ordinal="0" offset="83" sl="90" sc="0" el="90" ec="0" bec="0" bev="0" fileid="3" />
                <SequencePoint vc="0" uspid="4595" ordinal="0" offset="84" sl="91" sc="0" el="91" ec="0" bec="0" bev="0" fileid="3" />
                <SequencePoint vc="0" uspid="4596" ordinal="0" offset="96" sl="93" sc="0" el="93" ec="0" bec="0" bev="0" fileid="3" />
                <SequencePoint vc="0" uspid="4597" ordinal="0" offset="106" sl="94" sc="0" el="94" ec="0" bec="0" bev="0" fileid="3" />
                <SequencePoint vc="0" uspid="4598" ordinal="0" offset="107" sl="95" sc="0" el="95" ec="0" bec="0" bev="0" fileid="3" />
                <SequencePoint vc="0" uspid="4599" ordinal="0" offset="114" sl="96" sc="0" el="96" ec="0" bec="0" bev="0" fileid="3" />
                <SequencePoint vc="0" uspid="4600" ordinal="0" offset="117" sl="98" sc="0" el="98" ec="0" bec="0" bev="0" fileid="3" />
                <SequencePoint vc="0" uspid="4601" ordinal="0" offset="118" sl="99" sc="0" el="99" ec="0" bec="0" bev="0" fileid="3" />
                <SequencePoint vc="0" uspid="4602" ordinal="0" offset="125" sl="100" sc="0" el="100" ec="0" bec="0" bev="0" fileid="3" />
                <SequencePoint vc="0" uspid="4603" ordinal="0" offset="126" sl="101" sc="0" el="101" ec="0" bec="0" bev="0" fileid="3" />
                <SequencePoint vc="0" uspid="4604" ordinal="0" offset="127" sl="102" sc="0" el="102" ec="0" bec="0" bev="0" fileid="3" />
                <SequencePoint vc="0" uspid="4605" ordinal="0" offset="134" sl="103" sc="0" el="103" ec="0" bec="0" bev="0" fileid="3" />
                <SequencePoint vc="0" uspid="4606" ordinal="0" offset="141" sl="104" sc="0" el="104" ec="0" bec="0" bev="0" fileid="3" />
              </SequencePoints>
              <BranchPoints />
            </Method>
            <Method visited="false" cyclomaticComplexity="5" nPathComplexity="0" sequenceCoverage="0.0" branchCoverage="0" crapScore="30" isConstructor="false" isStatic="false" isGetter="false" isSetter="false">
              <Summary numSequencePoints="21" visitedSequencePoints="0" numBranchPoints="0" visitedBranchPoints="0" sequenceCoverage="0.0" branchCoverage="0" maxCyclomaticComplexity="5" minCyclomaticComplexity="5" maxCrapScore="30" minCrapScore="30" visitedClasses="0" numClasses="0" visitedMethods="0" numMethods="1" />
              <MetadataToken>100663319</MetadataToken>
              <Name>System.Void Cell::WillBeAlive()</Name>
              <FileRef uid="3" />
              <SequencePoints>
                <SequencePoint vc="0" uspid="4607" ordinal="0" offset="0" sl="107" sc="0" el="107" ec="0" bec="0" bev="0" fileid="3" />
                <SequencePoint vc="0" uspid="4608" ordinal="0" offset="1" sl="108" sc="0" el="108" ec="0" bec="0" bev="0" fileid="3" />
                <SequencePoint vc="0" uspid="4609" ordinal="0" offset="11" sl="109" sc="0" el="109" ec="0" bec="0" bev="0" fileid="3" />
                <SequencePoint vc="0" uspid="4610" ordinal="0" offset="12" sl="110" sc="0" el="110" ec="0" bec="0" bev="0" fileid="3" />
                <SequencePoint vc="0" uspid="4611" ordinal="0" offset="37" sl="111" sc="0" el="111" ec="0" bec="0" bev="0" fileid="3" />
                <SequencePoint vc="0" uspid="4612" ordinal="0" offset="38" sl="112" sc="0" el="112" ec="0" bec="0" bev="0" fileid="3" />
                <SequencePoint vc="0" uspid="4613" ordinal="0" offset="45" sl="113" sc="0" el="113" ec="0" bec="0" bev="0" fileid="3" />
                <SequencePoint vc="0" uspid="4614" ordinal="0" offset="48" sl="115" sc="0" el="115" ec="0" bec="0" bev="0" fileid="3" />
                <SequencePoint vc="0" uspid="4615" ordinal="0" offset="49" sl="116" sc="0" el="116" ec="0" bec="0" bev="0" fileid="3" />
                <SequencePoint vc="0" uspid="4616" ordinal="0" offset="56" sl="117" sc="0" el="117" ec="0" bec="0" bev="0" fileid="3" />
                <SequencePoint vc="0" uspid="4617" ordinal="0" offset="57" sl="118" sc="0" el="118" ec="0" bec="0" bev="0" fileid="3" />
                <SequencePoint vc="0" uspid="4618" ordinal="0" offset="60" sl="120" sc="0" el="120" ec="0" bec="0" bev="0" fileid="3" />
                <SequencePoint vc="0" uspid="4619" ordinal="0" offset="61" sl="121" sc="0" el="121" ec="0" bec="0" bev="0" fileid="3" />
                <SequencePoint vc="0" uspid="4620" ordinal="0" offset="74" sl="122" sc="0" el="122" ec="0" bec="0" bev="0" fileid="3" />
                <SequencePoint vc="0" uspid="4621" ordinal="0" offset="75" sl="123" sc="0" el="123" ec="0" bec="0" bev="0" fileid="3" />
                <SequencePoint vc="0" uspid="4622" ordinal="0" offset="82" sl="124" sc="0" el="124" ec="0" bec="0" bev="0" fileid="3" />
                <SequencePoint vc="0" uspid="4623" ordinal="0" offset="85" sl="126" sc="0" el="126" ec="0" bec="0" bev="0" fileid="3" />
                <SequencePoint vc="0" uspid="4624" ordinal="0" offset="86" sl="127" sc="0" el="127" ec="0" bec="0" bev="0" fileid="3" />
                <SequencePoint vc="0" uspid="4625" ordinal="0" offset="93" sl="128" sc="0" el="128" ec="0" bec="0" bev="0" fileid="3" />
                <SequencePoint vc="0" uspid="4626" ordinal="0" offset="94" sl="129" sc="0" el="129" ec="0" bec="0" bev="0" fileid="3" />
                <SequencePoint vc="0" uspid="4627" ordinal="0" offset="95" sl="130" sc="0" el="130" ec="0" bec="0" bev="0" fileid="3" />
              </SequencePoints>
              <BranchPoints />
            </Method>
            <Method visited="false" cyclomaticComplexity="2" nPathComplexity="0" sequenceCoverage="0.0" branchCoverage="0" crapScore="6" isConstructor="false" isStatic="false" isGetter="false" isSetter="false">
              <Summary numSequencePoints="12" visitedSequencePoints="0" numBranchPoints="0" visitedBranchPoints="0" sequenceCoverage="0.0" branchCoverage="0" maxCyclomaticComplexity="2" minCyclomaticComplexity="2" maxCrapScore="6" minCrapScore="6" visitedClasses="0" numClasses="0" visitedMethods="0" numMethods="1" />
              <MetadataToken>100663320</MetadataToken>
              <Name>System.Void Cell::RandomState()</Name>
              <FileRef uid="3" />
              <SequencePoints>
                <SequencePoint vc="0" uspid="4628" ordinal="0" offset="0" sl="133" sc="0" el="133" ec="0" bec="0" bev="0" fileid="3" />
                <SequencePoint vc="0" uspid="4629" ordinal="0" offset="1" sl="134" sc="0" el="134" ec="0" bec="0" bev="0" fileid="3" />
                <SequencePoint vc="0" uspid="4630" ordinal="0" offset="17" sl="135" sc="0" el="135" ec="0" bec="0" bev="0" fileid="3" />
                <SequencePoint vc="0" uspid="4631" ordinal="0" offset="18" sl="136" sc="0" el="136" ec="0" bec="0" bev="0" fileid="3" />
                <SequencePoint vc="0" uspid="4632" ordinal="0" offset="25" sl="137" sc="0" el="137" ec="0" bec="0" bev="0" fileid="3" />
                <SequencePoint vc="0" uspid="4633" ordinal="0" offset="32" sl="138" sc="0" el="138" ec="0" bec="0" bev="0" fileid="3" />
                <SequencePoint vc="0" uspid="4634" ordinal="0" offset="35" sl="140" sc="0" el="140" ec="0" bec="0" bev="0" fileid="3" />
                <SequencePoint vc="0" uspid="4635" ordinal="0" offset="36" sl="141" sc="0" el="141" ec="0" bec="0" bev="0" fileid="3" />
                <SequencePoint vc="0" uspid="4636" ordinal="0" offset="43" sl="142" sc="0" el="142" ec="0" bec="0" bev="0" fileid="3" />
                <SequencePoint vc="0" uspid="4637" ordinal="0" offset="50" sl="143" sc="0" el="143" ec="0" bec="0" bev="0" fileid="3" />
                <SequencePoint vc="0" uspid="4638" ordinal="0" offset="51" sl="144" sc="0" el="144" ec="0" bec="0" bev="0" fileid="3" />
                <SequencePoint vc="0" uspid="4639" ordinal="0" offset="58" sl="145" sc="0" el="145" ec="0" bec="0" bev="0" fileid="3" />
              </SequencePoints>
              <BranchPoints />
            </Method>
            <Method visited="false" cyclomaticComplexity="9" nPathComplexity="0" sequenceCoverage="0.0" branchCoverage="0" crapScore="90" isConstructor="false" isStatic="false" isGetter="false" isSetter="false">
              <Summary numSequencePoints="19" visitedSequencePoints="0" numBranchPoints="0" visitedBranchPoints="0" sequenceCoverage="0.0" branchCoverage="0" maxCyclomaticComplexity="9" minCyclomaticComplexity="9" maxCrapScore="90" minCrapScore="90" visitedClasses="0" numClasses="0" visitedMethods="0" numMethods="1" />
              <MetadataToken>100663321</MetadataToken>
              <Name>System.Void Cell::GetNeighbors()</Name>
              <FileRef uid="3" />
              <SequencePoints>
                <SequencePoint vc="0" uspid="4640" ordinal="0" offset="0" sl="148" sc="0" el="148" ec="0" bec="0" bev="0" fileid="3" />
                <SequencePoint vc="0" uspid="4641" ordinal="0" offset="1" sl="149" sc="0" el="149" ec="0" bec="0" bev="0" fileid="3" />
                <SequencePoint vc="0" uspid="4642" ordinal="0" offset="15" sl="150" sc="0" el="150" ec="0" bec="0" bev="0" fileid="3" />
                <SequencePoint vc="0" uspid="4643" ordinal="0" offset="16" sl="151" sc="0" el="151" ec="0" bec="0" bev="0" fileid="3" />
                <SequencePoint vc="0" uspid="4644" ordinal="0" offset="27" sl="152" sc="0" el="152" ec="0" bec="0" bev="0" fileid="3" />
                <SequencePoint vc="0" uspid="4645" ordinal="0" offset="28" sl="153" sc="0" el="153" ec="0" bec="0" bev="0" fileid="3" />
                <SequencePoint vc="0" uspid="4646" ordinal="0" offset="53" sl="154" sc="0" el="154" ec="0" bec="0" bev="0" fileid="3" />
                <SequencePoint vc="0" uspid="4647" ordinal="0" offset="54" sl="155" sc="0" el="155" ec="0" bec="0" bev="0" fileid="3" />
                <SequencePoint vc="0" uspid="4648" ordinal="0" offset="56" sl="157" sc="0" el="157" ec="0" bec="0" bev="0" fileid="3" />
                <SequencePoint vc="0" uspid="4649" ordinal="0" offset="102" sl="158" sc="0" el="158" ec="0" bec="0" bev="0" fileid="3" />
                <SequencePoint vc="0" uspid="4650" ordinal="0" offset="103" sl="159" sc="0" el="159" ec="0" bec="0" bev="0" fileid="3" />
                <SequencePoint vc="0" uspid="4651" ordinal="0" offset="105" sl="161" sc="0" el="161" ec="0" bec="0" bev="0" fileid="3" />
                <SequencePoint vc="0" uspid="4652" ordinal="0" offset="140" sl="162" sc="0" el="162" ec="0" bec="0" bev="0" fileid="3" />
                <SequencePoint vc="0" uspid="4653" ordinal="0" offset="141" sl="151" sc="0" el="151" ec="0" bec="0" bev="0" fileid="3" />
                <SequencePoint vc="0" uspid="4654" ordinal="0" offset="145" sl="151" sc="0" el="151" ec="0" bec="0" bev="0" fileid="3" />
                <SequencePoint vc="0" uspid="4655" ordinal="0" offset="168" sl="163" sc="0" el="163" ec="0" bec="0" bev="0" fileid="3" />
                <SequencePoint vc="0" uspid="4656" ordinal="0" offset="169" sl="149" sc="0" el="149" ec="0" bec="0" bev="0" fileid="3" />
                <SequencePoint vc="0" uspid="4657" ordinal="0" offset="173" sl="149" sc="0" el="149" ec="0" bec="0" bev="0" fileid="3" />
                <SequencePoint vc="0" uspid="4658" ordinal="0" offset="196" sl="164" sc="0" el="164" ec="0" bec="0" bev="0" fileid="3" />
              </SequencePoints>
              <BranchPoints />
            </Method>
            <Method visited="false" cyclomaticComplexity="10" nPathComplexity="0" sequenceCoverage="0.0" branchCoverage="0" crapScore="110" isConstructor="false" isStatic="false" isGetter="false" isSetter="false">
              <Summary numSequencePoints="21" visitedSequencePoints="0" numBranchPoints="0" visitedBranchPoints="0" sequenceCoverage="0.0" branchCoverage="0" maxCyclomaticComplexity="10" minCyclomaticComplexity="10" maxCrapScore="110" minCrapScore="110" visitedClasses="0" numClasses="0" visitedMethods="0" numMethods="1" />
              <MetadataToken>100663322</MetadataToken>
              <Name>System.Void Cell::UpdateColor()</Name>
              <FileRef uid="3" />
              <SequencePoints>
                <SequencePoint vc="0" uspid="4659" ordinal="0" offset="0" sl="167" sc="0" el="167" ec="0" bec="0" bev="0" fileid="3" />
                <SequencePoint vc="0" uspid="4660" ordinal="0" offset="1" sl="168" sc="0" el="168" ec="0" bec="0" bev="0" fileid="3" />
                <SequencePoint vc="0" uspid="4661" ordinal="0" offset="53" sl="170" sc="0" el="170" ec="0" bec="0" bev="0" fileid="3" />
                <SequencePoint vc="0" uspid="4662" ordinal="0" offset="70" sl="171" sc="0" el="171" ec="0" bec="0" bev="0" fileid="3" />
                <SequencePoint vc="0" uspid="4663" ordinal="0" offset="75" sl="173" sc="0" el="173" ec="0" bec="0" bev="0" fileid="3" />
                <SequencePoint vc="0" uspid="4664" ordinal="0" offset="97" sl="174" sc="0" el="174" ec="0" bec="0" bev="0" fileid="3" />
                <SequencePoint vc="0" uspid="4665" ordinal="0" offset="102" sl="176" sc="0" el="176" ec="0" bec="0" bev="0" fileid="3" />
                <SequencePoint vc="0" uspid="4666" ordinal="0" offset="124" sl="177" sc="0" el="177" ec="0" bec="0" bev="0" fileid="3" />
                <SequencePoint vc="0" uspid="4667" ordinal="0" offset="129" sl="179" sc="0" el="179" ec="0" bec="0" bev="0" fileid="3" />
                <SequencePoint vc="0" uspid="4668" ordinal="0" offset="151" sl="180" sc="0" el="180" ec="0" bec="0" bev="0" fileid="3" />
                <SequencePoint vc="0" uspid="4669" ordinal="0" offset="153" sl="182" sc="0" el="182" ec="0" bec="0" bev="0" fileid="3" />
                <SequencePoint vc="0" uspid="4670" ordinal="0" offset="175" sl="183" sc="0" el="183" ec="0" bec="0" bev="0" fileid="3" />
                <SequencePoint vc="0" uspid="4671" ordinal="0" offset="177" sl="185" sc="0" el="185" ec="0" bec="0" bev="0" fileid="3" />
                <SequencePoint vc="0" uspid="4672" ordinal="0" offset="199" sl="186" sc="0" el="186" ec="0" bec="0" bev="0" fileid="3" />
                <SequencePoint vc="0" uspid="4673" ordinal="0" offset="201" sl="188" sc="0" el="188" ec="0" bec="0" bev="0" fileid="3" />
                <SequencePoint vc="0" uspid="4674" ordinal="0" offset="223" sl="189" sc="0" el="189" ec="0" bec="0" bev="0" fileid="3" />
                <SequencePoint vc="0" uspid="4675" ordinal="0" offset="225" sl="191" sc="0" el="191" ec="0" bec="0" bev="0" fileid="3" />
                <SequencePoint vc="0" uspid="4676" ordinal="0" offset="247" sl="192" sc="0" el="192" ec="0" bec="0" bev="0" fileid="3" />
                <SequencePoint vc="0" uspid="4677" ordinal="0" offset="249" sl="194" sc="0" el="194" ec="0" bec="0" bev="0" fileid="3" />
                <SequencePoint vc="0" uspid="4678" ordinal="0" offset="266" sl="195" sc="0" el="195" ec="0" bec="0" bev="0" fileid="3" />
                <SequencePoint vc="0" uspid="4679" ordinal="0" offset="268" sl="197" sc="0" el="197" ec="0" bec="0" bev="0" fileid="3" />
              </SequencePoints>
              <BranchPoints />
            </Method>
            <Method visited="false" cyclomaticComplexity="1" nPathComplexity="0" sequenceCoverage="0.0" branchCoverage="0" crapScore="2" isConstructor="true" isStatic="false" isGetter="false" isSetter="false">
              <Summary numSequencePoints="5" visitedSequencePoints="0" numBranchPoints="0" visitedBranchPoints="0" sequenceCoverage="0.0" branchCoverage="0" maxCyclomaticComplexity="1" minCyclomaticComplexity="1" maxCrapScore="2" minCrapScore="2" visitedClasses="0" numClasses="0" visitedMethods="0" numMethods="1" />
              <MetadataToken>100663323</MetadataToken>
              <Name>Cell::Cell()</Name>
              <FileRef uid="3" />
              <SequencePoints>
                <SequencePoint vc="0" uspid="4680" ordinal="0" offset="0" sl="9" sc="5" el="9" ec="5" bec="0" bev="0" fileid="3" />
                <SequencePoint vc="0" uspid="4681" ordinal="0" offset="7" sl="10" sc="5" el="10" ec="5" bec="0" bev="0" fileid="3" />
                <SequencePoint vc="0" uspid="4682" ordinal="0" offset="14" sl="11" sc="5" el="11" ec="5" bec="0" bev="0" fileid="3" />
                <SequencePoint vc="0" uspid="4683" ordinal="0" offset="25" sl="15" sc="5" el="15" ec="5" bec="0" bev="0" fileid="3" />
                <SequencePoint vc="0" uspid="4684" ordinal="0" offset="32" sl="16" sc="5" el="16" ec="5" bec="0" bev="0" fileid="3" />
              </SequencePoints>
              <BranchPoints />
            </Method>
          </Methods>
        </Class>
        <Class>
          <Summary numSequencePoints="12" visitedSequencePoints="0" numBranchPoints="0" visitedBranchPoints="0" sequenceCoverage="0.0" branchCoverage="0.0" maxCyclomaticComplexity="2" minCyclomaticComplexity="1" maxCrapScore="6" minCrapScore="2" visitedClasses="0" numClasses="1" visitedMethods="0" numMethods="3" />
          <FullName>ClearButtonScript</FullName>
          <Methods>
            <Method visited="false" cyclomaticComplexity="1" nPathComplexity="0" sequenceCoverage="0.0" branchCoverage="0" crapScore="2" isConstructor="false" isStatic="false" isGetter="false" isSetter="false">
              <Summary numSequencePoints="3" visitedSequencePoints="0" numBranchPoints="0" visitedBranchPoints="0" sequenceCoverage="0.0" branchCoverage="0" maxCyclomaticComplexity="1" minCyclomaticComplexity="1" maxCrapScore="2" minCrapScore="2" visitedClasses="0" numClasses="0" visitedMethods="0" numMethods="1" />
              <MetadataToken>100663324</MetadataToken>
              <Name>System.Void ClearButtonScript::Start()</Name>
              <FileRef uid="4" />
              <SequencePoints>
                <SequencePoint vc="0" uspid="4685" ordinal="0" offset="0" sl="11" sc="0" el="11" ec="0" bec="0" bev="0" fileid="4" />
                <SequencePoint vc="0" uspid="4686" ordinal="0" offset="1" sl="12" sc="0" el="12" ec="0" bec="0" bev="0" fileid="4" />
                <SequencePoint vc="0" uspid="4687" ordinal="0" offset="22" sl="13" sc="0" el="13" ec="0" bec="0" bev="0" fileid="4" />
              </SequencePoints>
              <BranchPoints />
            </Method>
            <Method visited="false" cyclomaticComplexity="2" nPathComplexity="0" sequenceCoverage="0.0" branchCoverage="0" crapScore="6" isConstructor="false" isStatic="false" isGetter="false" isSetter="false">
              <Summary numSequencePoints="6" visitedSequencePoints="0" numBranchPoints="0" visitedBranchPoints="0" sequenceCoverage="0.0" branchCoverage="0" maxCyclomaticComplexity="2" minCyclomaticComplexity="2" maxCrapScore="6" minCrapScore="6" visitedClasses="0" numClasses="0" visitedMethods="0" numMethods="1" />
              <MetadataToken>100663325</MetadataToken>
              <Name>System.Void ClearButtonScript::Update()</Name>
              <FileRef uid="4" />
              <SequencePoints>
                <SequencePoint vc="0" uspid="4688" ordinal="0" offset="0" sl="16" sc="0" el="16" ec="0" bec="0" bev="0" fileid="4" />
                <SequencePoint vc="0" uspid="4689" ordinal="0" offset="1" sl="17" sc="0" el="17" ec="0" bec="0" bev="0" fileid="4" />
                <SequencePoint vc="0" uspid="4690" ordinal="0" offset="12" sl="18" sc="0" el="18" ec="0" bec="0" bev="0" fileid="4" />
                <SequencePoint vc="0" uspid="4691" ordinal="0" offset="13" sl="19" sc="0" el="19" ec="0" bec="0" bev="0" fileid="4" />
                <SequencePoint vc="0" uspid="4692" ordinal="0" offset="20" sl="20" sc="0" el="20" ec="0" bec="0" bev="0" fileid="4" />
                <SequencePoint vc="0" uspid="4693" ordinal="0" offset="21" sl="21" sc="0" el="21" ec="0" bec="0" bev="0" fileid="4" />
              </SequencePoints>
              <BranchPoints />
            </Method>
            <Method visited="false" cyclomaticComplexity="1" nPathComplexity="0" sequenceCoverage="0.0" branchCoverage="0" crapScore="2" isConstructor="false" isStatic="false" isGetter="false" isSetter="false">
              <Summary numSequencePoints="3" visitedSequencePoints="0" numBranchPoints="0" visitedBranchPoints="0" sequenceCoverage="0.0" branchCoverage="0" maxCyclomaticComplexity="1" minCyclomaticComplexity="1" maxCrapScore="2" minCrapScore="2" visitedClasses="0" numClasses="0" visitedMethods="0" numMethods="1" />
              <MetadataToken>100663326</MetadataToken>
              <Name>System.Void ClearButtonScript::OnClick()</Name>
              <FileRef uid="4" />
              <SequencePoints>
                <SequencePoint vc="0" uspid="4694" ordinal="0" offset="0" sl="24" sc="0" el="24" ec="0" bec="0" bev="0" fileid="4" />
                <SequencePoint vc="0" uspid="4695" ordinal="0" offset="1" sl="25" sc="0" el="25" ec="0" bec="0" bev="0" fileid="4" />
                <SequencePoint vc="0" uspid="4696" ordinal="0" offset="13" sl="26" sc="0" el="26" ec="0" bec="0" bev="0" fileid="4" />
              </SequencePoints>
              <BranchPoints />
            </Method>
          </Methods>
        </Class>
        <Class>
          <Summary numSequencePoints="5" visitedSequencePoints="0" numBranchPoints="0" visitedBranchPoints="0" sequenceCoverage="0.0" branchCoverage="0.0" maxCyclomaticComplexity="1" minCyclomaticComplexity="1" maxCrapScore="2" minCrapScore="2" visitedClasses="0" numClasses="1" visitedMethods="0" numMethods="1" />
          <FullName>CloseButtonPanelButtonScript</FullName>
          <Methods>
            <Method visited="false" cyclomaticComplexity="1" nPathComplexity="0" sequenceCoverage="0.0" branchCoverage="0" crapScore="2" isConstructor="false" isStatic="false" isGetter="false" isSetter="false">
              <Summary numSequencePoints="5" visitedSequencePoints="0" numBranchPoints="0" visitedBranchPoints="0" sequenceCoverage="0.0" branchCoverage="0" maxCyclomaticComplexity="1" minCyclomaticComplexity="1" maxCrapScore="2" minCrapScore="2" visitedClasses="0" numClasses="0" visitedMethods="0" numMethods="1" />
              <MetadataToken>100663328</MetadataToken>
              <Name>System.Void CloseButtonPanelButtonScript::MovePanel()</Name>
              <FileRef uid="5" />
              <SequencePoints>
                <SequencePoint vc="0" uspid="4697" ordinal="0" offset="0" sl="9" sc="0" el="9" ec="0" bec="0" bev="0" fileid="5" />
                <SequencePoint vc="0" uspid="4698" ordinal="0" offset="1" sl="10" sc="0" el="10" ec="0" bec="0" bev="0" fileid="5" />
                <SequencePoint vc="0" uspid="4699" ordinal="0" offset="18" sl="11" sc="0" el="11" ec="0" bec="0" bev="0" fileid="5" />
                <SequencePoint vc="0" uspid="4700" ordinal="0" offset="34" sl="12" sc="0" el="12" ec="0" bec="0" bev="0" fileid="5" />
                <SequencePoint vc="0" uspid="4701" ordinal="0" offset="52" sl="13" sc="0" el="13" ec="0" bec="0" bev="0" fileid="5" />
              </SequencePoints>
              <BranchPoints />
            </Method>
          </Methods>
        </Class>
        <Class>
          <Summary numSequencePoints="12" visitedSequencePoints="0" numBranchPoints="0" visitedBranchPoints="0" sequenceCoverage="0.0" branchCoverage="0.0" maxCyclomaticComplexity="2" minCyclomaticComplexity="1" maxCrapScore="6" minCrapScore="2" visitedClasses="0" numClasses="1" visitedMethods="0" numMethods="3" />
          <FullName>CopyButtonScript</FullName>
          <Methods>
            <Method visited="false" cyclomaticComplexity="1" nPathComplexity="0" sequenceCoverage="0.0" branchCoverage="0" crapScore="2" isConstructor="false" isStatic="false" isGetter="false" isSetter="false">
              <Summary numSequencePoints="3" visitedSequencePoints="0" numBranchPoints="0" visitedBranchPoints="0" sequenceCoverage="0.0" branchCoverage="0" maxCyclomaticComplexity="1" minCyclomaticComplexity="1" maxCrapScore="2" minCrapScore="2" visitedClasses="0" numClasses="0" visitedMethods="0" numMethods="1" />
              <MetadataToken>100663330</MetadataToken>
              <Name>System.Void CopyButtonScript::Start()</Name>
              <FileRef uid="6" />
              <SequencePoints>
                <SequencePoint vc="0" uspid="4702" ordinal="0" offset="0" sl="11" sc="0" el="11" ec="0" bec="0" bev="0" fileid="6" />
                <SequencePoint vc="0" uspid="4703" ordinal="0" offset="1" sl="12" sc="0" el="12" ec="0" bec="0" bev="0" fileid="6" />
                <SequencePoint vc="0" uspid="4704" ordinal="0" offset="22" sl="13" sc="0" el="13" ec="0" bec="0" bev="0" fileid="6" />
              </SequencePoints>
              <BranchPoints />
            </Method>
[...]
                <SequencePoint vc="0" uspid="6433" ordinal="0" offset="55" sl="1029" sc="13" el="1029" ec="13" bec="0" bev="0" fileid="32" />
                <SequencePoint vc="0" uspid="6434" ordinal="0" offset="113" sl="1031" sc="9" el="1031" ec="9" bec="0" bev="0" fileid="32" />
                <SequencePoint vc="0" uspid="6435" ordinal="0" offset="118" sl="1025" sc="28" el="1025" ec="28" bec="0" bev="0" fileid="32" />
                <SequencePoint vc="0" uspid="6436" ordinal="0" offset="124" sl="1032" sc="5" el="1032" ec="5" bec="0" bev="0" fileid="32" />
              </SequencePoints>
              <BranchPoints />
            </Method>
            <Method visited="false" cyclomaticComplexity="1" nPathComplexity="0" sequenceCoverage="0.0" branchCoverage="0" crapScore="2" isConstructor="false" isStatic="false" isGetter="false" isSetter="false">
              <Summary numSequencePoints="1" visitedSequencePoints="0" numBranchPoints="0" visitedBranchPoints="0" sequenceCoverage="0.0" branchCoverage="0" maxCyclomaticComplexity="1" minCyclomaticComplexity="1" maxCrapScore="2" minCrapScore="2" visitedClasses="0" numClasses="0" visitedMethods="0" numMethods="1" />
              <MetadataToken>100663356</MetadataToken>
              <Name>System.Void UpdateColorTests::&lt;UpdateColor_AllValidCases_NoExceptions&gt;b__19_0()</Name>
              <FileRef uid="32" />
              <SequencePoints>
                <SequencePoint vc="0" uspid="6437" ordinal="0" offset="0" sl="941" sc="39" el="941" ec="39" bec="0" bev="0" fileid="32" />
              </SequencePoints>
              <BranchPoints />
            </Method>
          </Methods>
        </Class>
        <Class>
          <Summary numSequencePoints="22" visitedSequencePoints="0" numBranchPoints="0" visitedBranchPoints="0" sequenceCoverage="0.0" branchCoverage="0.0" maxCyclomaticComplexity="9" minCyclomaticComplexity="9" maxCrapScore="90" minCrapScore="90" visitedClasses="0" numClasses="1" visitedMethods="0" numMethods="1" />
          <FullName>RotateStructureTests/TestClass</FullName>
          <Methods>
            <Method visited="false" cyclomaticComplexity="9" nPathComplexity="0" sequenceCoverage="0.0" branchCoverage="0" crapScore="90" isConstructor="false" isStatic="false" isGetter="false" isSetter="false">
              <Summary numSequencePoints="22" visitedSequencePoints="0" numBranchPoints="0" visitedBranchPoints="0" sequenceCoverage="0.0" branchCoverage="0" maxCyclomaticComplexity="9" minCyclomaticComplexity="9" maxCrapScore="90" minCrapScore="90" visitedClasses="0" numClasses="0" visitedMethods="0" numMethods="1" />
              <MetadataToken>100663359</MetadataToken>
              <Name>System.Void RotateStructureTests/TestClass::RotateStructure()</Name>
              <FileRef uid="32" />
              <SequencePoints>
                <SequencePoint vc="0" uspid="6438" ordinal="0" offset="0" sl="16" sc="0" el="16" ec="0" bec="0" bev="0" fileid="32" />
                <SequencePoint vc="0" uspid="6439" ordinal="0" offset="1" sl="17" sc="0" el="17" ec="0" bec="0" bev="0" fileid="32" />
                <SequencePoint vc="0" uspid="6440" ordinal="0" offset="25" sl="18" sc="0" el="18" ec="0" bec="0" bev="0" fileid="32" />
                <SequencePoint vc="0" uspid="6441" ordinal="0" offset="26" sl="19" sc="0" el="19" ec="0" bec="0" bev="0" fileid="32" />
                <SequencePoint vc="0" uspid="6442" ordinal="0" offset="33" sl="20" sc="0" el="20" ec="0" bec="0" bev="0" fileid="32" />
                <SequencePoint vc="0" uspid="6443" ordinal="0" offset="40" sl="21" sc="0" el="21" ec="0" bec="0" bev="0" fileid="32" />
                <SequencePoint vc="0" uspid="6444" ordinal="0" offset="43" sl="22" sc="0" el="22" ec="0" bec="0" bev="0" fileid="32" />
                <SequencePoint vc="0" uspid="6445" ordinal="0" offset="68" sl="23" sc="0" el="23" ec="0" bec="0" bev="0" fileid="32" />
                <SequencePoint vc="0" uspid="6446" ordinal="0" offset="69" sl="24" sc="0" el="24" ec="0" bec="0" bev="0" fileid="32" />
                <SequencePoint vc="0" uspid="6447" ordinal="0" offset="76" sl="25" sc="0" el="25" ec="0" bec="0" bev="0" fileid="32" />
                <SequencePoint vc="0" uspid="6448" ordinal="0" offset="83" sl="26" sc="0" el="26" ec="0" bec="0" bev="0" fileid="32" />
                <SequencePoint vc="0" uspid="6449" ordinal="0" offset="86" sl="27" sc="0" el="27" ec="0" bec="0" bev="0" fileid="32" />
                <SequencePoint vc="0" uspid="6450" ordinal="0" offset="111" sl="28" sc="0" el="28" ec="0" bec="0" bev="0" fileid="32" />
                <SequencePoint vc="0" uspid="6451" ordinal="0" offset="112" sl="29" sc="0" el="29" ec="0" bec="0" bev="0" fileid="32" />
                <SequencePoint vc="0" uspid="6452" ordinal="0" offset="119" sl="30" sc="0" el="30" ec="0" bec="0" bev="0" fileid="32" />
                <SequencePoint vc="0" uspid="6453" ordinal="0" offset="126" sl="31" sc="0" el="31" ec="0" bec="0" bev="0" fileid="32" />
                <SequencePoint vc="0" uspid="6454" ordinal="0" offset="129" sl="32" sc="0" el="32" ec="0" bec="0" bev="0" fileid="32" />
                <SequencePoint vc="0" uspid="6455" ordinal="0" offset="153" sl="33" sc="0" el="33" ec="0" bec="0" bev="0" fileid="32" />
                <SequencePoint vc="0" uspid="6456" ordinal="0" offset="154" sl="34" sc="0" el="34" ec="0" bec="0" bev="0" fileid="32" />
                <SequencePoint vc="0" uspid="6457" ordinal="0" offset="161" sl="35" sc="0" el="35" ec="0" bec="0" bev="0" fileid="32" />
                <SequencePoint vc="0" uspid="6458" ordinal="0" offset="168" sl="36" sc="0" el="36" ec="0" bec="0" bev="0" fileid="32" />
                <SequencePoint vc="0" uspid="6459" ordinal="0" offset="169" sl="37" sc="0" el="37" ec="0" bec="0" bev="0" fileid="32" />
              </SequencePoints>
              <BranchPoints />
            </Method>
          </Methods>
        </Class>
        <Class>
          <Summary numSequencePoints="22" visitedSequencePoints="0" numBranchPoints="0" visitedBranchPoints="0" sequenceCoverage="0.0" branchCoverage="0.0" maxCyclomaticComplexity="9" minCyclomaticComplexity="9" maxCrapScore="90" minCrapScore="90" visitedClasses="0" numClasses="1" visitedMethods="0" numMethods="1" />
          <FullName>PivotStructureTests/TestClass</FullName>
          <Methods>
            <Method visited="false" cyclomaticComplexity="9" nPathComplexity="0" sequenceCoverage="0.0" branchCoverage="0" crapScore="90" isConstructor="false" isStatic="false" isGetter="false" isSetter="false">
              <Summary numSequencePoints="22" visitedSequencePoints="0" numBranchPoints="0" visitedBranchPoints="0" sequenceCoverage="0.0" branchCoverage="0" maxCyclomaticComplexity="9" minCyclomaticComplexity="9" maxCrapScore="90" minCrapScore="90" visitedClasses="0" numClasses="0" visitedMethods="0" numMethods="1" />
              <MetadataToken>100663361</MetadataToken>
              <Name>System.Void PivotStructureTests/TestClass::PivotStructure()</Name>
              <FileRef uid="32" />
              <SequencePoints>
                <SequencePoint vc="0" uspid="6460" ordinal="0" offset="0" sl="194" sc="9" el="194" ec="9" bec="0" bev="0" fileid="32" />
                <SequencePoint vc="0" uspid="6461" ordinal="0" offset="1" sl="195" sc="13" el="195" ec="13" bec="0" bev="0" fileid="32" />
                <SequencePoint vc="0" uspid="6462" ordinal="0" offset="25" sl="196" sc="13" el="196" ec="13" bec="0" bev="0" fileid="32" />
                <SequencePoint vc="0" uspid="6463" ordinal="0" offset="26" sl="197" sc="17" el="197" ec="17" bec="0" bev="0" fileid="32" />
                <SequencePoint vc="0" uspid="6464" ordinal="0" offset="33" sl="198" sc="17" el="198" ec="17" bec="0" bev="0" fileid="32" />
                <SequencePoint vc="0" uspid="6465" ordinal="0" offset="40" sl="199" sc="13" el="199" ec="13" bec="0" bev="0" fileid="32" />
                <SequencePoint vc="0" uspid="6466" ordinal="0" offset="43" sl="200" sc="18" el="200" ec="18" bec="0" bev="0" fileid="32" />
                <SequencePoint vc="0" uspid="6467" ordinal="0" offset="68" sl="201" sc="13" el="201" ec="13" bec="0" bev="0" fileid="32" />
                <SequencePoint vc="0" uspid="6468" ordinal="0" offset="69" sl="202" sc="17" el="202" ec="17" bec="0" bev="0" fileid="32" />
                <SequencePoint vc="0" uspid="6469" ordinal="0" offset="76" sl="203" sc="17" el="203" ec="17" bec="0" bev="0" fileid="32" />
                <SequencePoint vc="0" uspid="6470" ordinal="0" offset="83" sl="204" sc="13" el="204" ec="13" bec="0" bev="0" fileid="32" />
                <SequencePoint vc="0" uspid="6471" ordinal="0" offset="86" sl="205" sc="18" el="205" ec="18" bec="0" bev="0" fileid="32" />
                <SequencePoint vc="0" uspid="6472" ordinal="0" offset="111" sl="206" sc="13" el="206" ec="13" bec="0" bev="0" fileid="32" />
                <SequencePoint vc="0" uspid="6473" ordinal="0" offset="112" sl="207" sc="17" el="207" ec="17" bec="0" bev="0" fileid="32" />
                <SequencePoint vc="0" uspid="6474" ordinal="0" offset="119" sl="208" sc="17" el="208" ec="17" bec="0" bev="0" fileid="32" />
                <SequencePoint vc="0" uspid="6475" ordinal="0" offset="126" sl="209" sc="13" el="209" ec="13" bec="0" bev="0" fileid="32" />
                <SequencePoint vc="0" uspid="6476" ordinal="0" offset="129" sl="210" sc="18" el="210" ec="18" bec="0" bev="0" fileid="32" />
                <SequencePoint vc="0" uspid="6477" ordinal="0" offset="153" sl="211" sc="13" el="211" ec="13" bec="0" bev="0" fileid="32" />
                <SequencePoint vc="0" uspid="6478" ordinal="0" offset="154" sl="212" sc="17" el="212" ec="17" bec="0" bev="0" fileid="32" />
                <SequencePoint vc="0" uspid="6479" ordinal="0" offset="161" sl="213" sc="17" el="213" ec="17" bec="0" bev="0" fileid="32" />
                <SequencePoint vc="0" uspid="6480" ordinal="0" offset="168" sl="214" sc="13" el="214" ec="13" bec="0" bev="0" fileid="32" />
                <SequencePoint vc="0" uspid="6481" ordinal="0" offset="169" sl="215" sc="9" el="215" ec="9" bec="0" bev="0" fileid="32" />
              </SequencePoints>
              <BranchPoints />
            </Method>
          </Methods>
        </Class>
        <Class>
          <Summary numSequencePoints="12" visitedSequencePoints="0" numBranchPoints="0" visitedBranchPoints="0" sequenceCoverage="0.0" branchCoverage="0.0" maxCyclomaticComplexity="3" minCyclomaticComplexity="3" maxCrapScore="12" minCrapScore="12" visitedClasses="0" numClasses="1" visitedMethods="0" numMethods="1" />
          <FullName>ResetMarkedCellsTests/TestClass</FullName>
          <Methods>
            <Method visited="false" cyclomaticComplexity="3" nPathComplexity="0" sequenceCoverage="0.0" branchCoverage="0" crapScore="12" isConstructor="false" isStatic="false" isGetter="false" isSetter="false">
              <Summary numSequencePoints="12" visitedSequencePoints="0" numBranchPoints="0" visitedBranchPoints="0" sequenceCoverage="0.0" branchCoverage="0" maxCyclomaticComplexity="3" minCyclomaticComplexity="3" maxCrapScore="12" minCrapScore="12" visitedClasses="0" numClasses="0" visitedMethods="0" numMethods="1" />
              <MetadataToken>100663364</MetadataToken>
              <Name>System.Void ResetMarkedCellsTests/TestClass::ResetMarkedCells()</Name>
              <FileRef uid="32" />
              <SequencePoints>
                <SequencePoint vc="0" uspid="6482" ordinal="0" offset="0" sl="428" sc="9" el="428" ec="9" bec="0" bev="0" fileid="32" />
                <SequencePoint vc="0" uspid="6483" ordinal="0" offset="1" sl="429" sc="13" el="429" ec="13" bec="0" bev="0" fileid="32" />
                <SequencePoint vc="0" uspid="6484" ordinal="0" offset="17" sl="430" sc="13" el="430" ec="13" bec="0" bev="0" fileid="32" />
                <SequencePoint vc="0" uspid="6485" ordinal="0" offset="18" sl="431" sc="17" el="431" ec="17" bec="0" bev="0" fileid="32" />
                <SequencePoint vc="0" uspid="6486" ordinal="0" offset="25" sl="432" sc="17" el="432" ec="17" bec="0" bev="0" fileid="32" />
                <SequencePoint vc="0" uspid="6487" ordinal="0" offset="32" sl="433" sc="13" el="433" ec="13" bec="0" bev="0" fileid="32" />
                <SequencePoint vc="0" uspid="6488" ordinal="0" offset="33" sl="434" sc="13" el="434" ec="13" bec="0" bev="0" fileid="32" />
                <SequencePoint vc="0" uspid="6489" ordinal="0" offset="49" sl="435" sc="13" el="435" ec="13" bec="0" bev="0" fileid="32" />
                <SequencePoint vc="0" uspid="6490" ordinal="0" offset="50" sl="436" sc="17" el="436" ec="17" bec="0" bev="0" fileid="32" />
                <SequencePoint vc="0" uspid="6491" ordinal="0" offset="57" sl="437" sc="17" el="437" ec="17" bec="0" bev="0" fileid="32" />
                <SequencePoint vc="0" uspid="6492" ordinal="0" offset="64" sl="438" sc="13" el="438" ec="13" bec="0" bev="0" fileid="32" />
                <SequencePoint vc="0" uspid="6493" ordinal="0" offset="65" sl="439" sc="9" el="439" ec="9" bec="0" bev="0" fileid="32" />
              </SequencePoints>
              <BranchPoints />
            </Method>
          </Methods>
        </Class>
        <Class>
          <Summary numSequencePoints="8" visitedSequencePoints="0" numBranchPoints="0" visitedBranchPoints="0" sequenceCoverage="0.0" branchCoverage="0.0" maxCyclomaticComplexity="1" minCyclomaticComplexity="1" maxCrapScore="2" minCrapScore="2" visitedClasses="0" numClasses="1" visitedMethods="0" numMethods="1" />
          <FullName>UpdateColorTests/Colors</FullName>
          <Methods>
            <Method visited="false" cyclomaticComplexity="1" nPathComplexity="0" sequenceCoverage="0.0" branchCoverage="0" crapScore="2" isConstructor="true" isStatic="true" isGetter="false" isSetter="false">
              <Summary numSequencePoints="8" visitedSequencePoints="0" numBranchPoints="0" visitedBranchPoints="0" sequenceCoverage="0.0" branchCoverage="0" maxCyclomaticComplexity="1" minCyclomaticComplexity="1" maxCrapScore="2" minCrapScore="2" visitedClasses="0" numClasses="0" visitedMethods="0" numMethods="1" />
              <MetadataToken>100663366</MetadataToken>
              <Name>static UpdateColorTests/Colors::Colors()</Name>
              <FileRef uid="32" />
              <SequencePoints>
                <SequencePoint vc="0" uspid="6494" ordinal="0" offset="0" sl="679" sc="9" el="679" ec="9" bec="0" bev="0" fileid="32" />
                <SequencePoint vc="0" uspid="6495" ordinal="0" offset="25" sl="680" sc="9" el="680" ec="9" bec="0" bev="0" fileid="32" />
                <SequencePoint vc="0" uspid="6496" ordinal="0" offset="50" sl="681" sc="9" el="681" ec="9" bec="0" bev="0" fileid="32" />
                <SequencePoint vc="0" uspid="6497" ordinal="0" offset="75" sl="682" sc="9" el="682" ec="9" bec="0" bev="0" fileid="32" />
                <SequencePoint vc="0" uspid="6498" ordinal="0" offset="100" sl="683" sc="9" el="683" ec="9" bec="0" bev="0" fileid="32" />
                <SequencePoint vc="0" uspid="6499" ordinal="0" offset="110" sl="684" sc="9" el="684" ec="9" bec="0" bev="0" fileid="32" />
                <SequencePoint vc="0" uspid="6500" ordinal="0" offset="120" sl="685" sc="9" el="685" ec="9" bec="0" bev="0" fileid="32" />
                <SequencePoint vc="0" uspid="6501" ordinal="0" offset="145" sl="686" sc="9" el="686" ec="9" bec="0" bev="0" fileid="32" />
              </SequencePoints>
              <BranchPoints />
            </Method>
          </Methods>
        </Class>
        <Class>
          <Summary numSequencePoints="21" visitedSequencePoints="0" numBranchPoints="0" visitedBranchPoints="0" sequenceCoverage="0.0" branchCoverage="0.0" maxCyclomaticComplexity="10" minCyclomaticComplexity="10" maxCrapScore="110" minCrapScore="110" visitedClasses="0" numClasses="1" visitedMethods="0" numMethods="1" />
          <FullName>UpdateColorTests/TestClass</FullName>
          <Methods>
            <Method visited="false" cyclomaticComplexity="10" nPathComplexity="0" sequenceCoverage="0.0" branchCoverage="0" crapScore="110" isConstructor="false" isStatic="false" isGetter="false" isSetter="false">
              <Summary numSequencePoints="21" visitedSequencePoints="0" numBranchPoints="0" visitedBranchPoints="0" sequenceCoverage="0.0" branchCoverage="0" maxCyclomaticComplexity="10" minCyclomaticComplexity="10" maxCrapScore="110" minCrapScore="110" visitedClasses="0" numClasses="0" visitedMethods="0" numMethods="1" />
              <MetadataToken>100663367</MetadataToken>
              <Name>System.Void UpdateColorTests/TestClass::UpdateColor()</Name>
              <FileRef uid="32" />
              <SequencePoints>
                <SequencePoint vc="0" uspid="6502" ordinal="0" offset="0" sl="696" sc="9" el="696" ec="9" bec="0" bev="0" fileid="32" />
                <SequencePoint vc="0" uspid="6503" ordinal="0" offset="1" sl="697" sc="13" el="697" ec="13" bec="0" bev="0" fileid="32" />
                <SequencePoint vc="0" uspid="6504" ordinal="0" offset="53" sl="700" sc="21" el="700" ec="21" bec="0" bev="0" fileid="32" />
                <SequencePoint vc="0" uspid="6505" ordinal="0" offset="70" sl="701" sc="21" el="701" ec="21" bec="0" bev="0" fileid="32" />
                <SequencePoint vc="0" uspid="6506" ordinal="0" offset="75" sl="703" sc="21" el="703" ec="21" bec="0" bev="0" fileid="32" />
                <SequencePoint vc="0" uspid="6507" ordinal="0" offset="92" sl="704" sc="21" el="704" ec="21" bec="0" bev="0" fileid="32" />
                <SequencePoint vc="0" uspid="6508" ordinal="0" offset="97" sl="706" sc="21" el="706" ec="21" bec="0" bev="0" fileid="32" />
                <SequencePoint vc="0" uspid="6509" ordinal="0" offset="114" sl="707" sc="21" el="707" ec="21" bec="0" bev="0" fileid="32" />
                <SequencePoint vc="0" uspid="6510" ordinal="0" offset="116" sl="709" sc="21" el="709" ec="21" bec="0" bev="0" fileid="32" />
                <SequencePoint vc="0" uspid="6511" ordinal="0" offset="133" sl="710" sc="21" el="710" ec="21" bec="0" bev="0" fileid="32" />
                <SequencePoint vc="0" uspid="6512" ordinal="0" offset="135" sl="712" sc="21" el="712" ec="21" bec="0" bev="0" fileid="32" />
                <SequencePoint vc="0" uspid="6513" ordinal="0" offset="152" sl="713" sc="21" el="713" ec="21" bec="0" bev="0" fileid="32" />
                <SequencePoint vc="0" uspid="6514" ordinal="0" offset="154" sl="715" sc="21" el="715" ec="21" bec="0" bev="0" fileid="32" />
                <SequencePoint vc="0" uspid="6515" ordinal="0" offset="171" sl="716" sc="21" el="716" ec="21" bec="0" bev="0" fileid="32" />
                <SequencePoint vc="0" uspid="6516" ordinal="0" offset="173" sl="718" sc="21" el="718" ec="21" bec="0" bev="0" fileid="32" />
                <SequencePoint vc="0" uspid="6517" ordinal="0" offset="190" sl="719" sc="21" el="719" ec="21" bec="0" bev="0" fileid="32" />
                <SequencePoint vc="0" uspid="6518" ordinal="0" offset="192" sl="721" sc="21" el="721" ec="21" bec="0" bev="0" fileid="32" />
                <SequencePoint vc="0" uspid="6519" ordinal="0" offset="209" sl="722" sc="21" el="722" ec="21" bec="0" bev="0" fileid="32" />
                <SequencePoint vc="0" uspid="6520" ordinal="0" offset="211" sl="724" sc="21" el="724" ec="21" bec="0" bev="0" fileid="32" />
                <SequencePoint vc="0" uspid="6521" ordinal="0" offset="228" sl="725" sc="21" el="725" ec="21" bec="0" bev="0" fileid="32" />
                <SequencePoint vc="0" uspid="6522" ordinal="0" offset="230" sl="727" sc="9" el="727" ec="9" bec="0" bev="0" fileid="32" />
              </SequencePoints>
              <BranchPoints />
            </Method>
          </Methods>
        </Class>
      </Classes>
    </Module>
  </Modules>
</CoverageSession>