<?xml version="1.0" encoding="utf-8"?>
<CoverageSession xmlns:xsd="http://www.w3.org/2001/XMLSchema" xmlns:xsi="http://www.w3.org/2001/XMLSchema-instance" Version="0.0.0.0">
  <Summary numSequencePoints="59" visitedSequencePoints="59" numBranchPoints="0" visitedBranchPoints="0" sequenceCoverage="100.0" branchCoverage="0.0" maxCyclomaticComplexity="4" minCyclomaticComplexity="1" maxCrapScore="4" minCrapScore="1" visitedClasses="3" numClasses="3" visitedMethods="6" numMethods="6" />
  <Modules>
    <Module>
      <Summary numSequencePoints="30" visitedSequencePoints="30" numBranchPoints="0" visitedBranchPoints="0" sequenceCoverage="100.0" branchCoverage="0.0" maxCyclomaticComplexity="3" minCyclomaticComplexity="1" maxCrapScore="3" minCrapScore="1" visitedClasses="2" numClasses="2" visitedMethods="3" numMethods="3" />
      <ModuleTime>0001-01-01T00:00:00</ModuleTime>
      <ModuleName>Assets</ModuleName>
      <Files>
        <File uid="1" fullPath="E:/documents/Conway/Assets/BoardManager.cs" />
        <File uid="2" fullPath="E:/documents/Conway/Assets/CameraControl.cs" />
        <File uid="3" fullPath="E:/documents/Conway/Assets/Cell.cs" />
        <File uid="4" fullPath="E:/documents/Conway/Assets/ClearButtonScript.cs" />
        <File uid="5" fullPath="E:/documents/Conway/Assets/CloseButtonPanelButtonScript.cs" />
        <File uid="6" fullPath="E:/documents/Conway/Assets/CopyButtonScript.cs" />
        <File uid="7" fullPath="E:/documents/Conway/Assets/FillButtonScript.cs" />
        <File uid="8" fullPath="E:/documents/Conway/Assets/FPSCounter.cs" />
        <File uid="9" fullPath="E:/documents/Conway/Assets/GameManager.cs" />
        <File uid="10" fullPath="E:/documents/Conway/Assets/HelpButtonScript.cs" />
        <File uid="11" fullPath="E:/documents/Conway/Assets/LoadingScreen.cs" />
        <File uid="12" fullPath="E:/documents/Conway/Assets/NextButtonScript.cs" />
        <File uid="13" fullPath="E:/documents/Conway/Assets/OpenButtonPanelButtonScript.cs" />
        <File uid="14" fullPath="E:/documents/Conway/Assets/PasteButtonScript.cs" />
        <File uid="15" fullPath="E:/documents/Conway/Assets/PictureToStructureButton.cs" />
        <File uid="16" fullPath="E:/documents/Conway/Assets/QuitButtonScript.cs" />
        <File uid="17" fullPath="E:/documents/Conway/Assets/RandomButtonScript.cs" />
        <File uid="18" fullPath="E:/documents/Conway/Assets/RedoButtonScript.cs" />
        <File uid="19" fullPath="E:/documents/Conway/Assets/SelectButtonScript.cs" />
        <File uid="20" fullPath="E:/documents/Conway/Assets/SimulationButtonScript.cs" />
        <File uid="21" fullPath="E:/documents/Conway/Assets/StandaloneFileBrowser/Sample/BasicSample.cs" />
        <File uid="22" fullPath="E:/documents/Conway/Assets/StandaloneFileBrowser/Sample/CanvasSampleOpenFileImage.cs" />
        <File uid="23" fullPath="E:/documents/Conway/Assets/StandaloneFileBrowser/Sample/CanvasSampleOpenFileText.cs" />
        <File uid="24" fullPath="E:/documents/Conway/Assets/StandaloneFileBrowser/Sample/CanvasSampleOpenFileTextMultiple.cs" />
        <File uid="25" fullPath="E:/documents/Conway/Assets/StandaloneFileBrowser/Sample/CanvasSampleSaveFileImage.cs" />
        <File uid="26" fullPath="E:/documents/Conway/Assets/StandaloneFileBrowser/Sample/CanvasSampleSaveFileText.cs" />
        <File uid="27" fullPath="E:/documents/Conway/Assets/SubmitBoardSizeButton.cs" />
        <File uid="28" fullPath="E:/documents/Conway/Assets/UndoButtonScript.cs" />
        <File uid="29" fullPath="E:/documents/Conway/Assets/StandaloneFileBrowser/StandaloneFileBrowser.cs" />
        <File uid="30" fullPath="E:/documents/Conway/Assets/StandaloneFileBrowser/StandaloneFileBrowserEditor.cs" />
        <File uid="31" fullPath="E:/documents/Conway/Assets/StandaloneFileBrowser/StandaloneFileBrowserWindows.cs" />
      </Files>
      <Classes>
        <Class>
          <Summary numSequencePoints="5" visitedSequencePoints="5" numBranchPoints="0" visitedBranchPoints="0" sequenceCoverage="100.0" branchCoverage="0.0" maxCyclomaticComplexity="1" minCyclomaticComplexity="1" maxCrapScore="1" minCrapScore="1" visitedClasses="1" numClasses="1" visitedMethods="1" numMethods="1" />
          <FullName>Cell</FullName>
          <Methods>
            <Method visited="true" cyclomaticComplexity="1" nPathComplexity="0" sequenceCoverage="100.0" branchCoverage="0" crapScore="1" isConstructor="true" isStatic="false" isGetter="false" isSetter="false">
              <Summary numSequencePoints="5" visitedSequencePoints="5" numBranchPoints="0" visitedBranchPoints="0" sequenceCoverage="100.0" branchCoverage="0" maxCyclomaticComplexity="1" minCyclomaticComplexity="1" maxCrapScore="1" minCrapScore="1" visitedClasses="0" numClasses="0" visitedMethods="1" numMethods="1" />
              <MetadataToken>100663323</MetadataToken>
              <Name>Cell::Cell()</Name>
              <FileRef uid="3" />
              <SequencePoints>
                <SequencePoint vc="2" uspid="31952" ordinal="0" offset="0" sl="9" sc="5" el="9" ec="5" bec="0" bev="0" fileid="3">
                  <TrackedMethodRefs>
                    <TrackedMethodRef uid="0" vc="2" />
                  </TrackedMethodRefs>
                </SequencePoint>
                <SequencePoint vc="2" uspid="31953" ordinal="0" offset="7" sl="10" sc="5" el="10" ec="5" bec="0" bev="0" fileid="3">
                  <TrackedMethodRefs>
                    <TrackedMethodRef uid="0" vc="2" />
                  </TrackedMethodRefs>
                </SequencePoint>
                <SequencePoint vc="2" uspid="31954" ordinal="0" offset="14" sl="11" sc="5" el="11" ec="5" bec="0" bev="0" fileid="3">
                  <TrackedMethodRefs>
                    <TrackedMethodRef uid="0" vc="2" />
                  </TrackedMethodRefs>
                </SequencePoint>
                <SequencePoint vc="2" uspid="31955" ordinal="0" offset="25" sl="15" sc="5" el="15" ec="5" bec="0" bev="0" fileid="3">
                  <TrackedMethodRefs>
                    <TrackedMethodRef uid="0" vc="2" />
                  </TrackedMethodRefs>
                </SequencePoint>
                <SequencePoint vc="2" uspid="31956" ordinal="0" offset="32" sl="16" sc="5" el="16" ec="5" bec="0" bev="0" fileid="3">
                  <TrackedMethodRefs>
                    <TrackedMethodRef uid="0" vc="2" />
                  </TrackedMethodRefs>
                </SequencePoint>
              </SequencePoints>
              <BranchPoints />
            </Method>
          </Methods>
        </Class>
        <Class>
          <Summary numSequencePoints="25" visitedSequencePoints="25" numBranchPoints="0" visitedBranchPoints="0" sequenceCoverage="100.0" branchCoverage="0.0" maxCyclomaticComplexity="3" minCyclomaticComplexity="1" maxCrapScore="3" minCrapScore="1" visitedClasses="1" numClasses="1" visitedMethods="2" numMethods="2" />
          <FullName>GameManager</FullName>
          <Methods>
            <Method visited="true" cyclomaticComplexity="3" nPathComplexity="0" sequenceCoverage="100.0" branchCoverage="0" crapScore="3" isConstructor="false" isStatic="false" isGetter="false" isSetter="false">
              <Summary numSequencePoints="12" visitedSequencePoints="12" numBranchPoints="0" visitedBranchPoints="0" sequenceCoverage="100.0" branchCoverage="0" maxCyclomaticComplexity="3" minCyclomaticComplexity="3" maxCrapScore="3" minCrapScore="3" visitedClasses="0" numClasses="0" visitedMethods="1" numMethods="1" />
              <MetadataToken>100663349</MetadataToken>
              <Name>System.Void GameManager::ResetMarkedCells()</Name>
              <FileRef uid="9" />
              <SequencePoints>
                <SequencePoint vc="3" uspid="32219" ordinal="0" offset="0" sl="291" sc="5" el="291" ec="5" bec="0" bev="0" fileid="9">
                  <TrackedMethodRefs>
                    <TrackedMethodRef uid="0" vc="3" />
                  </TrackedMethodRefs>
                </SequencePoint>
                <SequencePoint vc="3" uspid="32220" ordinal="0" offset="1" sl="292" sc="9" el="292" ec="9" bec="0" bev="0" fileid="9">
                  <TrackedMethodRefs>
                    <TrackedMethodRef uid="0" vc="3" />
                  </TrackedMethodRefs>
                </SequencePoint>
                <SequencePoint vc="1" uspid="32221" ordinal="0" offset="17" sl="293" sc="9" el="293" ec="9" bec="0" bev="0" fileid="9">
                  <TrackedMethodRefs>
                    <TrackedMethodRef uid="0" vc="1" />
                  </TrackedMethodRefs>
                </SequencePoint>
                <SequencePoint vc="1" uspid="32222" ordinal="0" offset="18" sl="294" sc="13" el="294" ec="13" bec="0" bev="0" fileid="9">
                  <TrackedMethodRefs>
                    <TrackedMethodRef uid="0" vc="1" />
                  </TrackedMethodRefs>
                </SequencePoint>
                <SequencePoint vc="1" uspid="32223" ordinal="0" offset="25" sl="295" sc="13" el="295" ec="13" bec="0" bev="0" fileid="9">
                  <TrackedMethodRefs>
                    <TrackedMethodRef uid="0" vc="1" />
                  </TrackedMethodRefs>
                </SequencePoint>
                <SequencePoint vc="1" uspid="32224" ordinal="0" offset="32" sl="296" sc="9" el="296" ec="9" bec="0" bev="0" fileid="9">
                  <TrackedMethodRefs>
                    <TrackedMethodRef uid="0" vc="1" />
                  </TrackedMethodRefs>
                </SequencePoint>
                <SequencePoint vc="3" uspid="32225" ordinal="0" offset="33" sl="297" sc="9" el="297" ec="9" bec="0" bev="0" fileid="9">
                  <TrackedMethodRefs>
                    <TrackedMethodRef uid="0" vc="3" />
                  </TrackedMethodRefs>
                </SequencePoint>
                <SequencePoint vc="1" uspid="32226" ordinal="0" offset="49" sl="298" sc="9" el="298" ec="9" bec="0" bev="0" fileid="9">
                  <TrackedMethodRefs>
                    <TrackedMethodRef uid="0" vc="1" />
                  </TrackedMethodRefs>
                </SequencePoint>
                <SequencePoint vc="1" uspid="32227" ordinal="0" offset="50" sl="299" sc="13" el="299" ec="13" bec="0" bev="0" fileid="9">
                  <TrackedMethodRefs>
                    <TrackedMethodRef uid="0" vc="1" />
                  </TrackedMethodRefs>
                </SequencePoint>
                <SequencePoint vc="1" uspid="32228" ordinal="0" offset="57" sl="300" sc="13" el="300" ec="13" bec="0" bev="0" fileid="9">
                  <TrackedMethodRefs>
                    <TrackedMethodRef uid="0" vc="1" />
                  </TrackedMethodRefs>
                </SequencePoint>
                <SequencePoint vc="1" uspid="32229" ordinal="0" offset="64" sl="301" sc="9" el="301" ec="9" bec="0" bev="0" fileid="9">
                  <TrackedMethodRefs>
                    <TrackedMethodRef uid="0" vc="1" />
                  </TrackedMethodRefs>
                </SequencePoint>
                <SequencePoint vc="3" uspid="32230" ordinal="0" offset="65" sl="302" sc="5" el="302" ec="5" bec="0" bev="0" fileid="9">
                  <TrackedMethodRefs>
                    <TrackedMethodRef uid="0" vc="3" />
                  </TrackedMethodRefs>
                </SequencePoint>
              </SequencePoints>
              <BranchPoints />
            </Method>
            <Method visited="true" cyclomaticComplexity="1" nPathComplexity="0" sequenceCoverage="100.0" branchCoverage="0" crapScore="1" isConstructor="true" isStatic="false" isGetter="false" isSetter="false">
              <Summary numSequencePoints="13" visitedSequencePoints="13" numBranchPoints="0" visitedBranchPoints="0" sequenceCoverage="100.0" branchCoverage="0" maxCyclomaticComplexity="1" minCyclomaticComplexity="1" maxCrapScore="1" minCrapScore="1" visitedClasses="0" numClasses="0" visitedMethods="1" numMethods="1" />
              <MetadataToken>100663363</MetadataToken>
              <Name>GameManager::GameManager()</Name>
              <FileRef uid="9" />
              <SequencePoints>
                <SequencePoint vc="1" uspid="32511" ordinal="0" offset="0" sl="12" sc="5" el="12" ec="5" bec="0" bev="0" fileid="9">
                  <TrackedMethodRefs>
                    <TrackedMethodRef uid="0" vc="1" />
                  </TrackedMethodRefs>
                </SequencePoint>
                <SequencePoint vc="1" uspid="32512" ordinal="0" offset="7" sl="19" sc="5" el="19" ec="5" bec="0" bev="0" fileid="9">
                  <TrackedMethodRefs>
                    <TrackedMethodRef uid="0" vc="1" />
                  </TrackedMethodRefs>
                </SequencePoint>
                <SequencePoint vc="1" uspid="32513" ordinal="0" offset="18" sl="21" sc="5" el="21" ec="5" bec="0" bev="0" fileid="9">
                  <TrackedMethodRefs>
                    <TrackedMethodRef uid="0" vc="1" />
                  </TrackedMethodRefs>
                </SequencePoint>
                <SequencePoint vc="1" uspid="32514" ordinal="0" offset="25" sl="22" sc="5" el="22" ec="5" bec="0" bev="0" fileid="9">
                  <TrackedMethodRefs>
                    <TrackedMethodRef uid="0" vc="1" />
                  </TrackedMethodRefs>
                </SequencePoint>
                <SequencePoint vc="1" uspid="32515" ordinal="0" offset="32" sl="24" sc="5" el="24" ec="5" bec="0" bev="0" fileid="9">
                  <TrackedMethodRefs>
                    <TrackedMethodRef uid="0" vc="1" />
                  </TrackedMethodRefs>
                </SequencePoint>
                <SequencePoint vc="1" uspid="32516" ordinal="0" offset="39" sl="25" sc="5" el="25" ec="5" bec="0" bev="0" fileid="9">
                  <TrackedMethodRefs>
                    <TrackedMethodRef uid="0" vc="1" />
                  </TrackedMethodRefs>
                </SequencePoint>
                <SequencePoint vc="1" uspid="32517" ordinal="0" offset="46" sl="27" sc="5" el="27" ec="5" bec="0" bev="0" fileid="9">
                  <TrackedMethodRefs>
                    <TrackedMethodRef uid="0" vc="1" />
                  </TrackedMethodRefs>
                </SequencePoint>
                <SequencePoint vc="1" uspid="32518" ordinal="0" offset="53" sl="29" sc="5" el="29" ec="5" bec="0" bev="0" fileid="9">
                  <TrackedMethodRefs>
                    <TrackedMethodRef uid="0" vc="1" />
                  </TrackedMethodRefs>
                </SequencePoint>
                <SequencePoint vc="1" uspid="32519" ordinal="0" offset="60" sl="31" sc="5" el="31" ec="5" bec="0" bev="0" fileid="9">
                  <TrackedMethodRefs>
                    <TrackedMethodRef uid="0" vc="1" />
                  </TrackedMethodRefs>
                </SequencePoint>
                <SequencePoint vc="1" uspid="32520" ordinal="0" offset="67" sl="33" sc="5" el="33" ec="5" bec="0" bev="0" fileid="9">
                  <TrackedMethodRefs>
                    <TrackedMethodRef uid="0" vc="1" />
                  </TrackedMethodRefs>
                </SequencePoint>
                <SequencePoint vc="1" uspid="32521" ordinal="0" offset="78" sl="34" sc="5" el="34" ec="5" bec="0" bev="0" fileid="9">
                  <TrackedMethodRefs>
                    <TrackedMethodRef uid="0" vc="1" />
                  </TrackedMethodRefs>
                </SequencePoint>
                <SequencePoint vc="1" uspid="32522" ordinal="0" offset="85" sl="40" sc="5" el="40" ec="5" bec="0" bev="0" fileid="9">
                  <TrackedMethodRefs>
                    <TrackedMethodRef uid="0" vc="1" />
                  </TrackedMethodRefs>
                </SequencePoint>
                <SequencePoint vc="1" uspid="32523" ordinal="0" offset="96" sl="41" sc="5" el="41" ec="5" bec="0" bev="0" fileid="9">
                  <TrackedMethodRefs>
                    <TrackedMethodRef uid="0" vc="1" />
                  </TrackedMethodRefs>
                </SequencePoint>
              </SequencePoints>
              <BranchPoints />
            </Method>
          </Methods>
        </Class>
      </Classes>
      <TrackedMethods>
        <TrackedMethod uid="0" token="100663330" name="System.Void ResetMarkedCellsTests::ResetMarkedCells_CalledMultipleTimes_RemainsNull()" strategy="Test" />
      </TrackedMethods>
    </Module>
    <Module>
      <Summary numSequencePoints="29" visitedSequencePoints="29" numBranchPoints="0" visitedBranchPoints="0" sequenceCoverage="100.0" branchCoverage="0.0" maxCyclomaticComplexity="4" minCyclomaticComplexity="1" maxCrapScore="4" minCrapScore="1" visitedClasses="1" numClasses="1" visitedMethods="3" numMethods="3" />
      <ModuleTime>0001-01-01T00:00:00</ModuleTime>
      <ModuleName>Tests</ModuleName>
      <Files>
        <File uid="32" fullPath="E:/documents/Conway/Assets/Tests/NewTestScript.cs" />
      </Files>
      <Classes>
        <Class>
          <Summary numSequencePoints="29" visitedSequencePoints="29" numBranchPoints="0" visitedBranchPoints="0" sequenceCoverage="100.0" branchCoverage="0.0" maxCyclomaticComplexity="4" minCyclomaticComplexity="1" maxCrapScore="4" minCrapScore="1" visitedClasses="1" numClasses="1" visitedMethods="3" numMethods="3" />
          <FullName>ResetMarkedCellsTests</FullName>
          <Methods>
            <Method visited="true" cyclomaticComplexity="1" nPathComplexity="0" sequenceCoverage="100.0" branchCoverage="0" crapScore="1" isConstructor="false" isStatic="false" isGetter="false" isSetter="false">
              <Summary numSequencePoints="8" visitedSequencePoints="8" numBranchPoints="0" visitedBranchPoints="0" sequenceCoverage="100.0" branchCoverage="0" maxCyclomaticComplexity="1" minCyclomaticComplexity="1" maxCrapScore="1" minCrapScore="1" visitedClasses="0" numClasses="0" visitedMethods="1" numMethods="1" />
              <MetadataToken>100663322</MetadataToken>
              <Name>System.Void ResetMarkedCellsTests::Setup()</Name>
              <FileRef uid="32" />
              <SequencePoints>
                <SequencePoint vc="1" uspid="33443" ordinal="0" offset="0" sl="368" sc="5" el="368" ec="5" bec="0" bev="0" fileid="32">
                  <TrackedMethodRefs>
                    <TrackedMethodRef uid="1" vc="1" />
                  </TrackedMethodRefs>
                </SequencePoint>
                <SequencePoint vc="1" uspid="33444" ordinal="0" offset="1" sl="369" sc="9" el="369" ec="9" bec="0" bev="0" fileid="32">
                  <TrackedMethodRefs>
                    <TrackedMethodRef uid="1" vc="1" />
                  </TrackedMethodRefs>
                </SequencePoint>
                <SequencePoint vc="1" uspid="33445" ordinal="0" offset="12" sl="370" sc="9" el="370" ec="9" bec="0" bev="0" fileid="32">
                  <TrackedMethodRefs>
                    <TrackedMethodRef uid="1" vc="1" />
                  </TrackedMethodRefs>
                </SequencePoint>
                <SequencePoint vc="1" uspid="33446" ordinal="0" offset="29" sl="371" sc="9" el="371" ec="9" bec="0" bev="0" fileid="32">
                  <TrackedMethodRefs>
                    <TrackedMethodRef uid="1" vc="1" />
                  </TrackedMethodRefs>
                </SequencePoint>
                <SequencePoint vc="1" uspid="33447" ordinal="0" offset="45" sl="372" sc="9" el="372" ec="9" bec="0" bev="0" fileid="32">
                  <TrackedMethodRefs>
                    <TrackedMethodRef uid="1" vc="1" />
                  </TrackedMethodRefs>
                </SequencePoint>
                <SequencePoint vc="1" uspid="33448" ordinal="0" offset="61" sl="373" sc="9" el="373" ec="9" bec="0" bev="0" fileid="32">
                  <TrackedMethodRefs>
                    <TrackedMethodRef uid="1" vc="1" />
                  </TrackedMethodRefs>
                </SequencePoint>
                <SequencePoint vc="1" uspid="33449" ordinal="0" offset="78" sl="374" sc="9" el="374" ec="9" bec="0" bev="0" fileid="32">
                  <TrackedMethodRefs>
                    <TrackedMethodRef uid="1" vc="1" />
                  </TrackedMethodRefs>
                </SequencePoint>
                <SequencePoint vc="1" uspid="33450" ordinal="0" offset="95" sl="375" sc="5" el="375" ec="5" bec="0" bev="0" fileid="32">
                  <TrackedMethodRefs>
                    <TrackedMethodRef uid="1" vc="1" />
                  </TrackedMethodRefs>
                </SequencePoint>
              </SequencePoints>
              <BranchPoints />
            </Method>
            <Method visited="true" cyclomaticComplexity="4" nPathComplexity="0" sequenceCoverage="100.0" branchCoverage="0" crapScore="4" isConstructor="false" isStatic="false" isGetter="false" isSetter="false">
              <Summary numSequencePoints="8" visitedSequencePoints="8" numBranchPoints="0" visitedBranchPoints="0" sequenceCoverage="100.0" branchCoverage="0" maxCyclomaticComplexity="4" minCyclomaticComplexity="4" maxCrapScore="4" minCrapScore="4" visitedClasses="0" numClasses="0" visitedMethods="1" numMethods="1" />
              <MetadataToken>100663323</MetadataToken>
              <Name>System.Void ResetMarkedCellsTests::TearDown()</Name>
              <FileRef uid="32" />
              <SequencePoints>
                <SequencePoint vc="1" uspid="33451" ordinal="0" offset="0" sl="379" sc="5" el="379" ec="5" bec="0" bev="0" fileid="32">
                  <TrackedMethodRefs>
                    <TrackedMethodRef uid="1" vc="1" />
                  </TrackedMethodRefs>
                </SequencePoint>
                <SequencePoint vc="1" uspid="33452" ordinal="0" offset="1" sl="380" sc="9" el="380" ec="9" bec="0" bev="0" fileid="32">
                  <TrackedMethodRefs>
                    <TrackedMethodRef uid="1" vc="1" />
                  </TrackedMethodRefs>
                </SequencePoint>
                <SequencePoint vc="1" uspid="33453" ordinal="0" offset="17" sl="381" sc="13" el="381" ec="13" bec="0" bev="0" fileid="32">
                  <TrackedMethodRefs>
                    <TrackedMethodRef uid="1" vc="1" />
                  </TrackedMethodRefs>
                </SequencePoint>
                <SequencePoint vc="1" uspid="33454" ordinal="0" offset="29" sl="382" sc="9" el="382" ec="9" bec="0" bev="0" fileid="32">
                  <TrackedMethodRefs>
                    <TrackedMethodRef uid="1" vc="1" />
                  </TrackedMethodRefs>
                </SequencePoint>
                <SequencePoint vc="1" uspid="33455" ordinal="0" offset="45" sl="383" sc="13" el="383" ec="13" bec="0" bev="0" fileid="32">
                  <TrackedMethodRefs>
                    <TrackedMethodRef uid="1" vc="1" />
                  </TrackedMethodRefs>
                </SequencePoint>
                <SequencePoint vc="1" uspid="33456" ordinal="0" offset="57" sl="384" sc="9" el="384" ec="9" bec="0" bev="0" fileid="32">
                  <TrackedMethodRefs>
                    <TrackedMethodRef uid="1" vc="1" />
                  </TrackedMethodRefs>
                </SequencePoint>
                <SequencePoint vc="1" uspid="33457" ordinal="0" offset="73" sl="385" sc="13" el="385" ec="13" bec="0" bev="0" fileid="32">
                  <TrackedMethodRefs>
                    <TrackedMethodRef uid="1" vc="1" />
                  </TrackedMethodRefs>
                </SequencePoint>
                <SequencePoint vc="1" uspid="33458" ordinal="0" offset="85" sl="386" sc="5" el="386" ec="5" bec="0" bev="0" fileid="32">
                  <TrackedMethodRefs>
                    <TrackedMethodRef uid="1" vc="1" />
                  </TrackedMethodRefs>
                </SequencePoint>
              </SequencePoints>
              <BranchPoints />
            </Method>
            <Method visited="true" cyclomaticComplexity="1" nPathComplexity="0" sequenceCoverage="100.0" branchCoverage="0" crapScore="1" isConstructor="false" isStatic="false" isGetter="false" isSetter="false">
              <Summary numSequencePoints="13" visitedSequencePoints="13" numBranchPoints="0" visitedBranchPoints="0" sequenceCoverage="100.0" branchCoverage="0" maxCyclomaticComplexity="1" minCyclomaticComplexity="1" maxCrapScore="1" minCrapScore="1" visitedClasses="0" numClasses="0" visitedMethods="1" numMethods="1" />
              <MetadataToken>100663330</MetadataToken>
              <Name>System.Void ResetMarkedCellsTests::ResetMarkedCells_CalledMultipleTimes_RemainsNull()</Name>
              <FileRef uid="32" />
              <SequencePoints>
                <SequencePoint vc="1" uspid="33521" ordinal="0" offset="0" sl="500" sc="5" el="500" ec="5" bec="0" bev="0" fileid="32">
                  <TrackedMethodRefs>
                    <TrackedMethodRef uid="1" vc="1" />
                  </TrackedMethodRefs>
                </SequencePoint>
                <SequencePoint vc="1" uspid="33522" ordinal="0" offset="1" sl="502" sc="9" el="502" ec="9" bec="0" bev="0" fileid="32">
                  <TrackedMethodRefs>
                    <TrackedMethodRef uid="1" vc="1" />
                  </TrackedMethodRefs>
                </SequencePoint>
                <SequencePoint vc="1" uspid="33523" ordinal="0" offset="18" sl="503" sc="9" el="503" ec="9" bec="0" bev="0" fileid="32">
                  <TrackedMethodRefs>
                    <TrackedMethodRef uid="1" vc="1" />
                  </TrackedMethodRefs>
                </SequencePoint>
                <SequencePoint vc="1" uspid="33524" ordinal="0" offset="35" sl="504" sc="9" el="504" ec="9" bec="0" bev="0" fileid="32">
                  <TrackedMethodRefs>
                    <TrackedMethodRef uid="1" vc="1" />
                  </TrackedMethodRefs>
                </SequencePoint>
                <SequencePoint vc="1" uspid="33525" ordinal="0" offset="52" sl="505" sc="9" el="505" ec="9" bec="0" bev="0" fileid="32">
                  <TrackedMethodRefs>
                    <TrackedMethodRef uid="1" vc="1" />
                  </TrackedMethodRefs>
                </SequencePoint>
                <SequencePoint vc="1" uspid="33526" ordinal="0" offset="69" sl="508" sc="9" el="508" ec="9" bec="0" bev="0" fileid="32">
                  <TrackedMethodRefs>
                    <TrackedMethodRef uid="1" vc="1" />
                  </TrackedMethodRefs>
                </SequencePoint>
                <SequencePoint vc="1" uspid="33527" ordinal="0" offset="81" sl="509" sc="9" el="509" ec="9" bec="0" bev="0" fileid="32">
                  <TrackedMethodRefs>
                    <TrackedMethodRef uid="1" vc="1" />
                  </TrackedMethodRefs>
                </SequencePoint>
                <SequencePoint vc="1" uspid="33528" ordinal="0" offset="93" sl="510" sc="9" el="510" ec="9" bec="0" bev="0" fileid="32">
                  <TrackedMethodRefs>
                    <TrackedMethodRef uid="1" vc="1" />
                  </TrackedMethodRefs>
                </SequencePoint>
                <SequencePoint vc="1" uspid="33529" ordinal="0" offset="105" sl="513" sc="9" el="513" ec="9" bec="0" bev="0" fileid="32">
                  <TrackedMethodRefs>
                    <TrackedMethodRef uid="1" vc="1" />
                  </TrackedMethodRefs>
                </SequencePoint>
                <SequencePoint vc="1" uspid="33530" ordinal="0" offset="132" sl="514" sc="9" el="514" ec="9" bec="0" bev="0" fileid="32">
                  <TrackedMethodRefs>
                    <TrackedMethodRef uid="1" vc="1" />
                  </TrackedMethodRefs>
                </SequencePoint>
                <SequencePoint vc="1" uspid="33531" ordinal="0" offset="159" sl="515" sc="9" el="515" ec="9" bec="0" bev="0" fileid="32">
                  <TrackedMethodRefs>
                    <TrackedMethodRef uid="1" vc="1" />
                  </TrackedMethodRefs>
                </SequencePoint>
                <SequencePoint vc="1" uspid="33532" ordinal="0" offset="186" sl="516" sc="9" el="516" ec="9" bec="0" bev="0" fileid="32">
                  <TrackedMethodRefs>
                    <TrackedMethodRef uid="1" vc="1" />
                  </TrackedMethodRefs>
                </SequencePoint>
                <SequencePoint vc="1" uspid="33533" ordinal="0" offset="213" sl="517" sc="5" el="517" ec="5" bec="0" bev="0" fileid="32">
                  <TrackedMethodRefs>
                    <TrackedMethodRef uid="1" vc="1" />
                  </TrackedMethodRefs>
                </SequencePoint>
              </SequencePoints>
              <BranchPoints />
            </Method>
          </Methods>
        </Class>
      </Classes>
      <TrackedMethods>
        <TrackedMethod uid="1" token="100663330" name="System.Void ResetMarkedCellsTests::ResetMarkedCells_CalledMultipleTimes_RemainsNull()" strategy="Test" />
      </TrackedMethods>
    </Module>
  </Modules>
</CoverageSession>