<?xml version="1.0" encoding="utf-8"?>
<CoverageSession xmlns:xsd="http://www.w3.org/2001/XMLSchema" xmlns:xsi="http://www.w3.org/2001/XMLSchema-instance" Version="0.0.0.0">
  <Summary numSequencePoints="50" visitedSequencePoints="34" numBranchPoints="0" visitedBranchPoints="0" sequenceCoverage="68.00" branchCoverage="0.0" maxCyclomaticComplexity="9" minCyclomaticComplexity="1" maxCrapScore="40.16" minCrapScore="1" visitedClasses="2" numClasses="2" visitedMethods="5" numMethods="5" />
  <Modules>
    <Module>
      <Summary numSequencePoints="35" visitedSequencePoints="19" numBranchPoints="0" visitedBranchPoints="0" sequenceCoverage="54.29" branchCoverage="0.0" maxCyclomaticComplexity="9" minCyclomaticComplexity="1" maxCrapScore="40.16" minCrapScore="1" visitedClasses="1" numClasses="1" visitedMethods="2" numMethods="2" />
      <ModuleTime>0001-01-01T00:00:00</ModuleTime>
      <ModuleName>Assets</ModuleName>
      <Files>
        <File uid="1" fullPath="E:/documents/Conway/Assets/BoardManager.cs" />
        <File uid="2" fullPath="E:/documents/Conway/Assets/CameraControl.cs" />
        <File uid="3" fullPath="E:/documents/Conway/Assets/Cell.cs" />
        <File uid="4" fullPath="E:/documents/Conway/Assets/ClearButtonScript.cs" />
        <File uid="5" fullPath="E:/documents/Conway/Assets/CloseButtonPanelButtonScript.cs" />
        <File uid="6" fullPath="E:/documents/Conway/Assets/CopyButtonScript.cs" />
        <File uid="7" fullPath="E:/documents/Conway/Assets/FillButtonScript.cs" />
        <File uid="8" fullPath="E:/documents/Conway/Assets/FPSCounter.cs" />
        <File uid="9" fullPath="E:/documents/Conway/Assets/GameManager.cs" />
        <File uid="10" fullPath="E:/documents/Conway/Assets/HelpButtonScript.cs" />
        <File uid="11" fullPath="E:/documents/Conway/Assets/LoadingScreen.cs" />
        <File uid="12" fullPath="E:/documents/Conway/Assets/NextButtonScript.cs" />
        <File uid="13" fullPath="E:/documents/Conway/Assets/OpenButtonPanelButtonScript.cs" />
        <File uid="14" fullPath="E:/documents/Conway/Assets/PasteButtonScript.cs" />
        <File uid="15" fullPath="E:/documents/Conway/Assets/PictureToStructureButton.cs" />
        <File uid="16" fullPath="E:/documents/Conway/Assets/QuitButtonScript.cs" />
        <File uid="17" fullPath="E:/documents/Conway/Assets/RandomButtonScript.cs" />
        <File uid="18" fullPath="E:/documents/Conway/Assets/RedoButtonScript.cs" />
        <File uid="19" fullPath="E:/documents/Conway/Assets/SelectButtonScript.cs" />
        <File uid="20" fullPath="E:/documents/Conway/Assets/SimulationButtonScript.cs" />
        <File uid="21" fullPath="E:/documents/Conway/Assets/StandaloneFileBrowser/Sample/BasicSample.cs" />
        <File uid="22" fullPath="E:/documents/Conway/Assets/StandaloneFileBrowser/Sample/CanvasSampleOpenFileImage.cs" />
        <File uid="23" fullPath="E:/documents/Conway/Assets/StandaloneFileBrowser/Sample/CanvasSampleOpenFileText.cs" />
        <File uid="24" fullPath="E:/documents/Conway/Assets/StandaloneFileBrowser/Sample/CanvasSampleOpenFileTextMultiple.cs" />
        <File uid="25" fullPath="E:/documents/Conway/Assets/StandaloneFileBrowser/Sample/CanvasSampleSaveFileImage.cs" />
        <File uid="26" fullPath="E:/documents/Conway/Assets/StandaloneFileBrowser/Sample/CanvasSampleSaveFileText.cs" />
        <File uid="27" fullPath="E:/documents/Conway/Assets/SubmitBoardSizeButton.cs" />
        <File uid="28" fullPath="E:/documents/Conway/Assets/UndoButtonScript.cs" />
        <File uid="29" fullPath="E:/documents/Conway/Assets/StandaloneFileBrowser/StandaloneFileBrowser.cs" />
        <File uid="30" fullPath="E:/documents/Conway/Assets/StandaloneFileBrowser/StandaloneFileBrowserEditor.cs" />
        <File uid="31" fullPath="E:/documents/Conway/Assets/StandaloneFileBrowser/StandaloneFileBrowserWindows.cs" />
      </Files>
      <Classes>
        <Class>
          <Summary numSequencePoints="35" visitedSequencePoints="19" numBranchPoints="0" visitedBranchPoints="0" sequenceCoverage="54.29" branchCoverage="0.0" maxCyclomaticComplexity="9" minCyclomaticComplexity="1" maxCrapScore="40.16" minCrapScore="1" visitedClasses="1" numClasses="1" visitedMethods="2" numMethods="2" />
          <FullName>GameManager</FullName>
          <Methods>
            <Method visited="true" cyclomaticComplexity="9" nPathComplexity="0" sequenceCoverage="27.27" branchCoverage="0" crapScore="40.16" isConstructor="false" isStatic="false" isGetter="false" isSetter="false">
              <Summary numSequencePoints="22" visitedSequencePoints="6" numBranchPoints="0" visitedBranchPoints="0" sequenceCoverage="27.27" branchCoverage="0" maxCyclomaticComplexity="9" minCyclomaticComplexity="9" maxCrapScore="40.16" minCrapScore="40.16" visitedClasses="0" numClasses="0" visitedMethods="1" numMethods="1" />
              <MetadataToken>100663351</MetadataToken>
              <Name>System.Void GameManager::RotateStructure()</Name>
              <FileRef uid="9" />
              <SequencePoints>
                <SequencePoint vc="1" uspid="61765" ordinal="0" offset="0" sl="329" sc="5" el="329" ec="5" bec="0" bev="0" fileid="9">
                  <TrackedMethodRefs>
                    <TrackedMethodRef uid="0" vc="1" />
                  </TrackedMethodRefs>
                </SequencePoint>
                <SequencePoint vc="1" uspid="61766" ordinal="0" offset="1" sl="330" sc="9" el="330" ec="9" bec="0" bev="0" fileid="9">
                  <TrackedMethodRefs>
                    <TrackedMethodRef uid="0" vc="1" />
                  </TrackedMethodRefs>
                </SequencePoint>
                <SequencePoint vc="0" uspid="61767" ordinal="0" offset="25" sl="331" sc="9" el="331" ec="9" bec="0" bev="0" fileid="9">
                  <TrackedMethodRefs>
                    <TrackedMethodRef uid="0" vc="0" />
                  </TrackedMethodRefs>
                </SequencePoint>
                <SequencePoint vc="0" uspid="61768" ordinal="0" offset="26" sl="332" sc="13" el="332" ec="13" bec="0" bev="0" fileid="9">
                  <TrackedMethodRefs>
                    <TrackedMethodRef uid="0" vc="0" />
                  </TrackedMethodRefs>
                </SequencePoint>
                <SequencePoint vc="0" uspid="61769" ordinal="0" offset="33" sl="333" sc="13" el="333" ec="13" bec="0" bev="0" fileid="9">
                  <TrackedMethodRefs>
                    <TrackedMethodRef uid="0" vc="0" />
                  </TrackedMethodRefs>
                </SequencePoint>
                <SequencePoint vc="0" uspid="61770" ordinal="0" offset="40" sl="334" sc="9" el="334" ec="9" bec="0" bev="0" fileid="9">
                  <TrackedMethodRefs>
                    <TrackedMethodRef uid="0" vc="0" />
                  </TrackedMethodRefs>
                </SequencePoint>
                <SequencePoint vc="1" uspid="61771" ordinal="0" offset="43" sl="335" sc="14" el="335" ec="14" bec="0" bev="0" fileid="9">
                  <TrackedMethodRefs>
                    <TrackedMethodRef uid="0" vc="1" />
                  </TrackedMethodRefs>
                </SequencePoint>
                <SequencePoint vc="0" uspid="61772" ordinal="0" offset="68" sl="336" sc="9" el="336" ec="9" bec="0" bev="0" fileid="9">
                  <TrackedMethodRefs>
                    <TrackedMethodRef uid="0" vc="0" />
                  </TrackedMethodRefs>
                </SequencePoint>
                <SequencePoint vc="0" uspid="61773" ordinal="0" offset="69" sl="337" sc="13" el="337" ec="13" bec="0" bev="0" fileid="9">
                  <TrackedMethodRefs>
                    <TrackedMethodRef uid="0" vc="0" />
                  </TrackedMethodRefs>
                </SequencePoint>
                <SequencePoint vc="0" uspid="61774" ordinal="0" offset="76" sl="338" sc="13" el="338" ec="13" bec="0" bev="0" fileid="9">
                  <TrackedMethodRefs>
                    <TrackedMethodRef uid="0" vc="0" />
                  </TrackedMethodRefs>
                </SequencePoint>
                <SequencePoint vc="0" uspid="61775" ordinal="0" offset="83" sl="339" sc="9" el="339" ec="9" bec="0" bev="0" fileid="9">
                  <TrackedMethodRefs>
                    <TrackedMethodRef uid="0" vc="0" />
                  </TrackedMethodRefs>
                </SequencePoint>
                <SequencePoint vc="1" uspid="61776" ordinal="0" offset="86" sl="340" sc="14" el="340" ec="14" bec="0" bev="0" fileid="9">
                  <TrackedMethodRefs>
                    <TrackedMethodRef uid="0" vc="1" />
                  </TrackedMethodRefs>
                </SequencePoint>
                <SequencePoint vc="0" uspid="61777" ordinal="0" offset="111" sl="341" sc="9" el="341" ec="9" bec="0" bev="0" fileid="9">
                  <TrackedMethodRefs>
                    <TrackedMethodRef uid="0" vc="0" />
                  </TrackedMethodRefs>
                </SequencePoint>
                <SequencePoint vc="0" uspid="61778" ordinal="0" offset="112" sl="342" sc="13" el="342" ec="13" bec="0" bev="0" fileid="9">
                  <TrackedMethodRefs>
                    <TrackedMethodRef uid="0" vc="0" />
                  </TrackedMethodRefs>
                </SequencePoint>
                <SequencePoint vc="0" uspid="61779" ordinal="0" offset="119" sl="343" sc="13" el="343" ec="13" bec="0" bev="0" fileid="9">
                  <TrackedMethodRefs>
                    <TrackedMethodRef uid="0" vc="0" />
                  </TrackedMethodRefs>
                </SequencePoint>
                <SequencePoint vc="0" uspid="61780" ordinal="0" offset="126" sl="344" sc="9" el="344" ec="9" bec="0" bev="0" fileid="9">
                  <TrackedMethodRefs>
                    <TrackedMethodRef uid="0" vc="0" />
                  </TrackedMethodRefs>
                </SequencePoint>
                <SequencePoint vc="1" uspid="61781" ordinal="0" offset="129" sl="345" sc="14" el="345" ec="14" bec="0" bev="0" fileid="9">
                  <TrackedMethodRefs>
                    <TrackedMethodRef uid="0" vc="1" />
                  </TrackedMethodRefs>
                </SequencePoint>
                <SequencePoint vc="0" uspid="61782" ordinal="0" offset="153" sl="346" sc="9" el="346" ec="9" bec="0" bev="0" fileid="9">
                  <TrackedMethodRefs>
                    <TrackedMethodRef uid="0" vc="0" />
                  </TrackedMethodRefs>
                </SequencePoint>
                <SequencePoint vc="0" uspid="61783" ordinal="0" offset="154" sl="347" sc="13" el="347" ec="13" bec="0" bev="0" fileid="9">
                  <TrackedMethodRefs>
                    <TrackedMethodRef uid="0" vc="0" />
                  </TrackedMethodRefs>
                </SequencePoint>
                <SequencePoint vc="0" uspid="61784" ordinal="0" offset="161" sl="348" sc="13" el="348" ec="13" bec="0" bev="0" fileid="9">
                  <TrackedMethodRefs>
                    <TrackedMethodRef uid="0" vc="0" />
                  </TrackedMethodRefs>
                </SequencePoint>
                <SequencePoint vc="0" uspid="61785" ordinal="0" offset="168" sl="349" sc="9" el="349" ec="9" bec="0" bev="0" fileid="9">
                  <TrackedMethodRefs>
                    <TrackedMethodRef uid="0" vc="0" />
                  </TrackedMethodRefs>
                </SequencePoint>
                <SequencePoint vc="1" uspid="61786" ordinal="0" offset="169" sl="350" sc="5" el="350" ec="5" bec="0" bev="0" fileid="9">
                  <TrackedMethodRefs>
                    <TrackedMethodRef uid="0" vc="1" />
                  </TrackedMethodRefs>
                </SequencePoint>
              </SequencePoints>
              <BranchPoints />
            </Method>
            <Method visited="true" cyclomaticComplexity="1" nPathComplexity="0" sequenceCoverage="100.0" branchCoverage="0" crapScore="1" isConstructor="true" isStatic="false" isGetter="false" isSetter="false">
              <Summary numSequencePoints="13" visitedSequencePoints="13" numBranchPoints="0" visitedBranchPoints="0" sequenceCoverage="100.0" branchCoverage="0" maxCyclomaticComplexity="1" minCyclomaticComplexity="1" maxCrapScore="1" minCrapScore="1" visitedClasses="0" numClasses="0" visitedMethods="1" numMethods="1" />
              <MetadataToken>100663363</MetadataToken>
              <Name>GameManager::GameManager()</Name>
              <FileRef uid="9" />
              <SequencePoints>
                <SequencePoint vc="1" uspid="62023" ordinal="0" offset="0" sl="12" sc="5" el="12" ec="5" bec="0" bev="0" fileid="9">
                  <TrackedMethodRefs>
                    <TrackedMethodRef uid="0" vc="1" />
                  </TrackedMethodRefs>
                </SequencePoint>
                <SequencePoint vc="1" uspid="62024" ordinal="0" offset="7" sl="19" sc="5" el="19" ec="5" bec="0" bev="0" fileid="9">
                  <TrackedMethodRefs>
                    <TrackedMethodRef uid="0" vc="1" />
                  </TrackedMethodRefs>
                </SequencePoint>
                <SequencePoint vc="1" uspid="62025" ordinal="0" offset="18" sl="21" sc="5" el="21" ec="5" bec="0" bev="0" fileid="9">
                  <TrackedMethodRefs>
                    <TrackedMethodRef uid="0" vc="1" />
                  </TrackedMethodRefs>
                </SequencePoint>
                <SequencePoint vc="1" uspid="62026" ordinal="0" offset="25" sl="22" sc="5" el="22" ec="5" bec="0" bev="0" fileid="9">
                  <TrackedMethodRefs>
                    <TrackedMethodRef uid="0" vc="1" />
                  </TrackedMethodRefs>
                </SequencePoint>
                <SequencePoint vc="1" uspid="62027" ordinal="0" offset="32" sl="24" sc="5" el="24" ec="5" bec="0" bev="0" fileid="9">
                  <TrackedMethodRefs>
                    <TrackedMethodRef uid="0" vc="1" />
                  </TrackedMethodRefs>
                </SequencePoint>
                <SequencePoint vc="1" uspid="62028" ordinal="0" offset="39" sl="25" sc="5" el="25" ec="5" bec="0" bev="0" fileid="9">
                  <TrackedMethodRefs>
                    <TrackedMethodRef uid="0" vc="1" />
                  </TrackedMethodRefs>
                </SequencePoint>
                <SequencePoint vc="1" uspid="62029" ordinal="0" offset="46" sl="27" sc="5" el="27" ec="5" bec="0" bev="0" fileid="9">
                  <TrackedMethodRefs>
                    <TrackedMethodRef uid="0" vc="1" />
                  </TrackedMethodRefs>
                </SequencePoint>
                <SequencePoint vc="1" uspid="62030" ordinal="0" offset="53" sl="29" sc="5" el="29" ec="5" bec="0" bev="0" fileid="9">
                  <TrackedMethodRefs>
                    <TrackedMethodRef uid="0" vc="1" />
                  </TrackedMethodRefs>
                </SequencePoint>
                <SequencePoint vc="1" uspid="62031" ordinal="0" offset="60" sl="31" sc="5" el="31" ec="5" bec="0" bev="0" fileid="9">
                  <TrackedMethodRefs>
                    <TrackedMethodRef uid="0" vc="1" />
                  </TrackedMethodRefs>
                </SequencePoint>
                <SequencePoint vc="1" uspid="62032" ordinal="0" offset="67" sl="33" sc="5" el="33" ec="5" bec="0" bev="0" fileid="9">
                  <TrackedMethodRefs>
                    <TrackedMethodRef uid="0" vc="1" />
                  </TrackedMethodRefs>
                </SequencePoint>
                <SequencePoint vc="1" uspid="62033" ordinal="0" offset="78" sl="34" sc="5" el="34" ec="5" bec="0" bev="0" fileid="9">
                  <TrackedMethodRefs>
                    <TrackedMethodRef uid="0" vc="1" />
                  </TrackedMethodRefs>
                </SequencePoint>
                <SequencePoint vc="1" uspid="62034" ordinal="0" offset="85" sl="40" sc="5" el="40" ec="5" bec="0" bev="0" fileid="9">
                  <TrackedMethodRefs>
                    <TrackedMethodRef uid="0" vc="1" />
                  </TrackedMethodRefs>
                </SequencePoint>
                <SequencePoint vc="1" uspid="62035" ordinal="0" offset="96" sl="41" sc="5" el="41" ec="5" bec="0" bev="0" fileid="9">
                  <TrackedMethodRefs>
                    <TrackedMethodRef uid="0" vc="1" />
                  </TrackedMethodRefs>
                </SequencePoint>
              </SequencePoints>
              <BranchPoints />
            </Method>
          </Methods>
        </Class>
      </Classes>
      <TrackedMethods>
        <TrackedMethod uid="0" token="100663305" name="System.Void RotateStructureTests::RotateStructure_NegativeValues_DoesNothing()" strategy="Test" />
      </TrackedMethods>
    </Module>
    <Module>
      <Summary numSequencePoints="15" visitedSequencePoints="15" numBranchPoints="0" visitedBranchPoints="0" sequenceCoverage="100.0" branchCoverage="0.0" maxCyclomaticComplexity="2" minCyclomaticComplexity="1" maxCrapScore="2" minCrapScore="1" visitedClasses="1" numClasses="1" visitedMethods="3" numMethods="3" />
      <ModuleTime>0001-01-01T00:00:00</ModuleTime>
      <ModuleName>Tests</ModuleName>
      <Files>
        <File uid="32" fullPath="E:/documents/Conway/Assets/Tests/NewTestScript.cs" />
      </Files>
      <Classes>
        <Class>
          <Summary numSequencePoints="15" visitedSequencePoints="15" numBranchPoints="0" visitedBranchPoints="0" sequenceCoverage="100.0" branchCoverage="0.0" maxCyclomaticComplexity="2" minCyclomaticComplexity="1" maxCrapScore="2" minCrapScore="1" visitedClasses="1" numClasses="1" visitedMethods="3" numMethods="3" />
          <FullName>RotateStructureTests</FullName>
          <Methods>
            <Method visited="true" cyclomaticComplexity="1" nPathComplexity="0" sequenceCoverage="100.0" branchCoverage="0" crapScore="1" isConstructor="false" isStatic="false" isGetter="false" isSetter="false">
              <Summary numSequencePoints="4" visitedSequencePoints="4" numBranchPoints="0" visitedBranchPoints="0" sequenceCoverage="100.0" branchCoverage="0" maxCyclomaticComplexity="1" minCyclomaticComplexity="1" maxCrapScore="1" minCrapScore="1" visitedClasses="0" numClasses="0" visitedMethods="1" numMethods="1" />
              <MetadataToken>100663297</MetadataToken>
              <Name>System.Void RotateStructureTests::Setup()</Name>
              <FileRef uid="32" />
              <SequencePoints>
                <SequencePoint vc="1" uspid="62783" ordinal="0" offset="0" sl="15" sc="5" el="15" ec="5" bec="0" bev="0" fileid="32">
                  <TrackedMethodRefs>
                    <TrackedMethodRef uid="1" vc="1" />
                  </TrackedMethodRefs>
                </SequencePoint>
                <SequencePoint vc="1" uspid="62784" ordinal="0" offset="1" sl="16" sc="9" el="16" ec="9" bec="0" bev="0" fileid="32">
                  <TrackedMethodRefs>
                    <TrackedMethodRef uid="1" vc="1" />
                  </TrackedMethodRefs>
                </SequencePoint>
                <SequencePoint vc="1" uspid="62785" ordinal="0" offset="12" sl="17" sc="9" el="17" ec="9" bec="0" bev="0" fileid="32">
                  <TrackedMethodRefs>
                    <TrackedMethodRef uid="1" vc="1" />
                  </TrackedMethodRefs>
                </SequencePoint>
                <SequencePoint vc="1" uspid="62786" ordinal="0" offset="29" sl="18" sc="5" el="18" ec="5" bec="0" bev="0" fileid="32">
                  <TrackedMethodRefs>
                    <TrackedMethodRef uid="1" vc="1" />
                  </TrackedMethodRefs>
                </SequencePoint>
              </SequencePoints>
              <BranchPoints />
            </Method>
            <Method visited="true" cyclomaticComplexity="2" nPathComplexity="0" sequenceCoverage="100.0" branchCoverage="0" crapScore="2" isConstructor="false" isStatic="false" isGetter="false" isSetter="false">
              <Summary numSequencePoints="4" visitedSequencePoints="4" numBranchPoints="0" visitedBranchPoints="0" sequenceCoverage="100.0" branchCoverage="0" maxCyclomaticComplexity="2" minCyclomaticComplexity="2" maxCrapScore="2" minCrapScore="2" visitedClasses="0" numClasses="0" visitedMethods="1" numMethods="1" />
              <MetadataToken>100663298</MetadataToken>
              <Name>System.Void RotateStructureTests::TearDown()</Name>
              <FileRef uid="32" />
              <SequencePoints>
                <SequencePoint vc="1" uspid="62787" ordinal="0" offset="0" sl="22" sc="5" el="22" ec="5" bec="0" bev="0" fileid="32">
                  <TrackedMethodRefs>
                    <TrackedMethodRef uid="1" vc="1" />
                  </TrackedMethodRefs>
                </SequencePoint>
                <SequencePoint vc="1" uspid="62788" ordinal="0" offset="1" sl="23" sc="9" el="23" ec="9" bec="0" bev="0" fileid="32">
                  <TrackedMethodRefs>
                    <TrackedMethodRef uid="1" vc="1" />
                  </TrackedMethodRefs>
                </SequencePoint>
                <SequencePoint vc="1" uspid="62789" ordinal="0" offset="17" sl="24" sc="13" el="24" ec="13" bec="0" bev="0" fileid="32">
                  <TrackedMethodRefs>
                    <TrackedMethodRef uid="1" vc="1" />
                  </TrackedMethodRefs>
                </SequencePoint>
                <SequencePoint vc="1" uspid="62790" ordinal="0" offset="29" sl="25" sc="5" el="25" ec="5" bec="0" bev="0" fileid="32">
                  <TrackedMethodRefs>
                    <TrackedMethodRef uid="1" vc="1" />
                  </TrackedMethodRefs>
                </SequencePoint>
              </SequencePoints>
              <BranchPoints />
            </Method>
            <Method visited="true" cyclomaticComplexity="1" nPathComplexity="0" sequenceCoverage="100.0" branchCoverage="0" crapScore="1" isConstructor="false" isStatic="false" isGetter="false" isSetter="false">
              <Summary numSequencePoints="7" visitedSequencePoints="7" numBranchPoints="0" visitedBranchPoints="0" sequenceCoverage="100.0" branchCoverage="0" maxCyclomaticComplexity="1" minCyclomaticComplexity="1" maxCrapScore="1" minCrapScore="1" visitedClasses="0" numClasses="0" visitedMethods="1" numMethods="1" />
              <MetadataToken>100663305</MetadataToken>
              <Name>System.Void RotateStructureTests::RotateStructure_NegativeValues_DoesNothing()</Name>
              <FileRef uid="32" />
              <SequencePoints>
                <SequencePoint vc="1" uspid="62836" ordinal="0" offset="0" sl="122" sc="5" el="122" ec="5" bec="0" bev="0" fileid="32">
                  <TrackedMethodRefs>
                    <TrackedMethodRef uid="1" vc="1" />
                  </TrackedMethodRefs>
                </SequencePoint>
                <SequencePoint vc="1" uspid="62837" ordinal="0" offset="1" sl="124" sc="9" el="124" ec="9" bec="0" bev="0" fileid="32">
                  <TrackedMethodRefs>
                    <TrackedMethodRef uid="1" vc="1" />
                  </TrackedMethodRefs>
                </SequencePoint>
                <SequencePoint vc="1" uspid="62838" ordinal="0" offset="13" sl="125" sc="9" el="125" ec="9" bec="0" bev="0" fileid="32">
                  <TrackedMethodRefs>
                    <TrackedMethodRef uid="1" vc="1" />
                  </TrackedMethodRefs>
                </SequencePoint>
                <SequencePoint vc="1" uspid="62839" ordinal="0" offset="25" sl="128" sc="9" el="128" ec="9" bec="0" bev="0" fileid="32">
                  <TrackedMethodRefs>
                    <TrackedMethodRef uid="1" vc="1" />
                  </TrackedMethodRefs>
                </SequencePoint>
                <SequencePoint vc="1" uspid="62840" ordinal="0" offset="37" sl="131" sc="9" el="131" ec="9" bec="0" bev="0" fileid="32">
                  <TrackedMethodRefs>
                    <TrackedMethodRef uid="1" vc="1" />
                  </TrackedMethodRefs>
                </SequencePoint>
                <SequencePoint vc="1" uspid="62841" ordinal="0" offset="75" sl="132" sc="9" el="132" ec="9" bec="0" bev="0" fileid="32">
                  <TrackedMethodRefs>
                    <TrackedMethodRef uid="1" vc="1" />
                  </TrackedMethodRefs>
                </SequencePoint>
                <SequencePoint vc="1" uspid="62842" ordinal="0" offset="113" sl="133" sc="5" el="133" ec="5" bec="0" bev="0" fileid="32">
                  <TrackedMethodRefs>
                    <TrackedMethodRef uid="1" vc="1" />
                  </TrackedMethodRefs>
                </SequencePoint>
              </SequencePoints>
              <BranchPoints />
            </Method>
          </Methods>
        </Class>
      </Classes>
      <TrackedMethods>
        <TrackedMethod uid="1" token="100663305" name="System.Void RotateStructureTests::RotateStructure_NegativeValues_DoesNothing()" strategy="Test" />
      </TrackedMethods>
    </Module>
  </Modules>
</CoverageSession>